{"/home/federodes/Workspace/veFarm/client/src/App.svelte": {"path":"/home/federodes/Workspace/veFarm/client/src/App.svelte","statementMap":{"0":{"start":{"line":116,"column":20},"end":{"line":116,"column":56}},"1":{"start":{"line":112,"column":16},"end":{"line":115,"column":null}},"2":{"start":{"line":116,"column":56},"end":{"line":116,"column":null}},"3":{"start":{"line":117,"column":17},"end":{"line":118,"column":17}},"4":{"start":{"line":104,"column":10},"end":{"line":133,"column":null}},"5":{"start":{"line":105,"column":12},"end":{"line":120,"column":null}},"6":{"start":{"line":109,"column":14},"end":{"line":111,"column":null}},"7":{"start":{"line":112,"column":14},"end":{"line":118,"column":null}},"8":{"start":{"line":115,"column":16},"end":{"line":117,"column":null}},"9":{"start":{"line":116,"column":54},"end":{"line":116,"column":56}},"10":{"start":{"line":119,"column":46},"end":{"line":119,"column":null}},"11":{"start":{"line":132,"column":46},"end":{"line":132,"column":null}},"12":{"start":{"line":129,"column":12},"end":{"line":131,"column":null}},"13":{"start":{"line":137,"column":10},"end":{"line":149,"column":null}},"14":{"start":{"line":146,"column":12},"end":{"line":148,"column":null}},"15":{"start":{"line":95,"column":13},"end":{"line":95,"column":null}},"16":{"start":{"line":99,"column":13},"end":{"line":99,"column":null}},"17":{"start":{"line":103,"column":13},"end":{"line":103,"column":null}},"18":{"start":{"line":136,"column":13},"end":{"line":136,"column":null}},"19":{"start":{"line":156,"column":9},"end":{"line":156,"column":null}},"20":{"start":{"line":152,"column":51},"end":{"line":152,"column":65}},"21":{"start":{"line":65,"column":2},"end":{"line":159,"column":null}},"22":{"start":{"line":66,"column":4},"end":{"line":154,"column":null}},"23":{"start":{"line":72,"column":6},"end":{"line":91,"column":null}},"24":{"start":{"line":73,"column":8},"end":{"line":73,"column":null}},"25":{"start":{"line":74,"column":8},"end":{"line":85,"column":null}},"26":{"start":{"line":86,"column":8},"end":{"line":90,"column":null}},"27":{"start":{"line":92,"column":6},"end":{"line":153,"column":null}},"28":{"start":{"line":152,"column":8},"end":{"line":152,"column":null}},"29":{"start":{"line":22,"column":19},"end":{"line":22,"column":null}},"30":{"start":{"line":60,"column":10},"end":{"line":60,"column":null}},"31":{"start":{"line":126,"column":16},"end":{"line":126,"column":null}},"32":{"start":{"line":143,"column":16},"end":{"line":143,"column":null}},"33":{"start":{"line":26,"column":6},"end":{"line":26,"column":null}},"34":{"start":{"line":28,"column":6},"end":{"line":28,"column":null}},"35":{"start":{"line":30,"column":6},"end":{"line":30,"column":null}},"36":{"start":{"line":37,"column":27},"end":{"line":37,"column":null}},"37":{"start":{"line":45,"column":12},"end":{"line":45,"column":null}},"38":{"start":{"line":47,"column":21},"end":{"line":47,"column":null}},"39":{"start":{"line":51,"column":16},"end":{"line":51,"column":null}},"40":{"start":{"line":52,"column":16},"end":{"line":52,"column":null}}},"fnMap":{},"branchMap":{"0":{"loc":{"start":{"line":116,"column":20},"end":{"line":116,"column":56}},"type":"if","locations":[{"start":{"line":116,"column":20},"end":{"line":116,"column":56}},{"start":{"line":116,"column":20},"end":{"line":116,"column":56}}]},"1":{"loc":{"start":{"line":116,"column":20},"end":{"line":116,"column":56}},"type":"binary-expr","locations":[{"start":{"line":116,"column":20},"end":{"line":116,"column":31}},{"start":{"line":116,"column":20},"end":{"line":116,"column":31}},{"start":{"line":116,"column":20},"end":{"line":116,"column":56}}]},"2":{"loc":{"start":{"line":119,"column":46},"end":{"line":119,"column":null}},"type":"if","locations":[{"start":{"line":119,"column":46},"end":{"line":119,"column":null}},{"start":{"line":119,"column":46},"end":{"line":119,"column":null}}]},"3":{"loc":{"start":{"line":132,"column":46},"end":{"line":132,"column":null}},"type":"if","locations":[{"start":{"line":132,"column":46},"end":{"line":132,"column":null}},{"start":{"line":132,"column":46},"end":{"line":132,"column":null}}]},"4":{"loc":{"start":{"line":95,"column":13},"end":{"line":95,"column":null}},"type":"binary-expr","locations":[{"start":{"line":95,"column":13},"end":{"line":95,"column":29}},{"start":{"line":95,"column":29},"end":{"line":95,"column":null}}]},"5":{"loc":{"start":{"line":99,"column":13},"end":{"line":99,"column":null}},"type":"binary-expr","locations":[{"start":{"line":99,"column":13},"end":{"line":99,"column":42}},{"start":{"line":99,"column":42},"end":{"line":99,"column":null}}]},"6":{"loc":{"start":{"line":103,"column":13},"end":{"line":103,"column":null}},"type":"binary-expr","locations":[{"start":{"line":103,"column":13},"end":{"line":103,"column":31}},{"start":{"line":103,"column":31},"end":{"line":103,"column":null}}]},"7":{"loc":{"start":{"line":136,"column":13},"end":{"line":136,"column":null}},"type":"binary-expr","locations":[{"start":{"line":136,"column":13},"end":{"line":136,"column":37}},{"start":{"line":136,"column":37},"end":{"line":136,"column":null}}]},"8":{"loc":{"start":{"line":156,"column":9},"end":{"line":156,"column":null}},"type":"binary-expr","locations":[{"start":{"line":156,"column":9},"end":{"line":156,"column":26}},{"start":{"line":156,"column":26},"end":{"line":156,"column":null}}]},"9":{"loc":{"start":{"line":27,"column":16},"end":{"line":27,"column":null}},"type":"binary-expr","locations":[{"start":{"line":27,"column":16},"end":{"line":27,"column":42}},{"start":{"line":27,"column":24},"end":{"line":27,"column":null}}]},"10":{"loc":{"start":{"line":29,"column":15},"end":{"line":29,"column":null}},"type":"binary-expr","locations":[{"start":{"line":29,"column":15},"end":{"line":29,"column":40}},{"start":{"line":29,"column":40},"end":{"line":29,"column":null}}]}},"s":{"0":0,"1":0,"2":0,"3":0,"4":0,"5":0,"6":0,"7":0,"8":0,"9":0,"10":0,"11":0,"12":0,"13":0,"14":0,"15":0,"16":0,"17":0,"18":0,"19":0,"20":0,"21":0,"22":0,"23":0,"24":0,"25":0,"26":0,"27":0,"28":0,"29":0,"30":0,"31":0,"32":0,"33":0,"34":0,"35":0,"36":0,"37":0,"38":0,"39":0,"40":0},"f":{},"b":{"0":[0,0],"1":[0,0,0],"2":[0,0],"3":[0,0],"4":[0,0],"5":[0,0],"6":[0,0],"7":[0,0],"8":[0,0],"9":[0,0],"10":[0,0]}}
,"/home/federodes/Workspace/veFarm/client/src/main.ts": {"path":"/home/federodes/Workspace/veFarm/client/src/main.ts","statementMap":{"0":{"start":{"line":4,"column":12},"end":{"line":6,"column":null}}},"fnMap":{},"branchMap":{},"s":{"0":0},"f":{},"b":{}}
,"/home/federodes/Workspace/veFarm/client/src/assets/ChevronDown.svelte": {"path":"/home/federodes/Workspace/veFarm/client/src/assets/ChevronDown.svelte","statementMap":{"0":{"start":{"line":1,"column":0},"end":{"line":14,"column":null}},"1":{"start":{"line":10,"column":2},"end":{"line":13,"column":null}}},"fnMap":{},"branchMap":{"0":{"loc":{"start":{"line":8,"column":6},"end":{"line":8,"column":null}},"type":"binary-expr","locations":[{"start":{"line":8,"column":6},"end":{"line":8,"column":13}},{"start":{"line":8,"column":6},"end":{"line":8,"column":null}}]}},"s":{"0":0,"1":0},"f":{},"b":{"0":[0,0]}}
,"/home/federodes/Workspace/veFarm/client/src/assets/Close.svelte": {"path":"/home/federodes/Workspace/veFarm/client/src/assets/Close.svelte","statementMap":{"0":{"start":{"line":1,"column":0},"end":{"line":13,"column":null}},"1":{"start":{"line":8,"column":2},"end":{"line":12,"column":null}},"2":{"start":{"line":14,"column":0},"end":{"line":14,"column":null}}},"fnMap":{},"branchMap":{"0":{"loc":{"start":{"line":6,"column":6},"end":{"line":6,"column":null}},"type":"binary-expr","locations":[{"start":{"line":6,"column":6},"end":{"line":6,"column":13}},{"start":{"line":6,"column":6},"end":{"line":6,"column":null}}]}},"s":{"0":0,"1":0,"2":0},"f":{},"b":{"0":[0,0]}}
,"/home/federodes/Workspace/veFarm/client/src/assets/QuestionMark.svelte": {"path":"/home/federodes/Workspace/veFarm/client/src/assets/QuestionMark.svelte","statementMap":{"0":{"start":{"line":1,"column":0},"end":{"line":13,"column":null}},"1":{"start":{"line":8,"column":2},"end":{"line":12,"column":null}},"2":{"start":{"line":14,"column":0},"end":{"line":14,"column":null}}},"fnMap":{},"branchMap":{"0":{"loc":{"start":{"line":6,"column":6},"end":{"line":6,"column":null}},"type":"binary-expr","locations":[{"start":{"line":6,"column":6},"end":{"line":6,"column":13}},{"start":{"line":6,"column":6},"end":{"line":6,"column":null}}]}},"s":{"0":0,"1":0,"2":0},"f":{},"b":{"0":[0,0]}}
,"/home/federodes/Workspace/veFarm/client/src/blockchain/connex-utils.ts": {"path":"/home/federodes/Workspace/veFarm/client/src/blockchain/connex-utils.ts","statementMap":{"0":{"start":{"line":30,"column":31},"end":{"line":30,"column":47}},"1":{"start":{"line":42,"column":4},"end":{"line":49,"column":null}},"2":{"start":{"line":43,"column":18},"end":{"line":46,"column":null}},"3":{"start":{"line":48,"column":6},"end":{"line":48,"column":null}},"4":{"start":{"line":62,"column":4},"end":{"line":69,"column":null}},"5":{"start":{"line":63,"column":21},"end":{"line":66,"column":null}},"6":{"start":{"line":68,"column":6},"end":{"line":68,"column":null}},"7":{"start":{"line":82,"column":4},"end":{"line":87,"column":null}},"8":{"start":{"line":83,"column":6},"end":{"line":86,"column":null}},"9":{"start":{"line":98,"column":31},"end":{"line":101,"column":null}},"10":{"start":{"line":103,"column":4},"end":{"line":122,"column":null}},"11":{"start":{"line":104,"column":6},"end":{"line":121,"column":null}},"12":{"start":{"line":105,"column":8},"end":{"line":116,"column":null}},"13":{"start":{"line":106,"column":10},"end":{"line":109,"column":null}},"14":{"start":{"line":111,"column":10},"end":{"line":114,"column":null}},"15":{"start":{"line":115,"column":10},"end":{"line":115,"column":null}},"16":{"start":{"line":117,"column":6},"end":{"line":121,"column":null}},"17":{"start":{"line":118,"column":8},"end":{"line":120,"column":null}},"18":{"start":{"line":124,"column":4},"end":{"line":124,"column":null}},"19":{"start":{"line":133,"column":25},"end":{"line":136,"column":null}},"20":{"start":{"line":138,"column":30},"end":{"line":145,"column":null}},"21":{"start":{"line":147,"column":4},"end":{"line":147,"column":null}},"22":{"start":{"line":162,"column":4},"end":{"line":168,"column":null}},"23":{"start":{"line":184,"column":19},"end":{"line":184,"column":null}},"24":{"start":{"line":186,"column":4},"end":{"line":202,"column":null}},"25":{"start":{"line":186,"column":17},"end":{"line":186,"column":22}},"26":{"start":{"line":187,"column":6},"end":{"line":189,"column":null}},"27":{"start":{"line":188,"column":8},"end":{"line":188,"column":null}},"28":{"start":{"line":191,"column":6},"end":{"line":191,"column":null}},"29":{"start":{"line":193,"column":22},"end":{"line":193,"column":null}},"30":{"start":{"line":195,"column":6},"end":{"line":197,"column":null}},"31":{"start":{"line":196,"column":8},"end":{"line":196,"column":null}},"32":{"start":{"line":199,"column":6},"end":{"line":201,"column":null}},"33":{"start":{"line":200,"column":8},"end":{"line":200,"column":null}},"34":{"start":{"line":210,"column":4},"end":{"line":210,"column":null}},"35":{"start":{"line":218,"column":25},"end":{"line":218,"column":null}},"36":{"start":{"line":220,"column":4},"end":{"line":222,"column":null}},"37":{"start":{"line":221,"column":6},"end":{"line":221,"column":null}},"38":{"start":{"line":224,"column":4},"end":{"line":224,"column":null}},"39":{"start":{"line":233,"column":4},"end":{"line":233,"column":null}},"40":{"start":{"line":242,"column":32},"end":{"line":242,"column":null}},"41":{"start":{"line":244,"column":4},"end":{"line":247,"column":null}},"42":{"start":{"line":257,"column":21},"end":{"line":261,"column":null}},"43":{"start":{"line":263,"column":20},"end":{"line":266,"column":null}},"44":{"start":{"line":268,"column":4},"end":{"line":268,"column":null}},"45":{"start":{"line":279,"column":20},"end":{"line":279,"column":null}},"46":{"start":{"line":281,"column":4},"end":{"line":283,"column":null}},"47":{"start":{"line":282,"column":6},"end":{"line":282,"column":null}},"48":{"start":{"line":290,"column":20},"end":{"line":290,"column":null}},"49":{"start":{"line":291,"column":18},"end":{"line":291,"column":null}},"50":{"start":{"line":291,"column":50},"end":{"line":291,"column":72}},"51":{"start":{"line":293,"column":25},"end":{"line":295,"column":null}},"52":{"start":{"line":298,"column":19},"end":{"line":298,"column":null}},"53":{"start":{"line":300,"column":4},"end":{"line":300,"column":null}},"54":{"start":{"line":316,"column":4},"end":{"line":320,"column":null}}},"fnMap":{"0":{"name":"(anonymous_0)","decl":{"start":{"line":30,"column":2},"end":{"line":30,"column":31}},"loc":{"start":{"line":30,"column":47},"end":{"line":30,"column":null}}},"1":{"name":"(anonymous_1)","decl":{"start":{"line":38,"column":10},"end":{"line":38,"column":null}},"loc":{"start":{"line":41,"column":60},"end":{"line":50,"column":null}}},"2":{"name":"(anonymous_2)","decl":{"start":{"line":42,"column":11},"end":{"line":42,"column":18}},"loc":{"start":{"line":42,"column":34},"end":{"line":49,"column":null}}},"3":{"name":"(anonymous_3)","decl":{"start":{"line":58,"column":10},"end":{"line":58,"column":null}},"loc":{"start":{"line":61,"column":73},"end":{"line":70,"column":null}}},"4":{"name":"(anonymous_4)","decl":{"start":{"line":62,"column":11},"end":{"line":62,"column":18}},"loc":{"start":{"line":62,"column":51},"end":{"line":69,"column":null}}},"5":{"name":"(anonymous_5)","decl":{"start":{"line":78,"column":2},"end":{"line":78,"column":null}},"loc":{"start":{"line":81,"column":39},"end":{"line":88,"column":null}}},"6":{"name":"(anonymous_6)","decl":{"start":{"line":82,"column":11},"end":{"line":82,"column":12}},"loc":{"start":{"line":82,"column":28},"end":{"line":87,"column":null}}},"7":{"name":"(anonymous_7)","decl":{"start":{"line":97,"column":2},"end":{"line":97,"column":14}},"loc":{"start":{"line":97,"column":58},"end":{"line":125,"column":null}}},"8":{"name":"(anonymous_8)","decl":{"start":{"line":132,"column":2},"end":{"line":132,"column":8}},"loc":{"start":{"line":132,"column":75},"end":{"line":148,"column":null}}},"9":{"name":"(anonymous_9)","decl":{"start":{"line":157,"column":2},"end":{"line":157,"column":8}},"loc":{"start":{"line":161,"column":39},"end":{"line":170,"column":null}}},"10":{"name":"(anonymous_10)","decl":{"start":{"line":180,"column":2},"end":{"line":180,"column":8}},"loc":{"start":{"line":183,"column":46},"end":{"line":203,"column":null}}},"11":{"name":"(anonymous_11)","decl":{"start":{"line":209,"column":2},"end":{"line":209,"column":31}},"loc":{"start":{"line":209,"column":31},"end":{"line":211,"column":null}}},"12":{"name":"(anonymous_12)","decl":{"start":{"line":217,"column":2},"end":{"line":217,"column":8}},"loc":{"start":{"line":217,"column":54},"end":{"line":225,"column":null}}},"13":{"name":"(anonymous_13)","decl":{"start":{"line":232,"column":2},"end":{"line":232,"column":8}},"loc":{"start":{"line":232,"column":78},"end":{"line":234,"column":null}}},"14":{"name":"(anonymous_14)","decl":{"start":{"line":241,"column":2},"end":{"line":241,"column":8}},"loc":{"start":{"line":241,"column":57},"end":{"line":248,"column":null}}},"15":{"name":"(anonymous_15)","decl":{"start":{"line":255,"column":2},"end":{"line":255,"column":8}},"loc":{"start":{"line":255,"column":48},"end":{"line":269,"column":null}}},"16":{"name":"(anonymous_16)","decl":{"start":{"line":275,"column":2},"end":{"line":275,"column":8}},"loc":{"start":{"line":278,"column":21},"end":{"line":301,"column":null}}},"17":{"name":"(anonymous_17)","decl":{"start":{"line":291,"column":33},"end":{"line":291,"column":34}},"loc":{"start":{"line":291,"column":50},"end":{"line":291,"column":72}}},"18":{"name":"(anonymous_18)","decl":{"start":{"line":311,"column":2},"end":{"line":311,"column":null}},"loc":{"start":{"line":315,"column":15},"end":{"line":321,"column":null}}}},"branchMap":{"0":{"loc":{"start":{"line":104,"column":6},"end":{"line":121,"column":null}},"type":"if","locations":[{"start":{"line":104,"column":6},"end":{"line":121,"column":null}},{"start":{"line":117,"column":6},"end":{"line":121,"column":null}}]},"1":{"loc":{"start":{"line":104,"column":10},"end":{"line":104,"column":57}},"type":"binary-expr","locations":[{"start":{"line":104,"column":10},"end":{"line":104,"column":31}},{"start":{"line":104,"column":31},"end":{"line":104,"column":57}}]},"2":{"loc":{"start":{"line":105,"column":8},"end":{"line":116,"column":null}},"type":"if","locations":[{"start":{"line":105,"column":8},"end":{"line":116,"column":null}},{"start":{"line":110,"column":15},"end":{"line":116,"column":null}}]},"3":{"loc":{"start":{"line":117,"column":6},"end":{"line":121,"column":null}},"type":"if","locations":[{"start":{"line":117,"column":6},"end":{"line":121,"column":null}},{"start":{"line":117,"column":6},"end":{"line":121,"column":null}}]},"4":{"loc":{"start":{"line":117,"column":17},"end":{"line":117,"column":61}},"type":"binary-expr","locations":[{"start":{"line":117,"column":17},"end":{"line":117,"column":38}},{"start":{"line":117,"column":38},"end":{"line":117,"column":61}}]},"5":{"loc":{"start":{"line":160,"column":4},"end":{"line":160,"column":null}},"type":"default-arg","locations":[{"start":{"line":160,"column":14},"end":{"line":160,"column":null}}]},"6":{"loc":{"start":{"line":182,"column":4},"end":{"line":182,"column":null}},"type":"default-arg","locations":[{"start":{"line":182,"column":17},"end":{"line":182,"column":null}}]},"7":{"loc":{"start":{"line":187,"column":6},"end":{"line":189,"column":null}},"type":"if","locations":[{"start":{"line":187,"column":6},"end":{"line":189,"column":null}},{"start":{"line":187,"column":6},"end":{"line":189,"column":null}}]},"8":{"loc":{"start":{"line":195,"column":6},"end":{"line":197,"column":null}},"type":"if","locations":[{"start":{"line":195,"column":6},"end":{"line":197,"column":null}},{"start":{"line":195,"column":6},"end":{"line":197,"column":null}}]},"9":{"loc":{"start":{"line":199,"column":6},"end":{"line":201,"column":null}},"type":"if","locations":[{"start":{"line":199,"column":6},"end":{"line":201,"column":null}},{"start":{"line":199,"column":6},"end":{"line":201,"column":null}}]},"10":{"loc":{"start":{"line":220,"column":4},"end":{"line":222,"column":null}},"type":"if","locations":[{"start":{"line":220,"column":4},"end":{"line":222,"column":null}},{"start":{"line":220,"column":4},"end":{"line":222,"column":null}}]},"11":{"loc":{"start":{"line":281,"column":4},"end":{"line":283,"column":null}},"type":"if","locations":[{"start":{"line":281,"column":4},"end":{"line":283,"column":null}},{"start":{"line":281,"column":4},"end":{"line":283,"column":null}}]},"12":{"loc":{"start":{"line":298,"column":19},"end":{"line":298,"column":null}},"type":"cond-expr","locations":[{"start":{"line":298,"column":31},"end":{"line":298,"column":39}},{"start":{"line":298,"column":39},"end":{"line":298,"column":null}}]}},"s":{"0":0,"1":0,"2":0,"3":0,"4":0,"5":0,"6":0,"7":0,"8":0,"9":0,"10":0,"11":0,"12":0,"13":0,"14":0,"15":0,"16":0,"17":0,"18":0,"19":0,"20":0,"21":0,"22":0,"23":0,"24":0,"25":0,"26":0,"27":0,"28":0,"29":0,"30":0,"31":0,"32":0,"33":0,"34":0,"35":0,"36":0,"37":0,"38":0,"39":0,"40":0,"41":0,"42":0,"43":0,"44":0,"45":0,"46":0,"47":0,"48":0,"49":0,"50":0,"51":0,"52":0,"53":0,"54":0},"f":{"0":0,"1":0,"2":0,"3":0,"4":0,"5":0,"6":0,"7":0,"8":0,"9":0,"10":0,"11":0,"12":0,"13":0,"14":0,"15":0,"16":0,"17":0,"18":0},"b":{"0":[0,0],"1":[0,0],"2":[0,0],"3":[0,0],"4":[0,0],"5":[0],"6":[0],"7":[0,0],"8":[0,0],"9":[0,0],"10":[0,0],"11":[0,0],"12":[0,0]}}
,"/home/federodes/Workspace/veFarm/client/src/components/button/Button.stories.svelte": {"path":"/home/federodes/Workspace/veFarm/client/src/components/button/Button.stories.svelte","statementMap":{"0":{"start":{"line":9,"column":20},"end":{"line":9,"column":null}},"1":{"start":{"line":9,"column":14},"end":{"line":9,"column":20}}},"fnMap":{},"branchMap":{"0":{"loc":{"start":{"line":9,"column":14},"end":{"line":9,"column":20}},"type":"cond-expr","locations":[{"start":{"line":9,"column":14},"end":{"line":9,"column":20}}]}},"s":{"0":0,"1":0},"f":{},"b":{"0":[0]}}
,"/home/federodes/Workspace/veFarm/client/src/components/button/Button.svelte": {"path":"/home/federodes/Workspace/veFarm/client/src/components/button/Button.svelte","statementMap":{"0":{"start":{"line":93,"column":7},"end":{"line":93,"column":null}},"1":{"start":{"line":80,"column":0},"end":{"line":95,"column":null}},"2":{"start":{"line":14,"column":52},"end":{"line":14,"column":null}},"3":{"start":{"line":15,"column":48},"end":{"line":15,"column":null}},"4":{"start":{"line":16,"column":58},"end":{"line":16,"column":null}},"5":{"start":{"line":17,"column":56},"end":{"line":17,"column":null}},"6":{"start":{"line":18,"column":32},"end":{"line":18,"column":null}}},"fnMap":{},"branchMap":{"0":{"loc":{"start":{"line":93,"column":7},"end":{"line":93,"column":null}},"type":"binary-expr","locations":[{"start":{"line":93,"column":7},"end":{"line":93,"column":null}},{"start":{"line":93,"column":14},"end":{"line":93,"column":null}}]},"1":{"loc":{"start":{"line":84,"column":6},"end":{"line":84,"column":null}},"type":"binary-expr","locations":[{"start":{"line":84,"column":6},"end":{"line":84,"column":17}},{"start":{"line":84,"column":6},"end":{"line":84,"column":null}}]},"2":{"loc":{"start":{"line":85,"column":9},"end":{"line":85,"column":23}},"type":"binary-expr","locations":[{"start":{"line":85,"column":9},"end":{"line":85,"column":23}},{"start":{"line":85,"column":9},"end":{"line":85,"column":23}}]},"3":{"loc":{"start":{"line":14,"column":13},"end":{"line":14,"column":null}},"type":"default-arg","locations":[{"start":{"line":14,"column":52},"end":{"line":14,"column":null}}]},"4":{"loc":{"start":{"line":15,"column":13},"end":{"line":15,"column":null}},"type":"default-arg","locations":[{"start":{"line":15,"column":48},"end":{"line":15,"column":null}}]},"5":{"loc":{"start":{"line":16,"column":13},"end":{"line":16,"column":null}},"type":"default-arg","locations":[{"start":{"line":16,"column":58},"end":{"line":16,"column":null}}]},"6":{"loc":{"start":{"line":17,"column":13},"end":{"line":17,"column":null}},"type":"default-arg","locations":[{"start":{"line":17,"column":56},"end":{"line":17,"column":null}}]},"7":{"loc":{"start":{"line":18,"column":13},"end":{"line":18,"column":null}},"type":"default-arg","locations":[{"start":{"line":18,"column":32},"end":{"line":18,"column":null}}]}},"s":{"0":0,"1":0,"2":0,"3":0,"4":0,"5":0,"6":0},"f":{},"b":{"0":[0,0],"1":[0,0],"2":[0,0],"3":[0],"4":[0],"5":[0],"6":[0],"7":[0]}}
,"/home/federodes/Workspace/veFarm/client/src/components/config-form/ConfigForm.stories.svelte": {"path":"/home/federodes/Workspace/veFarm/client/src/components/config-form/ConfigForm.stories.svelte","statementMap":{"0":{"start":{"line":9,"column":2},"end":{"line":11,"column":null}}},"fnMap":{},"branchMap":{},"s":{"0":0},"f":{},"b":{}}
,"/home/federodes/Workspace/veFarm/client/src/components/config-form/ConfigForm.svelte": {"path":"/home/federodes/Workspace/veFarm/client/src/components/config-form/ConfigForm.svelte","statementMap":{"0":{"start":{"line":190,"column":36},"end":{"line":190,"column":null}},"1":{"start":{"line":201,"column":16},"end":{"line":201,"column":null}},"2":{"start":{"line":202,"column":15},"end":{"line":202,"column":null}},"3":{"start":{"line":205,"column":4},"end":{"line":207,"column":null}},"4":{"start":{"line":214,"column":16},"end":{"line":214,"column":null}},"5":{"start":{"line":215,"column":15},"end":{"line":215,"column":null}},"6":{"start":{"line":218,"column":4},"end":{"line":220,"column":null}},"7":{"start":{"line":224,"column":35},"end":{"line":224,"column":52}},"8":{"start":{"line":224,"column":27},"end":{"line":224,"column":35}},"9":{"start":{"line":224,"column":4},"end":{"line":224,"column":null}},"10":{"start":{"line":224,"column":48},"end":{"line":224,"column":52}},"11":{"start":{"line":227,"column":35},"end":{"line":227,"column":52}},"12":{"start":{"line":227,"column":27},"end":{"line":227,"column":35}},"13":{"start":{"line":227,"column":4},"end":{"line":227,"column":null}},"14":{"start":{"line":227,"column":48},"end":{"line":227,"column":52}},"15":{"start":{"line":231,"column":14},"end":{"line":231,"column":null}},"16":{"start":{"line":230,"column":50},"end":{"line":231,"column":14}},"17":{"start":{"line":230,"column":4},"end":{"line":232,"column":null}},"18":{"start":{"line":231,"column":30},"end":{"line":231,"column":null}},"19":{"start":{"line":180,"column":16},"end":{"line":180,"column":null}},"20":{"start":{"line":189,"column":8},"end":{"line":189,"column":null}},"21":{"start":{"line":193,"column":7},"end":{"line":193,"column":null}},"22":{"start":{"line":197,"column":7},"end":{"line":197,"column":null}},"23":{"start":{"line":210,"column":7},"end":{"line":210,"column":null}},"24":{"start":{"line":223,"column":7},"end":{"line":223,"column":null}},"25":{"start":{"line":226,"column":7},"end":{"line":226,"column":null}},"26":{"start":{"line":229,"column":7},"end":{"line":229,"column":null}},"27":{"start":{"line":165,"column":0},"end":{"line":234,"column":null}},"28":{"start":{"line":165,"column":32},"end":{"line":165,"column":null}},"29":{"start":{"line":170,"column":17},"end":{"line":170,"column":null}},"30":{"start":{"line":175,"column":6},"end":{"line":175,"column":null}},"31":{"start":{"line":178,"column":14},"end":{"line":178,"column":null}},"32":{"start":{"line":179,"column":11},"end":{"line":179,"column":null}},"33":{"start":{"line":20,"column":13},"end":{"line":20,"column":null}},"34":{"start":{"line":26,"column":17},"end":{"line":26,"column":null}},"35":{"start":{"line":28,"column":6},"end":{"line":30,"column":null}},"36":{"start":{"line":33,"column":23},"end":{"line":33,"column":null}},"37":{"start":{"line":35,"column":16},"end":{"line":35,"column":null}},"38":{"start":{"line":37,"column":26},"end":{"line":37,"column":null}},"39":{"start":{"line":45,"column":6},"end":{"line":45,"column":null}},"40":{"start":{"line":53,"column":4},"end":{"line":53,"column":null}},"41":{"start":{"line":61,"column":10},"end":{"line":63,"column":null}},"42":{"start":{"line":68,"column":6},"end":{"line":68,"column":null}},"43":{"start":{"line":71,"column":6},"end":{"line":71,"column":null}},"44":{"start":{"line":73,"column":6},"end":{"line":73,"column":null}},"45":{"start":{"line":75,"column":6},"end":{"line":75,"column":null}},"46":{"start":{"line":81,"column":11},"end":{"line":81,"column":null}},"47":{"start":{"line":88,"column":4},"end":{"line":88,"column":null}},"48":{"start":{"line":92,"column":6},"end":{"line":92,"column":null}},"49":{"start":{"line":95,"column":18},"end":{"line":95,"column":null}},"50":{"start":{"line":99,"column":8},"end":{"line":99,"column":null}},"51":{"start":{"line":100,"column":8},"end":{"line":100,"column":null}},"52":{"start":{"line":104,"column":12},"end":{"line":104,"column":null}},"53":{"start":{"line":105,"column":12},"end":{"line":105,"column":null}},"54":{"start":{"line":109,"column":8},"end":{"line":110,"column":null}},"55":{"start":{"line":113,"column":8},"end":{"line":113,"column":null}},"56":{"start":{"line":117,"column":8},"end":{"line":117,"column":null}},"57":{"start":{"line":119,"column":8},"end":{"line":120,"column":null}},"58":{"start":{"line":124,"column":12},"end":{"line":127,"column":null}},"59":{"start":{"line":129,"column":12},"end":{"line":129,"column":null}},"60":{"start":{"line":130,"column":12},"end":{"line":130,"column":null}},"61":{"start":{"line":131,"column":12},"end":{"line":131,"column":null}},"62":{"start":{"line":134,"column":6},"end":{"line":134,"column":null}},"63":{"start":{"line":135,"column":6},"end":{"line":135,"column":null}},"64":{"start":{"line":137,"column":6},"end":{"line":137,"column":null}},"65":{"start":{"line":156,"column":29},"end":{"line":156,"column":null}},"66":{"start":{"line":160,"column":34},"end":{"line":160,"column":null}},"67":{"start":{"line":182,"column":6},"end":{"line":182,"column":null}},"68":{"start":{"line":144,"column":6},"end":{"line":144,"column":null}},"69":{"start":{"line":145,"column":6},"end":{"line":145,"column":null}},"70":{"start":{"line":150,"column":2},"end":{"line":150,"column":null}},"71":{"start":{"line":152,"column":2},"end":{"line":154,"column":null}},"72":{"start":{"line":158,"column":2},"end":{"line":158,"column":null}},"73":{"start":{"line":162,"column":2},"end":{"line":162,"column":null}}},"fnMap":{},"branchMap":{"0":{"loc":{"start":{"line":190,"column":36},"end":{"line":190,"column":null}},"type":"if","locations":[{"start":{"line":190,"column":36},"end":{"line":190,"column":null}},{"start":{"line":190,"column":36},"end":{"line":190,"column":null}}]},"1":{"loc":{"start":{"line":201,"column":16},"end":{"line":201,"column":null}},"type":"binary-expr","locations":[{"start":{"line":201,"column":16},"end":{"line":201,"column":28}},{"start":{"line":201,"column":28},"end":{"line":201,"column":null}}]},"2":{"loc":{"start":{"line":201,"column":16},"end":{"line":201,"column":null}},"type":"if","locations":[{"start":{"line":201,"column":16},"end":{"line":201,"column":null}},{"start":{"line":201,"column":16},"end":{"line":201,"column":null}}]},"3":{"loc":{"start":{"line":202,"column":15},"end":{"line":202,"column":null}},"type":"if","locations":[{"start":{"line":202,"column":15},"end":{"line":202,"column":null}},{"start":{"line":202,"column":15},"end":{"line":202,"column":null}}]},"4":{"loc":{"start":{"line":214,"column":16},"end":{"line":214,"column":null}},"type":"binary-expr","locations":[{"start":{"line":214,"column":16},"end":{"line":214,"column":28}},{"start":{"line":214,"column":28},"end":{"line":214,"column":43}},{"start":{"line":214,"column":43},"end":{"line":214,"column":null}}]},"5":{"loc":{"start":{"line":214,"column":16},"end":{"line":214,"column":null}},"type":"if","locations":[{"start":{"line":214,"column":16},"end":{"line":214,"column":null}},{"start":{"line":214,"column":16},"end":{"line":214,"column":null}}]},"6":{"loc":{"start":{"line":215,"column":15},"end":{"line":215,"column":null}},"type":"if","locations":[{"start":{"line":215,"column":15},"end":{"line":215,"column":null}},{"start":{"line":215,"column":15},"end":{"line":215,"column":null}}]},"7":{"loc":{"start":{"line":224,"column":35},"end":{"line":224,"column":52}},"type":"if","locations":[{"start":{"line":224,"column":35},"end":{"line":224,"column":52}},{"start":{"line":224,"column":35},"end":{"line":224,"column":52}}]},"8":{"loc":{"start":{"line":224,"column":35},"end":{"line":224,"column":52}},"type":"binary-expr","locations":[{"start":{"line":224,"column":35},"end":{"line":224,"column":42}},{"start":{"line":224,"column":35},"end":{"line":224,"column":52}}]},"9":{"loc":{"start":{"line":227,"column":35},"end":{"line":227,"column":52}},"type":"if","locations":[{"start":{"line":227,"column":35},"end":{"line":227,"column":52}},{"start":{"line":227,"column":35},"end":{"line":227,"column":52}}]},"10":{"loc":{"start":{"line":227,"column":35},"end":{"line":227,"column":52}},"type":"binary-expr","locations":[{"start":{"line":227,"column":35},"end":{"line":227,"column":42}},{"start":{"line":227,"column":35},"end":{"line":227,"column":52}}]},"11":{"loc":{"start":{"line":231,"column":14},"end":{"line":231,"column":null}},"type":"if","locations":[{"start":{"line":231,"column":14},"end":{"line":231,"column":null}},{"start":{"line":231,"column":14},"end":{"line":231,"column":null}}]},"12":{"loc":{"start":{"line":231,"column":14},"end":{"line":231,"column":null}},"type":"binary-expr","locations":[{"start":{"line":231,"column":14},"end":{"line":231,"column":20}},{"start":{"line":231,"column":14},"end":{"line":231,"column":null}}]},"13":{"loc":{"start":{"line":175,"column":6},"end":{"line":175,"column":75}},"type":"cond-expr","locations":[{"start":{"line":175,"column":33},"end":{"line":175,"column":73}},{"start":{"line":175,"column":73},"end":{"line":175,"column":75}}]},"14":{"loc":{"start":{"line":178,"column":14},"end":{"line":178,"column":44}},"type":"binary-expr","locations":[{"start":{"line":178,"column":14},"end":{"line":178,"column":27}},{"start":{"line":178,"column":22},"end":{"line":178,"column":44}}]},"15":{"loc":{"start":{"line":189,"column":8},"end":{"line":189,"column":null}},"type":"binary-expr","locations":[{"start":{"line":189,"column":8},"end":{"line":189,"column":null}},{"start":{"line":189,"column":19},"end":{"line":189,"column":null}}]},"16":{"loc":{"start":{"line":193,"column":7},"end":{"line":193,"column":null}},"type":"binary-expr","locations":[{"start":{"line":193,"column":7},"end":{"line":193,"column":26}},{"start":{"line":193,"column":26},"end":{"line":193,"column":null}}]},"17":{"loc":{"start":{"line":197,"column":7},"end":{"line":197,"column":null}},"type":"binary-expr","locations":[{"start":{"line":197,"column":7},"end":{"line":197,"column":39}},{"start":{"line":197,"column":39},"end":{"line":197,"column":null}}]},"18":{"loc":{"start":{"line":210,"column":7},"end":{"line":210,"column":null}},"type":"binary-expr","locations":[{"start":{"line":210,"column":7},"end":{"line":210,"column":34}},{"start":{"line":210,"column":34},"end":{"line":210,"column":null}}]},"19":{"loc":{"start":{"line":223,"column":7},"end":{"line":223,"column":null}},"type":"binary-expr","locations":[{"start":{"line":223,"column":7},"end":{"line":223,"column":28}},{"start":{"line":223,"column":32},"end":{"line":223,"column":56}},{"start":{"line":223,"column":56},"end":{"line":223,"column":null}}]},"20":{"loc":{"start":{"line":226,"column":7},"end":{"line":226,"column":null}},"type":"binary-expr","locations":[{"start":{"line":226,"column":7},"end":{"line":226,"column":28}},{"start":{"line":226,"column":32},"end":{"line":226,"column":56}},{"start":{"line":226,"column":56},"end":{"line":226,"column":null}}]},"21":{"loc":{"start":{"line":229,"column":7},"end":{"line":229,"column":null}},"type":"binary-expr","locations":[{"start":{"line":229,"column":7},"end":{"line":229,"column":29}},{"start":{"line":229,"column":33},"end":{"line":229,"column":58}},{"start":{"line":229,"column":58},"end":{"line":229,"column":null}}]},"22":{"loc":{"start":{"line":170,"column":17},"end":{"line":170,"column":null}},"type":"if","locations":[{"start":{"line":170,"column":17},"end":{"line":170,"column":null}},{"start":{"line":170,"column":17},"end":{"line":170,"column":null}}]},"23":{"loc":{"start":{"line":175,"column":6},"end":{"line":175,"column":null}},"type":"if","locations":[{"start":{"line":175,"column":6},"end":{"line":175,"column":null}},{"start":{"line":175,"column":6},"end":{"line":175,"column":null}}]},"24":{"loc":{"start":{"line":178,"column":14},"end":{"line":178,"column":null}},"type":"if","locations":[{"start":{"line":178,"column":14},"end":{"line":178,"column":null}},{"start":{"line":178,"column":14},"end":{"line":178,"column":null}}]},"25":{"loc":{"start":{"line":179,"column":11},"end":{"line":179,"column":null}},"type":"if","locations":[{"start":{"line":179,"column":11},"end":{"line":179,"column":null}},{"start":{"line":179,"column":11},"end":{"line":179,"column":null}}]},"26":{"loc":{"start":{"line":223,"column":7},"end":{"line":223,"column":56}},"type":"binary-expr","locations":[{"start":{"line":223,"column":7},"end":{"line":223,"column":28}},{"start":{"line":223,"column":32},"end":{"line":223,"column":56}}]},"27":{"loc":{"start":{"line":226,"column":7},"end":{"line":226,"column":56}},"type":"binary-expr","locations":[{"start":{"line":226,"column":7},"end":{"line":226,"column":28}},{"start":{"line":226,"column":32},"end":{"line":226,"column":56}}]},"28":{"loc":{"start":{"line":229,"column":7},"end":{"line":229,"column":58}},"type":"binary-expr","locations":[{"start":{"line":229,"column":7},"end":{"line":229,"column":29}},{"start":{"line":229,"column":33},"end":{"line":229,"column":58}}]},"29":{"loc":{"start":{"line":68,"column":6},"end":{"line":68,"column":null}},"type":"cond-expr","locations":[{"start":{"line":68,"column":31},"end":{"line":68,"column":55}},{"start":{"line":68,"column":55},"end":{"line":68,"column":null}}]},"30":{"loc":{"start":{"line":135,"column":26},"end":{"line":135,"column":69}},"type":"binary-expr","locations":[{"start":{"line":135,"column":26},"end":{"line":135,"column":44}},{"start":{"line":135,"column":44},"end":{"line":135,"column":69}}]},"31":{"loc":{"start":{"line":143,"column":8},"end":{"line":143,"column":null}},"type":"binary-expr","locations":[{"start":{"line":143,"column":8},"end":{"line":143,"column":36}},{"start":{"line":143,"column":36},"end":{"line":143,"column":62}},{"start":{"line":143,"column":44},"end":{"line":143,"column":null}}]},"32":{"loc":{"start":{"line":152,"column":25},"end":{"line":154,"column":null}},"type":"cond-expr","locations":[{"start":{"line":153,"column":6},"end":{"line":153,"column":null}},{"start":{"line":154,"column":6},"end":{"line":154,"column":null}}]}},"s":{"0":0,"1":0,"2":0,"3":0,"4":0,"5":0,"6":0,"7":0,"8":0,"9":0,"10":0,"11":0,"12":0,"13":0,"14":0,"15":0,"16":0,"17":0,"18":0,"19":0,"20":0,"21":0,"22":0,"23":0,"24":0,"25":0,"26":0,"27":0,"28":0,"29":0,"30":0,"31":0,"32":0,"33":0,"34":0,"35":0,"36":0,"37":0,"38":0,"39":0,"40":0,"41":0,"42":0,"43":0,"44":0,"45":0,"46":0,"47":0,"48":0,"49":0,"50":0,"51":0,"52":0,"53":0,"54":0,"55":0,"56":0,"57":0,"58":0,"59":0,"60":0,"61":0,"62":0,"63":0,"64":0,"65":0,"66":0,"67":0,"68":0,"69":0,"70":0,"71":0,"72":0,"73":0},"f":{},"b":{"0":[0,0],"1":[0,0],"2":[0,0],"3":[0,0],"4":[0,0,0],"5":[0,0],"6":[0,0],"7":[0,0],"8":[0,0],"9":[0,0],"10":[0,0],"11":[0,0],"12":[0,0],"13":[0,0],"14":[0,0],"15":[0,0],"16":[0,0],"17":[0,0],"18":[0,0],"19":[0,0,0],"20":[0,0,0],"21":[0,0,0],"22":[0,0],"23":[0,0],"24":[0,0],"25":[0,0],"26":[0,0],"27":[0,0],"28":[0,0],"29":[0,0],"30":[0,0],"31":[0,0,0],"32":[0,0]}}
,"/home/federodes/Workspace/veFarm/client/src/components/connect-wallet-button/ConnectWalletButton.svelte": {"path":"/home/federodes/Workspace/veFarm/client/src/components/connect-wallet-button/ConnectWalletButton.svelte","statementMap":{"0":{"start":{"line":14,"column":0},"end":{"line":16,"column":null}},"1":{"start":{"line":12,"column":12},"end":{"line":12,"column":null}}},"fnMap":{},"branchMap":{"0":{"loc":{"start":{"line":10,"column":6},"end":{"line":10,"column":null}},"type":"binary-expr","locations":[{"start":{"line":10,"column":6},"end":{"line":10,"column":13}},{"start":{"line":10,"column":6},"end":{"line":10,"column":null}}]},"1":{"loc":{"start":{"line":11,"column":12},"end":{"line":11,"column":null}},"type":"binary-expr","locations":[{"start":{"line":11,"column":12},"end":{"line":11,"column":24}},{"start":{"line":11,"column":12},"end":{"line":11,"column":null}}]}},"s":{"0":0,"1":0},"f":{},"b":{"0":[0,0],"1":[0,0]}}
,"/home/federodes/Workspace/veFarm/client/src/components/divider/Divider.stories.svelte": {"path":"/home/federodes/Workspace/veFarm/client/src/components/divider/Divider.stories.svelte","statementMap":{"0":{"start":{"line":11,"column":17},"end":{"line":11,"column":24}},"1":{"start":{"line":9,"column":6},"end":{"line":11,"column":17}},"2":{"start":{"line":11,"column":24},"end":{"line":13,"column":7}},"3":{"start":{"line":9,"column":2},"end":{"line":13,"column":null}}},"fnMap":{},"branchMap":{"0":{"loc":{"start":{"line":11,"column":17},"end":{"line":11,"column":24}},"type":"cond-expr","locations":[{"start":{"line":11,"column":17},"end":{"line":11,"column":24}}]}},"s":{"0":0,"1":0,"2":0,"3":0},"f":{},"b":{"0":[0]}}
,"/home/federodes/Workspace/veFarm/client/src/components/divider/Divider.svelte": {"path":"/home/federodes/Workspace/veFarm/client/src/components/divider/Divider.svelte","statementMap":{"0":{"start":{"line":6,"column":21},"end":{"line":6,"column":null}},"1":{"start":{"line":5,"column":0},"end":{"line":7,"column":null}},"2":{"start":{"line":2,"column":39},"end":{"line":2,"column":null}}},"fnMap":{},"branchMap":{"0":{"loc":{"start":{"line":6,"column":21},"end":{"line":6,"column":74}},"type":"cond-expr","locations":[{"start":{"line":6,"column":40},"end":{"line":6,"column":54}},{"start":{"line":6,"column":57},"end":{"line":6,"column":74}}]},"1":{"loc":{"start":{"line":6,"column":21},"end":{"line":6,"column":null}},"type":"binary-expr","locations":[{"start":{"line":6,"column":21},"end":{"line":6,"column":26}},{"start":{"line":6,"column":21},"end":{"line":6,"column":null}}]},"2":{"loc":{"start":{"line":2,"column":13},"end":{"line":2,"column":null}},"type":"default-arg","locations":[{"start":{"line":2,"column":39},"end":{"line":2,"column":null}}]}},"s":{"0":0,"1":0,"2":0},"f":{},"b":{"0":[0,0],"1":[0,0],"2":[0]}}
,"/home/federodes/Workspace/veFarm/client/src/components/funds-warning/FundsWarning.svelte": {"path":"/home/federodes/Workspace/veFarm/client/src/components/funds-warning/FundsWarning.svelte","statementMap":{"0":{"start":{"line":12,"column":9},"end":{"line":12,"column":null}},"1":{"start":{"line":10,"column":2},"end":{"line":12,"column":9}},"2":{"start":{"line":7,"column":2},"end":{"line":22,"column":null}},"3":{"start":{"line":12,"column":33},"end":{"line":13,"column":null}},"4":{"start":{"line":20,"column":10},"end":{"line":21,"column":null}},"5":{"start":{"line":14,"column":14},"end":{"line":14,"column":null}},"6":{"start":{"line":13,"column":45},"end":{"line":20,"column":null}},"7":{"start":{"line":6,"column":5},"end":{"line":6,"column":null}}},"fnMap":{},"branchMap":{"0":{"loc":{"start":{"line":12,"column":9},"end":{"line":12,"column":null}},"type":"binary-expr","locations":[{"start":{"line":12,"column":9},"end":{"line":12,"column":33}},{"start":{"line":12,"column":33},"end":{"line":12,"column":null}}]},"1":{"loc":{"start":{"line":6,"column":5},"end":{"line":6,"column":null}},"type":"binary-expr","locations":[{"start":{"line":6,"column":5},"end":{"line":6,"column":29}},{"start":{"line":6,"column":33},"end":{"line":6,"column":63}},{"start":{"line":6,"column":63},"end":{"line":6,"column":null}}]},"2":{"loc":{"start":{"line":6,"column":5},"end":{"line":6,"column":null}},"type":"if","locations":[{"start":{"line":6,"column":5},"end":{"line":6,"column":null}},{"start":{"line":6,"column":5},"end":{"line":6,"column":null}}]}},"s":{"0":0,"1":0,"2":0,"3":0,"4":0,"5":0,"6":0,"7":0},"f":{},"b":{"0":[0,0],"1":[0,0,0],"2":[0,0]}}
,"/home/federodes/Workspace/veFarm/client/src/components/header/Header.svelte": {"path":"/home/federodes/Workspace/veFarm/client/src/components/header/Header.svelte","statementMap":{"0":{"start":{"line":35,"column":7},"end":{"line":35,"column":44}},"1":{"start":{"line":38,"column":9},"end":{"line":38,"column":null}},"2":{"start":{"line":35,"column":44},"end":{"line":37,"column":null}},"3":{"start":{"line":34,"column":4},"end":{"line":64,"column":null}},"4":{"start":{"line":37,"column":6},"end":{"line":63,"column":null}},"5":{"start":{"line":35,"column":42},"end":{"line":35,"column":44}},"6":{"start":{"line":38,"column":39},"end":{"line":38,"column":null}},"7":{"start":{"line":53,"column":10},"end":{"line":61,"column":null}},"8":{"start":{"line":54,"column":12},"end":{"line":60,"column":null}},"9":{"start":{"line":56,"column":24},"end":{"line":56,"column":null}},"10":{"start":{"line":33,"column":7},"end":{"line":33,"column":null}},"11":{"start":{"line":18,"column":0},"end":{"line":66,"column":null}},"12":{"start":{"line":28,"column":2},"end":{"line":31,"column":null}},"13":{"start":{"line":10,"column":15},"end":{"line":10,"column":null}},"14":{"start":{"line":13,"column":4},"end":{"line":13,"column":null}},"15":{"start":{"line":14,"column":4},"end":{"line":14,"column":null}},"16":{"start":{"line":47,"column":12},"end":{"line":47,"column":null}},"17":{"start":{"line":50,"column":12},"end":{"line":50,"column":null}}},"fnMap":{},"branchMap":{"0":{"loc":{"start":{"line":35,"column":7},"end":{"line":35,"column":44}},"type":"if","locations":[{"start":{"line":35,"column":7},"end":{"line":35,"column":44}},{"start":{"line":35,"column":7},"end":{"line":35,"column":44}}]},"1":{"loc":{"start":{"line":35,"column":7},"end":{"line":35,"column":44}},"type":"binary-expr","locations":[{"start":{"line":35,"column":7},"end":{"line":35,"column":18}},{"start":{"line":35,"column":7},"end":{"line":35,"column":18}},{"start":{"line":35,"column":7},"end":{"line":35,"column":44}}]},"2":{"loc":{"start":{"line":38,"column":9},"end":{"line":38,"column":null}},"type":"if","locations":[{"start":{"line":38,"column":9},"end":{"line":38,"column":null}},{"start":{"line":38,"column":9},"end":{"line":38,"column":null}}]},"3":{"loc":{"start":{"line":38,"column":9},"end":{"line":38,"column":null}},"type":"binary-expr","locations":[{"start":{"line":38,"column":9},"end":{"line":38,"column":23}},{"start":{"line":38,"column":9},"end":{"line":38,"column":23}},{"start":{"line":38,"column":9},"end":{"line":38,"column":null}}]},"4":{"loc":{"start":{"line":33,"column":7},"end":{"line":33,"column":null}},"type":"binary-expr","locations":[{"start":{"line":33,"column":7},"end":{"line":33,"column":24}},{"start":{"line":33,"column":28},"end":{"line":33,"column":52}},{"start":{"line":33,"column":52},"end":{"line":33,"column":null}}]},"5":{"loc":{"start":{"line":33,"column":7},"end":{"line":33,"column":52}},"type":"binary-expr","locations":[{"start":{"line":33,"column":7},"end":{"line":33,"column":24}},{"start":{"line":33,"column":28},"end":{"line":33,"column":52}}]}},"s":{"0":0,"1":0,"2":0,"3":0,"4":0,"5":0,"6":0,"7":0,"8":0,"9":0,"10":0,"11":0,"12":0,"13":0,"14":0,"15":0,"16":0,"17":0},"f":{},"b":{"0":[0,0],"1":[0,0,0],"2":[0,0],"3":[0,0,0],"4":[0,0,0],"5":[0,0]}}
,"/home/federodes/Workspace/veFarm/client/src/components/input/Input.stories.svelte": {"path":"/home/federodes/Workspace/veFarm/client/src/components/input/Input.stories.svelte","statementMap":{"0":{"start":{"line":9,"column":2},"end":{"line":11,"column":null}}},"fnMap":{},"branchMap":{},"s":{"0":0},"f":{},"b":{}}
,"/home/federodes/Workspace/veFarm/client/src/components/input/Input.svelte": {"path":"/home/federodes/Workspace/veFarm/client/src/components/input/Input.svelte","statementMap":{"0":{"start":{"line":49,"column":9},"end":{"line":49,"column":null}},"1":{"start":{"line":46,"column":27},"end":{"line":46,"column":null}},"2":{"start":{"line":44,"column":6},"end":{"line":50,"column":null}},"3":{"start":{"line":57,"column":9},"end":{"line":57,"column":null}},"4":{"start":{"line":53,"column":6},"end":{"line":58,"column":null}},"5":{"start":{"line":62,"column":41},"end":{"line":62,"column":54}},"6":{"start":{"line":62,"column":4},"end":{"line":62,"column":null}},"7":{"start":{"line":65,"column":13},"end":{"line":65,"column":27}},"8":{"start":{"line":65,"column":4},"end":{"line":65,"column":null}},"9":{"start":{"line":43,"column":9},"end":{"line":43,"column":null}},"10":{"start":{"line":52,"column":9},"end":{"line":52,"column":null}},"11":{"start":{"line":61,"column":7},"end":{"line":61,"column":null}},"12":{"start":{"line":64,"column":7},"end":{"line":64,"column":null}},"13":{"start":{"line":32,"column":3},"end":{"line":32,"column":null}},"14":{"start":{"line":29,"column":7},"end":{"line":29,"column":null}},"15":{"start":{"line":30,"column":10},"end":{"line":30,"column":null}},"16":{"start":{"line":28,"column":0},"end":{"line":67,"column":null}},"17":{"start":{"line":33,"column":2},"end":{"line":60,"column":null}},"18":{"start":{"line":34,"column":4},"end":{"line":42,"column":null}},"19":{"start":{"line":15,"column":13},"end":{"line":15,"column":null}},"20":{"start":{"line":16,"column":21},"end":{"line":16,"column":null}},"21":{"start":{"line":17,"column":13},"end":{"line":17,"column":null}},"22":{"start":{"line":18,"column":24},"end":{"line":18,"column":null}},"23":{"start":{"line":19,"column":20},"end":{"line":19,"column":null}},"24":{"start":{"line":20,"column":21},"end":{"line":20,"column":null}},"25":{"start":{"line":21,"column":23},"end":{"line":21,"column":null}},"26":{"start":{"line":23,"column":17},"end":{"line":23,"column":null}},"27":{"start":{"line":25,"column":2},"end":{"line":25,"column":null}}},"fnMap":{},"branchMap":{"0":{"loc":{"start":{"line":49,"column":9},"end":{"line":49,"column":null}},"type":"if","locations":[{"start":{"line":49,"column":9},"end":{"line":49,"column":null}},{"start":{"line":49,"column":9},"end":{"line":49,"column":null}}]},"1":{"loc":{"start":{"line":57,"column":9},"end":{"line":57,"column":null}},"type":"if","locations":[{"start":{"line":57,"column":9},"end":{"line":57,"column":null}},{"start":{"line":57,"column":9},"end":{"line":57,"column":null}}]},"2":{"loc":{"start":{"line":62,"column":41},"end":{"line":62,"column":54}},"type":"if","locations":[{"start":{"line":62,"column":41},"end":{"line":62,"column":54}},{"start":{"line":62,"column":41},"end":{"line":62,"column":54}}]},"3":{"loc":{"start":{"line":65,"column":13},"end":{"line":65,"column":27}},"type":"if","locations":[{"start":{"line":65,"column":13},"end":{"line":65,"column":27}},{"start":{"line":65,"column":13},"end":{"line":65,"column":27}}]},"4":{"loc":{"start":{"line":36,"column":32},"end":{"line":38,"column":27}},"type":"cond-expr","locations":[{"start":{"line":37,"column":10},"end":{"line":37,"column":24}},{"start":{"line":38,"column":10},"end":{"line":38,"column":27}}]},"5":{"loc":{"start":{"line":43,"column":9},"end":{"line":43,"column":null}},"type":"binary-expr","locations":[{"start":{"line":43,"column":9},"end":{"line":43,"column":28}},{"start":{"line":43,"column":28},"end":{"line":43,"column":null}}]},"6":{"loc":{"start":{"line":52,"column":9},"end":{"line":52,"column":null}},"type":"binary-expr","locations":[{"start":{"line":52,"column":9},"end":{"line":52,"column":27}},{"start":{"line":52,"column":27},"end":{"line":52,"column":null}}]},"7":{"loc":{"start":{"line":61,"column":7},"end":{"line":61,"column":null}},"type":"binary-expr","locations":[{"start":{"line":61,"column":7},"end":{"line":61,"column":22}},{"start":{"line":61,"column":22},"end":{"line":61,"column":null}},{"start":{"line":61,"column":35},"end":{"line":61,"column":null}}]},"8":{"loc":{"start":{"line":64,"column":7},"end":{"line":64,"column":null}},"type":"binary-expr","locations":[{"start":{"line":64,"column":7},"end":{"line":64,"column":null}},{"start":{"line":64,"column":15},"end":{"line":64,"column":null}}]},"9":{"loc":{"start":{"line":30,"column":10},"end":{"line":30,"column":54}},"type":"cond-expr","locations":[{"start":{"line":30,"column":21},"end":{"line":30,"column":34}},{"start":{"line":30,"column":37},"end":{"line":30,"column":54}}]},"10":{"loc":{"start":{"line":32,"column":3},"end":{"line":32,"column":null}},"type":"if","locations":[{"start":{"line":32,"column":3},"end":{"line":32,"column":null}},{"start":{"line":32,"column":3},"end":{"line":32,"column":null}}]},"11":{"loc":{"start":{"line":36,"column":32},"end":{"line":38,"column":null}},"type":"binary-expr","locations":[{"start":{"line":36,"column":32},"end":{"line":36,"column":null}},{"start":{"line":36,"column":32},"end":{"line":38,"column":null}},{"start":{"line":38,"column":27},"end":{"line":38,"column":null}}]},"12":{"loc":{"start":{"line":39,"column":10},"end":{"line":39,"column":null}},"type":"binary-expr","locations":[{"start":{"line":39,"column":10},"end":{"line":39,"column":21}},{"start":{"line":39,"column":10},"end":{"line":39,"column":null}}]},"13":{"loc":{"start":{"line":61,"column":7},"end":{"line":61,"column":null}},"type":"binary-expr","locations":[{"start":{"line":61,"column":7},"end":{"line":61,"column":22}},{"start":{"line":61,"column":22},"end":{"line":61,"column":null}}]},"14":{"loc":{"start":{"line":30,"column":10},"end":{"line":30,"column":null}},"type":"binary-expr","locations":[{"start":{"line":30,"column":10},"end":{"line":30,"column":18}},{"start":{"line":30,"column":10},"end":{"line":30,"column":null}}]},"15":{"loc":{"start":{"line":16,"column":13},"end":{"line":16,"column":null}},"type":"default-arg","locations":[{"start":{"line":16,"column":21},"end":{"line":16,"column":null}}]},"16":{"loc":{"start":{"line":18,"column":13},"end":{"line":18,"column":null}},"type":"default-arg","locations":[{"start":{"line":18,"column":24},"end":{"line":18,"column":null}}]},"17":{"loc":{"start":{"line":19,"column":13},"end":{"line":19,"column":null}},"type":"default-arg","locations":[{"start":{"line":19,"column":20},"end":{"line":19,"column":null}}]},"18":{"loc":{"start":{"line":20,"column":13},"end":{"line":20,"column":null}},"type":"default-arg","locations":[{"start":{"line":20,"column":21},"end":{"line":20,"column":null}}]},"19":{"loc":{"start":{"line":21,"column":13},"end":{"line":21,"column":null}},"type":"default-arg","locations":[{"start":{"line":21,"column":23},"end":{"line":21,"column":null}}]},"20":{"loc":{"start":{"line":25,"column":16},"end":{"line":25,"column":null}},"type":"binary-expr","locations":[{"start":{"line":25,"column":16},"end":{"line":25,"column":33}},{"start":{"line":25,"column":33},"end":{"line":25,"column":null}}]}},"s":{"0":0,"1":0,"2":0,"3":0,"4":0,"5":0,"6":0,"7":0,"8":0,"9":0,"10":0,"11":0,"12":0,"13":0,"14":0,"15":0,"16":0,"17":0,"18":0,"19":0,"20":0,"21":0,"22":0,"23":0,"24":0,"25":0,"26":0,"27":0},"f":{},"b":{"0":[0,0],"1":[0,0],"2":[0,0],"3":[0,0],"4":[0,0],"5":[0,0],"6":[0,0],"7":[0,0,0],"8":[0,0],"9":[0,0],"10":[0,0],"11":[0,0,0],"12":[0,0],"13":[0,0],"14":[0,0],"15":[0],"16":[0],"17":[0],"18":[0],"19":[0],"20":[0,0]}}
,"/home/federodes/Workspace/veFarm/client/src/components/layout/Layout.stories.svelte": {"path":"/home/federodes/Workspace/veFarm/client/src/components/layout/Layout.stories.svelte","statementMap":{"0":{"start":{"line":10,"column":4},"end":{"line":10,"column":null}}},"fnMap":{},"branchMap":{},"s":{"0":0},"f":{},"b":{}}
,"/home/federodes/Workspace/veFarm/client/src/components/layout/Layout.svelte": {"path":"/home/federodes/Workspace/veFarm/client/src/components/layout/Layout.svelte","statementMap":{"0":{"start":{"line":9,"column":0},"end":{"line":13,"column":null}}},"fnMap":{},"branchMap":{},"s":{"0":0},"f":{},"b":{}}
,"/home/federodes/Workspace/veFarm/client/src/components/modal/Modal.stories.svelte": {"path":"/home/federodes/Workspace/veFarm/client/src/components/modal/Modal.stories.svelte","statementMap":{"0":{"start":{"line":19,"column":35},"end":{"line":19,"column":null}},"1":{"start":{"line":20,"column":33},"end":{"line":20,"column":null}},"2":{"start":{"line":16,"column":6},"end":{"line":16,"column":null}},"3":{"start":{"line":18,"column":22},"end":{"line":18,"column":null}},"4":{"start":{"line":15,"column":2},"end":{"line":17,"column":null}},"5":{"start":{"line":15,"column":39},"end":{"line":15,"column":null}},"6":{"start":{"line":16,"column":43},"end":{"line":16,"column":null}},"7":{"start":{"line":5,"column":15},"end":{"line":5,"column":null}},"8":{"start":{"line":8,"column":4},"end":{"line":8,"column":null}}},"fnMap":{},"branchMap":{"0":{"loc":{"start":{"line":16,"column":6},"end":{"line":16,"column":43}},"type":"cond-expr","locations":[{"start":{"line":16,"column":15},"end":{"line":16,"column":28}},{"start":{"line":16,"column":31},"end":{"line":16,"column":43}}]},"1":{"loc":{"start":{"line":16,"column":6},"end":{"line":16,"column":null}},"type":"if","locations":[{"start":{"line":16,"column":6},"end":{"line":16,"column":null}},{"start":{"line":16,"column":6},"end":{"line":16,"column":null}}]},"2":{"loc":{"start":{"line":16,"column":6},"end":{"line":16,"column":null}},"type":"binary-expr","locations":[{"start":{"line":16,"column":6},"end":{"line":16,"column":12}},{"start":{"line":16,"column":6},"end":{"line":16,"column":12}},{"start":{"line":16,"column":6},"end":{"line":16,"column":null}}]},"3":{"loc":{"start":{"line":18,"column":22},"end":{"line":18,"column":null}},"type":"binary-expr","locations":[{"start":{"line":18,"column":22},"end":{"line":18,"column":26}},{"start":{"line":18,"column":22},"end":{"line":18,"column":null}}]}},"s":{"0":0,"1":0,"2":0,"3":0,"4":0,"5":0,"6":0,"7":0,"8":0},"f":{},"b":{"0":[0,0],"1":[0,0],"2":[0,0,0],"3":[0,0]}}
,"/home/federodes/Workspace/veFarm/client/src/components/modal/Modal.svelte": {"path":"/home/federodes/Workspace/veFarm/client/src/components/modal/Modal.svelte","statementMap":{"0":{"start":{"line":48,"column":8},"end":{"line":48,"column":null}},"1":{"start":{"line":43,"column":2},"end":{"line":43,"column":null}},"2":{"start":{"line":44,"column":2},"end":{"line":67,"column":null}},"3":{"start":{"line":51,"column":4},"end":{"line":59,"column":null}},"4":{"start":{"line":52,"column":6},"end":{"line":54,"column":null}},"5":{"start":{"line":56,"column":6},"end":{"line":58,"column":null}},"6":{"start":{"line":64,"column":4},"end":{"line":66,"column":null}},"7":{"start":{"line":42,"column":5},"end":{"line":42,"column":null}},"8":{"start":{"line":6,"column":22},"end":{"line":6,"column":null}},"9":{"start":{"line":12,"column":19},"end":{"line":12,"column":null}},"10":{"start":{"line":15,"column":8},"end":{"line":15,"column":null}},"11":{"start":{"line":15,"column":32},"end":{"line":15,"column":null}},"12":{"start":{"line":19,"column":4},"end":{"line":19,"column":null}},"13":{"start":{"line":20,"column":4},"end":{"line":20,"column":null}},"14":{"start":{"line":21,"column":4},"end":{"line":21,"column":null}},"15":{"start":{"line":25,"column":4},"end":{"line":25,"column":null}},"16":{"start":{"line":26,"column":4},"end":{"line":26,"column":null}},"17":{"start":{"line":27,"column":4},"end":{"line":27,"column":null}},"18":{"start":{"line":28,"column":4},"end":{"line":28,"column":null}},"19":{"start":{"line":45,"column":15},"end":{"line":45,"column":null}},"20":{"start":{"line":34,"column":8},"end":{"line":34,"column":null}},"21":{"start":{"line":36,"column":8},"end":{"line":36,"column":null}}},"fnMap":{},"branchMap":{"0":{"loc":{"start":{"line":48,"column":8},"end":{"line":48,"column":null}},"type":"binary-expr","locations":[{"start":{"line":48,"column":8},"end":{"line":48,"column":19}},{"start":{"line":48,"column":8},"end":{"line":48,"column":null}}]},"1":{"loc":{"start":{"line":42,"column":5},"end":{"line":42,"column":null}},"type":"binary-expr","locations":[{"start":{"line":42,"column":5},"end":{"line":42,"column":null}},{"start":{"line":42,"column":11},"end":{"line":42,"column":null}}]},"2":{"loc":{"start":{"line":6,"column":13},"end":{"line":6,"column":null}},"type":"default-arg","locations":[{"start":{"line":6,"column":22},"end":{"line":6,"column":null}}]},"3":{"loc":{"start":{"line":15,"column":8},"end":{"line":15,"column":null}},"type":"if","locations":[{"start":{"line":15,"column":8},"end":{"line":15,"column":null}},{"start":{"line":15,"column":8},"end":{"line":15,"column":null}}]}},"s":{"0":0,"1":0,"2":0,"3":0,"4":0,"5":0,"6":0,"7":0,"8":0,"9":0,"10":0,"11":0,"12":0,"13":0,"14":0,"15":0,"16":0,"17":0,"18":0,"19":0,"20":0,"21":0},"f":{},"b":{"0":[0,0],"1":[0,0],"2":[0],"3":[0,0]}}
,"/home/federodes/Workspace/veFarm/client/src/components/past-trade/PastTrade.stories.svelte": {"path":"/home/federodes/Workspace/veFarm/client/src/components/past-trade/PastTrade.stories.svelte","statementMap":{"0":{"start":{"line":17,"column":21},"end":{"line":17,"column":null}},"1":{"start":{"line":16,"column":11},"end":{"line":16,"column":null}},"2":{"start":{"line":16,"column":6},"end":{"line":16,"column":10}},"3":{"start":{"line":15,"column":2},"end":{"line":21,"column":null}},"4":{"start":{"line":20,"column":4},"end":{"line":20,"column":null}},"5":{"start":{"line":20,"column":22},"end":{"line":20,"column":51}},"6":{"start":{"line":5,"column":6},"end":{"line":5,"column":null}},"7":{"start":{"line":8,"column":4},"end":{"line":8,"column":null}}},"fnMap":{},"branchMap":{"0":{"loc":{"start":{"line":17,"column":21},"end":{"line":17,"column":null}},"type":"cond-expr","locations":[{"start":{"line":17,"column":21},"end":{"line":17,"column":null}}]}},"s":{"0":0,"1":0,"2":0,"3":0,"4":0,"5":0,"6":0,"7":0},"f":{},"b":{"0":[0]}}
,"/home/federodes/Workspace/veFarm/client/src/components/past-trade/PastTrade.svelte": {"path":"/home/federodes/Workspace/veFarm/client/src/components/past-trade/PastTrade.svelte","statementMap":{"0":{"start":{"line":17,"column":9},"end":{"line":17,"column":null}},"1":{"start":{"line":21,"column":5},"end":{"line":21,"column":20}},"2":{"start":{"line":21,"column":20},"end":{"line":21,"column":29}},"3":{"start":{"line":21,"column":29},"end":{"line":21,"column":39}},"4":{"start":{"line":21,"column":39},"end":{"line":22,"column":8}},"5":{"start":{"line":24,"column":23},"end":{"line":25,"column":9}},"6":{"start":{"line":25,"column":9},"end":{"line":25,"column":null}},"7":{"start":{"line":10,"column":11},"end":{"line":10,"column":null}},"8":{"start":{"line":14,"column":9},"end":{"line":14,"column":null}},"9":{"start":{"line":9,"column":0},"end":{"line":27,"column":null}},"10":{"start":{"line":16,"column":2},"end":{"line":18,"column":null}},"11":{"start":{"line":19,"column":2},"end":{"line":19,"column":null}},"12":{"start":{"line":20,"column":2},"end":{"line":22,"column":null}},"13":{"start":{"line":23,"column":2},"end":{"line":23,"column":null}},"14":{"start":{"line":24,"column":2},"end":{"line":26,"column":null}},"15":{"start":{"line":17,"column":51},"end":{"line":17,"column":null}},"16":{"start":{"line":2,"column":13},"end":{"line":2,"column":null}},"17":{"start":{"line":3,"column":13},"end":{"line":3,"column":null}},"18":{"start":{"line":4,"column":13},"end":{"line":4,"column":null}},"19":{"start":{"line":5,"column":13},"end":{"line":5,"column":null}},"20":{"start":{"line":6,"column":13},"end":{"line":6,"column":null}}},"fnMap":{},"branchMap":{"0":{"loc":{"start":{"line":17,"column":9},"end":{"line":17,"column":null}},"type":"if","locations":[{"start":{"line":17,"column":9},"end":{"line":17,"column":null}},{"start":{"line":17,"column":9},"end":{"line":17,"column":null}}]},"1":{"loc":{"start":{"line":17,"column":9},"end":{"line":17,"column":null}},"type":"binary-expr","locations":[{"start":{"line":17,"column":9},"end":{"line":17,"column":13}},{"start":{"line":17,"column":9},"end":{"line":17,"column":null}}]},"2":{"loc":{"start":{"line":21,"column":5},"end":{"line":21,"column":20}},"type":"if","locations":[{"start":{"line":21,"column":5},"end":{"line":21,"column":20}},{"start":{"line":21,"column":5},"end":{"line":21,"column":20}}]},"3":{"loc":{"start":{"line":21,"column":29},"end":{"line":21,"column":39}},"type":"if","locations":[{"start":{"line":21,"column":29},"end":{"line":21,"column":39}},{"start":{"line":21,"column":29},"end":{"line":21,"column":39}}]},"4":{"loc":{"start":{"line":25,"column":9},"end":{"line":25,"column":null}},"type":"if","locations":[{"start":{"line":25,"column":9},"end":{"line":25,"column":null}},{"start":{"line":25,"column":9},"end":{"line":25,"column":null}}]},"5":{"loc":{"start":{"line":10,"column":11},"end":{"line":10,"column":null}},"type":"binary-expr","locations":[{"start":{"line":10,"column":11},"end":{"line":10,"column":22}},{"start":{"line":10,"column":11},"end":{"line":10,"column":null}}]}},"s":{"0":0,"1":0,"2":0,"3":0,"4":0,"5":0,"6":0,"7":0,"8":0,"9":0,"10":0,"11":0,"12":0,"13":0,"14":0,"15":0,"16":0,"17":0,"18":0,"19":0,"20":0},"f":{},"b":{"0":[0,0],"1":[0,0],"2":[0,0],"3":[0,0],"4":[0,0],"5":[0,0]}}
,"/home/federodes/Workspace/veFarm/client/src/components/revoke-allowance-button/RevokeAllowanceButton.stories.svelte": {"path":"/home/federodes/Workspace/veFarm/client/src/components/revoke-allowance-button/RevokeAllowanceButton.stories.svelte","statementMap":{"0":{"start":{"line":9,"column":2},"end":{"line":11,"column":null}}},"fnMap":{},"branchMap":{},"s":{"0":0},"f":{},"b":{}}
,"/home/federodes/Workspace/veFarm/client/src/components/revoke-allowance-button/RevokeAllowanceButton.svelte": {"path":"/home/federodes/Workspace/veFarm/client/src/components/revoke-allowance-button/RevokeAllowanceButton.svelte","statementMap":{"0":{"start":{"line":37,"column":0},"end":{"line":39,"column":null}},"1":{"start":{"line":42,"column":57},"end":{"line":42,"column":72}},"2":{"start":{"line":42,"column":49},"end":{"line":42,"column":57}},"3":{"start":{"line":42,"column":2},"end":{"line":42,"column":null}},"4":{"start":{"line":42,"column":68},"end":{"line":42,"column":72}},"5":{"start":{"line":41,"column":5},"end":{"line":41,"column":null}},"6":{"start":{"line":6,"column":33},"end":{"line":6,"column":null}},"7":{"start":{"line":8,"column":25},"end":{"line":8,"column":null}},"8":{"start":{"line":15,"column":4},"end":{"line":15,"column":null}},"9":{"start":{"line":16,"column":4},"end":{"line":16,"column":null}},"10":{"start":{"line":18,"column":10},"end":{"line":18,"column":null}},"11":{"start":{"line":20,"column":4},"end":{"line":20,"column":null}},"12":{"start":{"line":21,"column":4},"end":{"line":21,"column":null}},"13":{"start":{"line":31,"column":4},"end":{"line":33,"column":null}}},"fnMap":{},"branchMap":{"0":{"loc":{"start":{"line":42,"column":57},"end":{"line":42,"column":72}},"type":"if","locations":[{"start":{"line":42,"column":57},"end":{"line":42,"column":72}},{"start":{"line":42,"column":57},"end":{"line":42,"column":72}}]},"1":{"loc":{"start":{"line":42,"column":57},"end":{"line":42,"column":72}},"type":"binary-expr","locations":[{"start":{"line":42,"column":57},"end":{"line":42,"column":62}},{"start":{"line":42,"column":57},"end":{"line":42,"column":72}}]},"2":{"loc":{"start":{"line":41,"column":5},"end":{"line":41,"column":null}},"type":"binary-expr","locations":[{"start":{"line":41,"column":5},"end":{"line":41,"column":24}},{"start":{"line":41,"column":28},"end":{"line":41,"column":50}},{"start":{"line":41,"column":50},"end":{"line":41,"column":null}}]},"3":{"loc":{"start":{"line":41,"column":5},"end":{"line":41,"column":50}},"type":"binary-expr","locations":[{"start":{"line":41,"column":5},"end":{"line":41,"column":24}},{"start":{"line":41,"column":28},"end":{"line":41,"column":50}}]},"4":{"loc":{"start":{"line":6,"column":13},"end":{"line":6,"column":null}},"type":"default-arg","locations":[{"start":{"line":6,"column":33},"end":{"line":6,"column":null}}]}},"s":{"0":0,"1":0,"2":0,"3":0,"4":0,"5":0,"6":0,"7":0,"8":0,"9":0,"10":0,"11":0,"12":0,"13":0},"f":{},"b":{"0":[0,0],"1":[0,0],"2":[0,0,0],"3":[0,0],"4":[0]}}
,"/home/federodes/Workspace/veFarm/client/src/components/spinner/Spinner.svelte": {"path":"/home/federodes/Workspace/veFarm/client/src/components/spinner/Spinner.svelte","statementMap":{"0":{"start":{"line":56,"column":10},"end":{"line":56,"column":null}},"1":{"start":{"line":60,"column":10},"end":{"line":60,"column":null}},"2":{"start":{"line":46,"column":0},"end":{"line":62,"column":null}},"3":{"start":{"line":54,"column":2},"end":{"line":57,"column":null}},"4":{"start":{"line":58,"column":2},"end":{"line":61,"column":null}},"5":{"start":{"line":15,"column":18},"end":{"line":15,"column":null}},"6":{"start":{"line":16,"column":26},"end":{"line":16,"column":null}},"7":{"start":{"line":17,"column":35},"end":{"line":17,"column":null}},"8":{"start":{"line":18,"column":28},"end":{"line":18,"column":null}},"9":{"start":{"line":20,"column":35},"end":{"line":20,"column":null}},"10":{"start":{"line":21,"column":36},"end":{"line":21,"column":null}},"11":{"start":{"line":23,"column":6},"end":{"line":23,"column":null}},"12":{"start":{"line":26,"column":4},"end":{"line":26,"column":null}},"13":{"start":{"line":43,"column":4},"end":{"line":43,"column":null}}},"fnMap":{},"branchMap":{"0":{"loc":{"start":{"line":52,"column":6},"end":{"line":52,"column":null}},"type":"binary-expr","locations":[{"start":{"line":52,"column":6},"end":{"line":52,"column":17}},{"start":{"line":52,"column":6},"end":{"line":52,"column":null}}]},"1":{"loc":{"start":{"line":4,"column":13},"end":{"line":15,"column":null}},"type":"default-arg","locations":[{"start":{"line":15,"column":18},"end":{"line":15,"column":null}}]},"2":{"loc":{"start":{"line":16,"column":13},"end":{"line":16,"column":null}},"type":"default-arg","locations":[{"start":{"line":16,"column":26},"end":{"line":16,"column":null}}]},"3":{"loc":{"start":{"line":17,"column":13},"end":{"line":17,"column":null}},"type":"default-arg","locations":[{"start":{"line":17,"column":35},"end":{"line":17,"column":null}}]},"4":{"loc":{"start":{"line":18,"column":13},"end":{"line":18,"column":null}},"type":"default-arg","locations":[{"start":{"line":18,"column":28},"end":{"line":18,"column":null}}]},"5":{"loc":{"start":{"line":20,"column":13},"end":{"line":20,"column":null}},"type":"default-arg","locations":[{"start":{"line":20,"column":35},"end":{"line":20,"column":null}}]},"6":{"loc":{"start":{"line":21,"column":13},"end":{"line":21,"column":null}},"type":"default-arg","locations":[{"start":{"line":21,"column":36},"end":{"line":21,"column":null}}]},"7":{"loc":{"start":{"line":43,"column":4},"end":{"line":43,"column":null}},"type":"cond-expr","locations":[{"start":{"line":43,"column":26},"end":{"line":43,"column":31}},{"start":{"line":43,"column":31},"end":{"line":43,"column":null}}]},"8":{"loc":{"start":{"line":43,"column":31},"end":{"line":43,"column":null}},"type":"binary-expr","locations":[{"start":{"line":43,"column":31},"end":{"line":43,"column":58}},{"start":{"line":43,"column":58},"end":{"line":43,"column":null}}]}},"s":{"0":0,"1":0,"2":0,"3":0,"4":0,"5":0,"6":0,"7":0,"8":0,"9":0,"10":0,"11":0,"12":0,"13":0},"f":{},"b":{"0":[0,0],"1":[0],"2":[0],"3":[0],"4":[0],"5":[0],"6":[0],"7":[0,0],"8":[0,0]}}
,"/home/federodes/Workspace/veFarm/client/src/components/stat-item/StatItem.stories.svelte": {"path":"/home/federodes/Workspace/veFarm/client/src/components/stat-item/StatItem.stories.svelte","statementMap":{"0":{"start":{"line":10,"column":18},"end":{"line":10,"column":null}},"1":{"start":{"line":9,"column":2},"end":{"line":11,"column":null}}},"fnMap":{},"branchMap":{"0":{"loc":{"start":{"line":10,"column":18},"end":{"line":10,"column":null}},"type":"cond-expr","locations":[{"start":{"line":10,"column":18},"end":{"line":10,"column":null}}]}},"s":{"0":0,"1":0},"f":{},"b":{"0":[0]}}
,"/home/federodes/Workspace/veFarm/client/src/components/stat-item/StatItem.svelte": {"path":"/home/federodes/Workspace/veFarm/client/src/components/stat-item/StatItem.svelte","statementMap":{"0":{"start":{"line":8,"column":5},"end":{"line":8,"column":null}},"1":{"start":{"line":11,"column":5},"end":{"line":11,"column":null}},"2":{"start":{"line":6,"column":0},"end":{"line":13,"column":null}},"3":{"start":{"line":7,"column":2},"end":{"line":9,"column":null}},"4":{"start":{"line":10,"column":2},"end":{"line":12,"column":null}},"5":{"start":{"line":2,"column":38},"end":{"line":2,"column":null}},"6":{"start":{"line":3,"column":21},"end":{"line":3,"column":null}}},"fnMap":{},"branchMap":{"0":{"loc":{"start":{"line":8,"column":5},"end":{"line":8,"column":null}},"type":"if","locations":[{"start":{"line":8,"column":5},"end":{"line":8,"column":null}},{"start":{"line":8,"column":5},"end":{"line":8,"column":null}}]},"1":{"loc":{"start":{"line":11,"column":5},"end":{"line":11,"column":null}},"type":"if","locations":[{"start":{"line":11,"column":5},"end":{"line":11,"column":null}},{"start":{"line":11,"column":5},"end":{"line":11,"column":null}}]},"2":{"loc":{"start":{"line":2,"column":13},"end":{"line":2,"column":null}},"type":"default-arg","locations":[{"start":{"line":2,"column":38},"end":{"line":2,"column":null}}]},"3":{"loc":{"start":{"line":3,"column":13},"end":{"line":3,"column":null}},"type":"default-arg","locations":[{"start":{"line":3,"column":21},"end":{"line":3,"column":null}}]}},"s":{"0":0,"1":0,"2":0,"3":0,"4":0,"5":0,"6":0},"f":{},"b":{"0":[0,0],"1":[0,0],"2":[0],"3":[0]}}
,"/home/federodes/Workspace/veFarm/client/src/components/stats/Stats.stories.svelte": {"path":"/home/federodes/Workspace/veFarm/client/src/components/stats/Stats.stories.svelte","statementMap":{"0":{"start":{"line":9,"column":2},"end":{"line":11,"column":null}}},"fnMap":{},"branchMap":{},"s":{"0":0},"f":{},"b":{}}
,"/home/federodes/Workspace/veFarm/client/src/components/stats/Stats.svelte": {"path":"/home/federodes/Workspace/veFarm/client/src/components/stats/Stats.svelte","statementMap":{"0":{"start":{"line":65,"column":19},"end":{"line":65,"column":null}},"1":{"start":{"line":66,"column":19},"end":{"line":66,"column":null}},"2":{"start":{"line":68,"column":11},"end":{"line":71,"column":null}},"3":{"start":{"line":77,"column":25},"end":{"line":77,"column":33}},"4":{"start":{"line":77,"column":33},"end":{"line":77,"column":42}},"5":{"start":{"line":77,"column":2},"end":{"line":77,"column":null}},"6":{"start":{"line":64,"column":5},"end":{"line":64,"column":null}},"7":{"start":{"line":76,"column":5},"end":{"line":76,"column":null}},"8":{"start":{"line":39,"column":12},"end":{"line":40,"column":null}},"9":{"start":{"line":43,"column":10},"end":{"line":43,"column":null}},"10":{"start":{"line":43,"column":30},"end":{"line":43,"column":null}},"11":{"start":{"line":45,"column":12},"end":{"line":45,"column":null}},"12":{"start":{"line":53,"column":6},"end":{"line":53,"column":null}},"13":{"start":{"line":59,"column":6},"end":{"line":59,"column":null}}},"fnMap":{},"branchMap":{"0":{"loc":{"start":{"line":65,"column":19},"end":{"line":65,"column":null}},"type":"if","locations":[{"start":{"line":65,"column":19},"end":{"line":65,"column":null}},{"start":{"line":65,"column":19},"end":{"line":65,"column":null}}]},"1":{"loc":{"start":{"line":66,"column":19},"end":{"line":66,"column":null}},"type":"if","locations":[{"start":{"line":66,"column":19},"end":{"line":66,"column":null}},{"start":{"line":66,"column":19},"end":{"line":66,"column":null}}]},"2":{"loc":{"start":{"line":68,"column":11},"end":{"line":71,"column":null}},"type":"if","locations":[{"start":{"line":68,"column":11},"end":{"line":71,"column":null}},{"start":{"line":68,"column":11},"end":{"line":71,"column":null}}]},"3":{"loc":{"start":{"line":77,"column":33},"end":{"line":77,"column":42}},"type":"if","locations":[{"start":{"line":77,"column":33},"end":{"line":77,"column":42}},{"start":{"line":77,"column":33},"end":{"line":77,"column":42}}]},"4":{"loc":{"start":{"line":64,"column":5},"end":{"line":64,"column":null}},"type":"binary-expr","locations":[{"start":{"line":64,"column":5},"end":{"line":64,"column":18}},{"start":{"line":64,"column":22},"end":{"line":64,"column":44}},{"start":{"line":64,"column":44},"end":{"line":64,"column":null}}]},"5":{"loc":{"start":{"line":76,"column":5},"end":{"line":76,"column":null}},"type":"binary-expr","locations":[{"start":{"line":76,"column":5},"end":{"line":76,"column":18}},{"start":{"line":76,"column":18},"end":{"line":76,"column":null}}]},"6":{"loc":{"start":{"line":64,"column":5},"end":{"line":64,"column":44}},"type":"binary-expr","locations":[{"start":{"line":64,"column":5},"end":{"line":64,"column":18}},{"start":{"line":64,"column":22},"end":{"line":64,"column":44}}]},"7":{"loc":{"start":{"line":43,"column":10},"end":{"line":43,"column":null}},"type":"if","locations":[{"start":{"line":43,"column":10},"end":{"line":43,"column":null}},{"start":{"line":43,"column":10},"end":{"line":43,"column":null}}]},"8":{"loc":{"start":{"line":53,"column":14},"end":{"line":53,"column":null}},"type":"binary-expr","locations":[{"start":{"line":53,"column":14},"end":{"line":53,"column":33}},{"start":{"line":53,"column":33},"end":{"line":53,"column":null}}]}},"s":{"0":0,"1":0,"2":0,"3":0,"4":0,"5":0,"6":0,"7":0,"8":0,"9":0,"10":0,"11":0,"12":0,"13":0},"f":{},"b":{"0":[0,0],"1":[0,0],"2":[0,0],"3":[0,0],"4":[0,0,0],"5":[0,0],"6":[0,0],"7":[0,0],"8":[0,0]}}
,"/home/federodes/Workspace/veFarm/client/src/components/trades-forecast/TradesForecast.svelte": {"path":"/home/federodes/Workspace/veFarm/client/src/components/trades-forecast/TradesForecast.svelte","statementMap":{"0":{"start":{"line":160,"column":29},"end":{"line":160,"column":65}},"1":{"start":{"line":162,"column":14},"end":{"line":164,"column":null}},"2":{"start":{"line":169,"column":29},"end":{"line":169,"column":71}},"3":{"start":{"line":172,"column":14},"end":{"line":174,"column":20}},"4":{"start":{"line":179,"column":29},"end":{"line":179,"column":65}},"5":{"start":{"line":181,"column":14},"end":{"line":181,"column":null}},"6":{"start":{"line":191,"column":29},"end":{"line":191,"column":66}},"7":{"start":{"line":193,"column":14},"end":{"line":193,"column":null}},"8":{"start":{"line":199,"column":9},"end":{"line":199,"column":null}},"9":{"start":{"line":169,"column":71},"end":{"line":169,"column":null}},"10":{"start":{"line":174,"column":20},"end":{"line":174,"column":null}},"11":{"start":{"line":179,"column":65},"end":{"line":179,"column":73}},"12":{"start":{"line":181,"column":78},"end":{"line":182,"column":null}},"13":{"start":{"line":186,"column":27},"end":{"line":187,"column":null}},"14":{"start":{"line":189,"column":14},"end":{"line":190,"column":14}},"15":{"start":{"line":191,"column":66},"end":{"line":191,"column":75}},"16":{"start":{"line":193,"column":79},"end":{"line":194,"column":null}},"17":{"start":{"line":147,"column":2},"end":{"line":226,"column":null}},"18":{"start":{"line":148,"column":4},"end":{"line":198,"column":null}},"19":{"start":{"line":150,"column":6},"end":{"line":156,"column":null}},"20":{"start":{"line":151,"column":8},"end":{"line":155,"column":null}},"21":{"start":{"line":152,"column":10},"end":{"line":152,"column":null}},"22":{"start":{"line":153,"column":10},"end":{"line":153,"column":null}},"23":{"start":{"line":154,"column":10},"end":{"line":154,"column":null}},"24":{"start":{"line":157,"column":6},"end":{"line":197,"column":null}},"25":{"start":{"line":158,"column":8},"end":{"line":166,"column":null}},"26":{"start":{"line":159,"column":10},"end":{"line":159,"column":null}},"27":{"start":{"line":160,"column":10},"end":{"line":160,"column":null}},"28":{"start":{"line":161,"column":10},"end":{"line":165,"column":null}},"29":{"start":{"line":167,"column":8},"end":{"line":176,"column":null}},"30":{"start":{"line":168,"column":10},"end":{"line":168,"column":null}},"31":{"start":{"line":169,"column":10},"end":{"line":170,"column":null}},"32":{"start":{"line":171,"column":10},"end":{"line":175,"column":null}},"33":{"start":{"line":177,"column":8},"end":{"line":184,"column":null}},"34":{"start":{"line":178,"column":10},"end":{"line":178,"column":null}},"35":{"start":{"line":179,"column":10},"end":{"line":179,"column":null}},"36":{"start":{"line":180,"column":10},"end":{"line":183,"column":null}},"37":{"start":{"line":185,"column":8},"end":{"line":196,"column":null}},"38":{"start":{"line":186,"column":10},"end":{"line":190,"column":null}},"39":{"start":{"line":191,"column":10},"end":{"line":191,"column":null}},"40":{"start":{"line":192,"column":10},"end":{"line":195,"column":null}},"41":{"start":{"line":185,"column":45},"end":{"line":185,"column":null}},"42":{"start":{"line":160,"column":59},"end":{"line":160,"column":65}},"43":{"start":{"line":164,"column":24},"end":{"line":164,"column":null}},"44":{"start":{"line":169,"column":69},"end":{"line":169,"column":71}},"45":{"start":{"line":174,"column":19},"end":{"line":174,"column":20}},"46":{"start":{"line":179,"column":63},"end":{"line":179,"column":65}},"47":{"start":{"line":181,"column":78},"end":{"line":181,"column":null}},"48":{"start":{"line":191,"column":64},"end":{"line":191,"column":66}},"49":{"start":{"line":193,"column":79},"end":{"line":193,"column":null}},"50":{"start":{"line":145,"column":16},"end":{"line":145,"column":54}},"51":{"start":{"line":145,"column":2},"end":{"line":145,"column":null}},"52":{"start":{"line":203,"column":29},"end":{"line":203,"column":66}},"53":{"start":{"line":205,"column":14},"end":{"line":205,"column":79}},"54":{"start":{"line":210,"column":29},"end":{"line":210,"column":68}},"55":{"start":{"line":212,"column":14},"end":{"line":214,"column":20}},"56":{"start":{"line":219,"column":29},"end":{"line":219,"column":63}},"57":{"start":{"line":221,"column":14},"end":{"line":221,"column":77}},"58":{"start":{"line":203,"column":66},"end":{"line":203,"column":75}},"59":{"start":{"line":205,"column":79},"end":{"line":205,"column":null}},"60":{"start":{"line":210,"column":68},"end":{"line":210,"column":77}},"61":{"start":{"line":214,"column":20},"end":{"line":214,"column":null}},"62":{"start":{"line":219,"column":63},"end":{"line":219,"column":72}},"63":{"start":{"line":221,"column":77},"end":{"
[...]
tart":{"line":61,"column":29},"end":{"line":65,"column":10}},"9":{"start":{"line":68,"column":8},"end":{"line":70,"column":null}},"10":{"start":{"line":69,"column":10},"end":{"line":69,"column":null}},"11":{"start":{"line":72,"column":23},"end":{"line":76,"column":null}},"12":{"start":{"line":78,"column":28},"end":{"line":78,"column":null}},"13":{"start":{"line":80,"column":51},"end":{"line":86,"column":null}},"14":{"start":{"line":88,"column":21},"end":{"line":88,"column":null}},"15":{"start":{"line":91,"column":8},"end":{"line":91,"column":null}},"16":{"start":{"line":93,"column":24},"end":{"line":93,"column":null}},"17":{"start":{"line":96,"column":8},"end":{"line":96,"column":null}},"18":{"start":{"line":101,"column":8},"end":{"line":110,"column":null}},"19":{"start":{"line":112,"column":8},"end":{"line":116,"column":null}},"20":{"start":{"line":118,"column":8},"end":{"line":118,"column":null}},"21":{"start":{"line":118,"column":29},"end":{"line":118,"column":54}},"22":{"start":{"line":125,"column":6},"end":{"line":171,"column":null}},"23":{"start":{"line":126,"column":8},"end":{"line":126,"column":null}},"24":{"start":{"line":128,"column":21},"end":{"line":128,"column":null}},"25":{"start":{"line":130,"column":8},"end":{"line":130,"column":null}},"26":{"start":{"line":130,"column":26},"end":{"line":130,"column":null}},"27":{"start":{"line":132,"column":38},"end":{"line":132,"column":null}},"28":{"start":{"line":137,"column":8},"end":{"line":141,"column":null}},"29":{"start":{"line":137,"column":29},"end":{"line":141,"column":10}},"30":{"start":{"line":143,"column":23},"end":{"line":147,"column":null}},"31":{"start":{"line":149,"column":28},"end":{"line":149,"column":null}},"32":{"start":{"line":153,"column":8},"end":{"line":162,"column":null}},"33":{"start":{"line":164,"column":8},"end":{"line":168,"column":null}},"34":{"start":{"line":170,"column":8},"end":{"line":170,"column":null}},"35":{"start":{"line":170,"column":29},"end":{"line":170,"column":54}},"36":{"start":{"line":212,"column":6},"end":{"line":228,"column":null}},"37":{"start":{"line":213,"column":21},"end":{"line":213,"column":null}},"38":{"start":{"line":215,"column":8},"end":{"line":217,"column":null}},"39":{"start":{"line":216,"column":10},"end":{"line":216,"column":null}},"40":{"start":{"line":219,"column":41},"end":{"line":219,"column":null}},"41":{"start":{"line":221,"column":8},"end":{"line":221,"column":null}},"42":{"start":{"line":223,"column":8},"end":{"line":227,"column":null}},"43":{"start":{"line":223,"column":29},"end":{"line":227,"column":10}},"44":{"start":{"line":233,"column":6},"end":{"line":257,"column":null}},"45":{"start":{"line":234,"column":21},"end":{"line":234,"column":null}},"46":{"start":{"line":236,"column":8},"end":{"line":238,"column":null}},"47":{"start":{"line":237,"column":10},"end":{"line":237,"column":null}},"48":{"start":{"line":240,"column":29},"end":{"line":240,"column":null}},"49":{"start":{"line":242,"column":23},"end":{"line":246,"column":null}},"50":{"start":{"line":248,"column":28},"end":{"line":248,"column":null}},"51":{"start":{"line":250,"column":8},"end":{"line":250,"column":null}},"52":{"start":{"line":252,"column":8},"end":{"line":256,"column":null}},"53":{"start":{"line":252,"column":29},"end":{"line":256,"column":10}},"54":{"start":{"line":262,"column":22},"end":{"line":262,"column":null}}},"fnMap":{"0":{"name":"createStore","decl":{"start":{"line":42,"column":9},"end":{"line":42,"column":23}},"loc":{"start":{"line":42,"column":23},"end":{"line":260,"column":null}}},"1":{"name":"(anonymous_1)","decl":{"start":{"line":47,"column":16},"end":{"line":47,"column":34}},"loc":{"start":{"line":47,"column":34},"end":{"line":52,"column":null}}},"2":{"name":"(anonymous_2)","decl":{"start":{"line":57,"column":13},"end":{"line":57,"column":29}},"loc":{"start":{"line":57,"column":64},"end":{"line":120,"column":null}}},"3":{"name":"(anonymous_3)","decl":{"start":{"line":61,"column":21},"end":{"line":61,"column":22}},"loc":{"start":{"line":61,"column":29},"end":{"line":65,"column":10}}},"4":{"name":"(anonymous_4)","decl":{"start":{"line":118,"column":21},"end":{"line":118,"column":22}},"loc":{"start":{"line":118,"column":29},"end":{"line":118,"column":54}}},"5":{"name":"(anonymous_5)","decl":{"start":{"line":124,"column":23},"end":{"line":124,"column":56}},"loc":{"start":{"line":124,"column":56},"end":{"line":172,"column":null}}},"6":{"name":"(anonymous_6)","decl":{"start":{"line":137,"column":21},"end":{"line":137,"column":22}},"loc":{"start":{"line":137,"column":29},"end":{"line":141,"column":10}}},"7":{"name":"(anonymous_7)","decl":{"start":{"line":170,"column":21},"end":{"line":170,"column":22}},"loc":{"start":{"line":170,"column":29},"end":{"line":170,"column":54}}},"8":{"name":"(anonymous_8)","decl":{"start":{"line":208,"column":12},"end":{"line":208,"column":null}},"loc":{"start":{"line":211,"column":53},"end":{"line":229,"column":null}}},"9":{"name":"(anonymous_9)","decl":{"start":{"line":223,"column":21},"end":{"line":223,"column":22}},"loc":{"start":{"line":223,"column":29},"end":{"line":227,"column":10}}},"10":{"name":"(anonymous_10)","decl":{"start":{"line":230,"column":20},"end":{"line":230,"column":null}},"loc":{"start":{"line":232,"column":60},"end":{"line":258,"column":null}}},"11":{"name":"(anonymous_11)","decl":{"start":{"line":252,"column":21},"end":{"line":252,"column":22}},"loc":{"start":{"line":252,"column":29},"end":{"line":256,"column":10}}}},"branchMap":{"0":{"loc":{"start":{"line":68,"column":8},"end":{"line":70,"column":null}},"type":"if","locations":[{"start":{"line":68,"column":8},"end":{"line":70,"column":null}},{"start":{"line":68,"column":8},"end":{"line":70,"column":null}}]},"1":{"loc":{"start":{"line":68,"column":12},"end":{"line":68,"column":55}},"type":"binary-expr","locations":[{"start":{"line":68,"column":12},"end":{"line":68,"column":38}},{"start":{"line":68,"column":38},"end":{"line":68,"column":55}}]},"2":{"loc":{"start":{"line":115,"column":12},"end":{"line":115,"column":null}},"type":"cond-expr","locations":[{"start":{"line":115,"column":37},"end":{"line":115,"column":53}},{"start":{"line":115,"column":53},"end":{"line":115,"column":null}}]},"3":{"loc":{"start":{"line":130,"column":8},"end":{"line":130,"column":null}},"type":"if","locations":[{"start":{"line":130,"column":8},"end":{"line":130,"column":null}},{"start":{"line":130,"column":8},"end":{"line":130,"column":null}}]},"4":{"loc":{"start":{"line":167,"column":12},"end":{"line":167,"column":null}},"type":"cond-expr","locations":[{"start":{"line":167,"column":37},"end":{"line":167,"column":53}},{"start":{"line":167,"column":53},"end":{"line":167,"column":null}}]},"5":{"loc":{"start":{"line":215,"column":8},"end":{"line":217,"column":null}},"type":"if","locations":[{"start":{"line":215,"column":8},"end":{"line":217,"column":null}},{"start":{"line":215,"column":8},"end":{"line":217,"column":null}}]},"6":{"loc":{"start":{"line":226,"column":12},"end":{"line":226,"column":null}},"type":"cond-expr","locations":[{"start":{"line":226,"column":37},"end":{"line":226,"column":53}},{"start":{"line":226,"column":53},"end":{"line":226,"column":null}}]},"7":{"loc":{"start":{"line":236,"column":8},"end":{"line":238,"column":null}},"type":"if","locations":[{"start":{"line":236,"column":8},"end":{"line":238,"column":null}},{"start":{"line":236,"column":8},"end":{"line":238,"column":null}}]},"8":{"loc":{"start":{"line":255,"column":12},"end":{"line":255,"column":null}},"type":"cond-expr","locations":[{"start":{"line":255,"column":37},"end":{"line":255,"column":53}},{"start":{"line":255,"column":53},"end":{"line":255,"column":null}}]}},"s":{"0":0,"1":0,"2":0,"3":0,"4":0,"5":0,"6":0,"7":0,"8":0,"9":0,"10":0,"11":0,"12":0,"13":0,"14":0,"15":0,"16":0,"17":0,"18":0,"19":0,"20":0,"21":0,"22":0,"23":0,"24":0,"25":0,"26":0,"27":0,"28":0,"29":0,"30":0,"31":0,"32":0,"33":0,"34":0,"35":0,"36":0,"37":0,"38":0,"39":0,"40":0,"41":0,"42":0,"43":0,"44":0,"45":0,"46":0,"47":0,"48":0,"49":0,"50":0,"51":0,"52":0,"53":0,"54":0},"f":{"0":0,"1":0,"2":0,"3":0,"4":0,"5":0,"6":0,"7":0,"8":0,"9":0,"10":0,"11":0},"b":{"0":[0,0],"1":[0,0],"2":[0,0],"3":[0,0],"4":[0,0],"5":[0,0],"6":[0,0],"7":[0,0],"8":[0,0]}}
,"/home/federodes/Workspace/veFarm/client/src/utils/seconds-to-dhms.ts": {"path":"/home/federodes/Workspace/veFarm/client/src/utils/seconds-to-dhms.ts","statementMap":{"0":{"start":{"line":2,"column":16},"end":{"line":2,"column":null}},"1":{"start":{"line":4,"column":15},"end":{"line":4,"column":null}},"2":{"start":{"line":5,"column":2},"end":{"line":5,"column":null}},"3":{"start":{"line":7,"column":16},"end":{"line":7,"column":null}},"4":{"start":{"line":8,"column":2},"end":{"line":8,"column":null}},"5":{"start":{"line":10,"column":18},"end":{"line":10,"column":null}},"6":{"start":{"line":11,"column":2},"end":{"line":11,"column":null}},"7":{"start":{"line":13,"column":2},"end":{"line":13,"column":null}}},"fnMap":{"0":{"name":"secondsToDHMS","decl":{"start":{"line":1,"column":16},"end":{"line":1,"column":30}},"loc":{"start":{"line":1,"column":48},"end":{"line":14,"column":null}}}},"branchMap":{},"s":{"0":0,"1":0,"2":0,"3":0,"4":0,"5":0,"6":0,"7":0},"f":{"0":0},"b":{}}
,"/home/federodes/Workspace/veFarm/client/src/utils/seconds-to-trigger.ts": {"path":"/home/federodes/Workspace/veFarm/client/src/utils/seconds-to-trigger.ts","statementMap":{"0":{"start":{"line":18,"column":15},"end":{"line":18,"column":null}},"1":{"start":{"line":21,"column":2},"end":{"line":21,"column":null}},"2":{"start":{"line":21,"column":19},"end":{"line":21,"column":null}},"3":{"start":{"line":24,"column":2},"end":{"line":24,"column":null}},"4":{"start":{"line":24,"column":25},"end":{"line":24,"column":null}},"5":{"start":{"line":27,"column":15},"end":{"line":27,"column":null}},"6":{"start":{"line":30,"column":2},"end":{"line":30,"column":null}}},"fnMap":{"0":{"name":"secondsToTrigger","decl":{"start":{"line":13,"column":16},"end":{"line":13,"column":null}},"loc":{"start":{"line":17,"column":22},"end":{"line":31,"column":null}}}},"branchMap":{"0":{"loc":{"start":{"line":21,"column":2},"end":{"line":21,"column":null}},"type":"if","locations":[{"start":{"line":21,"column":2},"end":{"line":21,"column":null}},{"start":{"line":21,"column":2},"end":{"line":21,"column":null}}]},"1":{"loc":{"start":{"line":24,"column":2},"end":{"line":24,"column":null}},"type":"if","locations":[{"start":{"line":24,"column":2},"end":{"line":24,"column":null}},{"start":{"line":24,"column":2},"end":{"line":24,"column":null}}]}},"s":{"0":0,"1":0,"2":0,"3":0,"4":0,"5":0,"6":0},"f":{"0":0},"b":{"0":[0,0],"1":[0,0]}}
,"/home/federodes/Workspace/veFarm/client/src/utils/shorten-address.ts": {"path":"/home/federodes/Workspace/veFarm/client/src/utils/shorten-address.ts","statementMap":{"0":{"start":{"line":2,"column":16},"end":{"line":2,"column":null}},"1":{"start":{"line":3,"column":17},"end":{"line":3,"column":null}},"2":{"start":{"line":4,"column":2},"end":{"line":4,"column":null}},"3":{"start":{"line":4,"column":22},"end":{"line":4,"column":null}},"4":{"start":{"line":5,"column":25},"end":{"line":5,"column":null}},"5":{"start":{"line":6,"column":2},"end":{"line":6,"column":null}}},"fnMap":{"0":{"name":"shortenAddress","decl":{"start":{"line":1,"column":16},"end":{"line":1,"column":31}},"loc":{"start":{"line":1,"column":49},"end":{"line":7,"column":null}}}},"branchMap":{"0":{"loc":{"start":{"line":4,"column":2},"end":{"line":4,"column":null}},"type":"if","locations":[{"start":{"line":4,"column":2},"end":{"line":4,"column":null}},{"start":{"line":4,"column":2},"end":{"line":4,"column":null}}]}},"s":{"0":0,"1":0,"2":0,"3":0,"4":0,"5":0},"f":{"0":0},"b":{"0":[0,0]}}
,"/home/federodes/Workspace/veFarm/client/src/utils/time-since.ts": {"path":"/home/federodes/Workspace/veFarm/client/src/utils/time-since.ts","statementMap":{"0":{"start":{"line":2,"column":18},"end":{"line":2,"column":null}},"1":{"start":{"line":3,"column":17},"end":{"line":3,"column":null}},"2":{"start":{"line":5,"column":2},"end":{"line":7,"column":null}},"3":{"start":{"line":6,"column":4},"end":{"line":6,"column":null}},"4":{"start":{"line":8,"column":2},"end":{"line":8,"column":null}},"5":{"start":{"line":9,"column":2},"end":{"line":11,"column":null}},"6":{"start":{"line":10,"column":4},"end":{"line":10,"column":null}},"7":{"start":{"line":12,"column":2},"end":{"line":12,"column":null}},"8":{"start":{"line":13,"column":2},"end":{"line":15,"column":null}},"9":{"start":{"line":14,"column":4},"end":{"line":14,"column":null}},"10":{"start":{"line":16,"column":2},"end":{"line":16,"column":null}},"11":{"start":{"line":17,"column":2},"end":{"line":19,"column":null}},"12":{"start":{"line":18,"column":4},"end":{"line":18,"column":null}},"13":{"start":{"line":20,"column":2},"end":{"line":20,"column":null}},"14":{"start":{"line":21,"column":2},"end":{"line":23,"column":null}},"15":{"start":{"line":22,"column":4},"end":{"line":22,"column":null}},"16":{"start":{"line":24,"column":2},"end":{"line":24,"column":null}}},"fnMap":{"0":{"name":"timeSince","decl":{"start":{"line":1,"column":16},"end":{"line":1,"column":26}},"loc":{"start":{"line":1,"column":46},"end":{"line":25,"column":null}}}},"branchMap":{"0":{"loc":{"start":{"line":5,"column":2},"end":{"line":7,"column":null}},"type":"if","locations":[{"start":{"line":5,"column":2},"end":{"line":7,"column":null}},{"start":{"line":5,"column":2},"end":{"line":7,"column":null}}]},"1":{"loc":{"start":{"line":9,"column":2},"end":{"line":11,"column":null}},"type":"if","locations":[{"start":{"line":9,"column":2},"end":{"line":11,"column":null}},{"start":{"line":9,"column":2},"end":{"line":11,"column":null}}]},"2":{"loc":{"start":{"line":13,"column":2},"end":{"line":15,"column":null}},"type":"if","locations":[{"start":{"line":13,"column":2},"end":{"line":15,"column":null}},{"start":{"line":13,"column":2},"end":{"line":15,"column":null}}]},"3":{"loc":{"start":{"line":17,"column":2},"end":{"line":19,"column":null}},"type":"if","locations":[{"start":{"line":17,"column":2},"end":{"line":19,"column":null}},{"start":{"line":17,"column":2},"end":{"line":19,"column":null}}]},"4":{"loc":{"start":{"line":21,"column":2},"end":{"line":23,"column":null}},"type":"if","locations":[{"start":{"line":21,"column":2},"end":{"line":23,"column":null}},{"start":{"line":21,"column":2},"end":{"line":23,"column":null}}]}},"s":{"0":0,"1":0,"2":0,"3":0,"4":0,"5":0,"6":0,"7":0,"8":0,"9":0,"10":0,"11":0,"12":0,"13":0,"14":0,"15":0,"16":0},"f":{"0":0},"b":{"0":[0,0],"1":[0,0],"2":[0,0],"3":[0,0],"4":[0,0]}}
,"/home/federodes/Workspace/veFarm/client/src/utils/choose-solution/choose-solution.ts": {"path":"/home/federodes/Workspace/veFarm/client/src/utils/choose-solution/choose-solution.ts","statementMap":{"0":{"start":{"line":19,"column":12},"end":{"line":19,"column":null}},"1":{"start":{"line":23,"column":2},"end":{"line":27,"column":null}},"2":{"start":{"line":24,"column":4},"end":{"line":26,"column":null}},"3":{"start":{"line":25,"column":6},"end":{"line":25,"column":null}},"4":{"start":{"line":29,"column":2},"end":{"line":29,"column":null}}},"fnMap":{"0":{"name":"chooseSolution","decl":{"start":{"line":13,"column":16},"end":{"line":13,"column":null}},"loc":{"start":{"line":17,"column":7},"end":{"line":30,"column":null}}}},"branchMap":{"0":{"loc":{"start":{"line":24,"column":4},"end":{"line":26,"column":null}},"type":"if","locations":[{"start":{"line":24,"column":4},"end":{"line":26,"column":null}},{"start":{"line":24,"column":4},"end":{"line":26,"column":null}}]}},"s":{"0":0,"1":0,"2":0,"3":0,"4":0},"f":{"0":0},"b":{"0":[0,0]}}
,"/home/federodes/Workspace/veFarm/client/src/utils/expand-to-18-decimals/expand-to-18-decimals.ts": {"path":"/home/federodes/Workspace/veFarm/client/src/utils/expand-to-18-decimals/expand-to-18-decimals.ts","statementMap":{"0":{"start":{"line":8,"column":2},"end":{"line":8,"column":null}}},"fnMap":{"0":{"name":"expandTo18Decimals","decl":{"start":{"line":7,"column":16},"end":{"line":7,"column":35}},"loc":{"start":{"line":7,"column":70},"end":{"line":9,"column":null}}}},"branchMap":{},"s":{"0":20},"f":{"0":20},"b":{}}
,"/home/federodes/Workspace/veFarm/client/src/utils/format-units/format-units.ts": {"path":"/home/federodes/Workspace/veFarm/client/src/utils/format-units/format-units.ts","statementMap":{"0":{"start":{"line":11,"column":16},"end":{"line":11,"column":null}},"1":{"start":{"line":12,"column":2},"end":{"line":12,"column":null}}},"fnMap":{"0":{"name":"formatUnits","decl":{"start":{"line":10,"column":16},"end":{"line":10,"column":28}},"loc":{"start":{"line":10,"column":73},"end":{"line":13,"column":null}}}},"branchMap":{"0":{"loc":{"start":{"line":12,"column":9},"end":{"line":12,"column":null}},"type":"cond-expr","locations":[{"start":{"line":12,"column":28},"end":{"line":12,"column":69}},{"start":{"line":12,"column":69},"end":{"line":12,"column":null}}]}},"s":{"0":15,"1":15},"f":{"0":15},"b":{"0":[12,3]}}
,"/home/federodes/Workspace/veFarm/client/src/utils/is-numeric/is-numeric.ts": {"path":"/home/federodes/Workspace/veFarm/client/src/utils/is-numeric/is-numeric.ts","statementMap":{"0":{"start":{"line":7,"column":2},"end":{"line":7,"column":null}},"1":{"start":{"line":7,"column":24},"end":{"line":7,"column":null}},"2":{"start":{"line":8,"column":2},"end":{"line":8,"column":null}}},"fnMap":{"0":{"name":"isNumeric","decl":{"start":{"line":6,"column":16},"end":{"line":6,"column":26}},"loc":{"start":{"line":6,"column":48},"end":{"line":9,"column":null}}}},"branchMap":{"0":{"loc":{"start":{"line":7,"column":2},"end":{"line":7,"column":null}},"type":"if","locations":[{"start":{"line":7,"column":2},"end":{"line":7,"column":null}},{"start":{"line":7,"column":2},"end":{"line":7,"column":null}}]}},"s":{"0":88,"1":1,"2":87},"f":{"0":88},"b":{"0":[1,87]}}
,"/home/federodes/Workspace/veFarm/client/src/utils/is-zero-or-empty/is-zero-or-empty.ts": {"path":"/home/federodes/Workspace/veFarm/client/src/utils/is-zero-or-empty/is-zero-or-empty.ts","statementMap":{"0":{"start":{"line":9,"column":2},"end":{"line":9,"column":null}}},"fnMap":{"0":{"name":"isZeroOrEmpty","decl":{"start":{"line":8,"column":16},"end":{"line":8,"column":30}},"loc":{"start":{"line":8,"column":52},"end":{"line":10,"column":null}}}},"branchMap":{"0":{"loc":{"start":{"line":9,"column":9},"end":{"line":9,"column":null}},"type":"binary-expr","locations":[{"start":{"line":9,"column":9},"end":{"line":9,"column":30}},{"start":{"line":9,"column":30},"end":{"line":9,"column":null}}]}},"s":{"0":5},"f":{"0":5},"b":{"0":[5,3]}}
,"/home/federodes/Workspace/veFarm/client/src/utils/truncate-decimal-string/truncate-decimal-string.ts": {"path":"/home/federodes/Workspace/veFarm/client/src/utils/truncate-decimal-string/truncate-decimal-string.ts","statementMap":{"0":{"start":{"line":8,"column":17},"end":{"line":8,"column":null}},"1":{"start":{"line":10,"column":2},"end":{"line":12,"column":null}},"2":{"start":{"line":11,"column":4},"end":{"line":11,"column":null}},"3":{"start":{"line":14,"column":16},"end":{"line":14,"column":null}},"4":{"start":{"line":16,"column":2},"end":{"line":18,"column":null}},"5":{"start":{"line":17,"column":4},"end":{"line":17,"column":null}},"6":{"start":{"line":20,"column":2},"end":{"line":20,"column":null}}},"fnMap":{"0":{"name":"truncateDecimalString","decl":{"start":{"line":7,"column":16},"end":{"line":7,"column":38}},"loc":{"start":{"line":7,"column":77},"end":{"line":21,"column":null}}}},"branchMap":{"0":{"loc":{"start":{"line":10,"column":2},"end":{"line":12,"column":null}},"type":"if","locations":[{"start":{"line":10,"column":2},"end":{"line":12,"column":null}},{"start":{"line":10,"column":2},"end":{"line":12,"column":null}}]},"1":{"loc":{"start":{"line":16,"column":2},"end":{"line":18,"column":null}},"type":"if","locations":[{"start":{"line":16,"column":2},"end":{"line":18,"column":null}},{"start":{"line":16,"column":2},"end":{"line":18,"column":null}}]}},"s":{"0":22,"1":22,"2":2,"3":20,"4":20,"5":6,"6":14},"f":{"0":22},"b":{"0":[2,20],"1":[6,14]}}
}
