TN:
SF:src/App.svelte
FNF:0
FNH:0
DA:22,0
DA:26,0
DA:28,0
DA:30,0
DA:37,0
DA:45,0
DA:47,0
DA:51,0
DA:52,0
DA:60,0
DA:65,0
DA:66,0
DA:72,0
DA:73,0
DA:74,0
DA:86,0
DA:92,0
DA:95,0
DA:99,0
DA:103,0
DA:104,0
DA:105,0
DA:109,0
DA:112,0
DA:115,0
DA:116,0
DA:117,0
DA:119,0
DA:126,0
DA:129,0
DA:132,0
DA:136,0
DA:137,0
DA:143,0
DA:146,0
DA:152,0
DA:156,0
LF:37
LH:0
BRDA:116,0,0,0
BRDA:116,0,1,0
BRDA:116,1,0,0
BRDA:116,1,1,0
BRDA:116,1,2,0
BRDA:119,2,0,0
BRDA:119,2,1,0
BRDA:132,3,0,0
BRDA:132,3,1,0
BRDA:95,4,0,0
BRDA:95,4,1,0
BRDA:99,5,0,0
BRDA:99,5,1,0
BRDA:103,6,0,0
BRDA:103,6,1,0
BRDA:136,7,0,0
BRDA:136,7,1,0
BRDA:156,8,0,0
BRDA:156,8,1,0
BRDA:27,9,0,0
BRDA:27,9,1,0
BRDA:29,10,0,0
BRDA:29,10,1,0
BRF:23
BRH:0
end_of_record
TN:
SF:src/main.ts
FNF:0
FNH:0
DA:4,0
LF:1
LH:0
BRF:0
BRH:0
end_of_record
TN:
SF:src/assets/ChevronDown.svelte
FNF:0
FNH:0
DA:1,0
DA:10,0
LF:2
LH:0
BRDA:8,0,0,0
BRDA:8,0,1,0
BRF:2
BRH:0
end_of_record
TN:
SF:src/assets/Close.svelte
FNF:0
FNH:0
DA:1,0
DA:8,0
DA:14,0
LF:3
LH:0
BRDA:6,0,0,0
BRDA:6,0,1,0
BRF:2
BRH:0
end_of_record
TN:
SF:src/assets/QuestionMark.svelte
FNF:0
FNH:0
DA:1,0
DA:8,0
DA:14,0
LF:3
LH:0
BRDA:6,0,0,0
BRDA:6,0,1,0
BRF:2
BRH:0
end_of_record
TN:
SF:src/blockchain/connex-utils.ts
FN:30,(anonymous_0)
FN:38,(anonymous_1)
FN:42,(anonymous_2)
FN:58,(anonymous_3)
FN:62,(anonymous_4)
FN:78,(anonymous_5)
FN:82,(anonymous_6)
FN:97,(anonymous_7)
FN:132,(anonymous_8)
FN:157,(anonymous_9)
FN:180,(anonymous_10)
FN:209,(anonymous_11)
FN:217,(anonymous_12)
FN:232,(anonymous_13)
FN:241,(anonymous_14)
FN:255,(anonymous_15)
FN:275,(anonymous_16)
FN:291,(anonymous_17)
FN:311,(anonymous_18)
FNF:19
FNH:0
FNDA:0,(anonymous_0)
FNDA:0,(anonymous_1)
FNDA:0,(anonymous_2)
FNDA:0,(anonymous_3)
FNDA:0,(anonymous_4)
FNDA:0,(anonymous_5)
FNDA:0,(anonymous_6)
FNDA:0,(anonymous_7)
FNDA:0,(anonymous_8)
FNDA:0,(anonymous_9)
FNDA:0,(anonymous_10)
FNDA:0,(anonymous_11)
FNDA:0,(anonymous_12)
FNDA:0,(anonymous_13)
FNDA:0,(anonymous_14)
FNDA:0,(anonymous_15)
FNDA:0,(anonymous_16)
FNDA:0,(anonymous_17)
FNDA:0,(anonymous_18)
DA:30,0
DA:42,0
DA:43,0
DA:48,0
DA:62,0
DA:63,0
DA:68,0
DA:82,0
DA:83,0
DA:98,0
DA:103,0
DA:104,0
DA:105,0
DA:106,0
DA:111,0
DA:115,0
DA:117,0
DA:118,0
DA:124,0
DA:133,0
DA:138,0
DA:147,0
DA:162,0
DA:184,0
DA:186,0
DA:187,0
DA:188,0
DA:191,0
DA:193,0
DA:195,0
DA:196,0
DA:199,0
DA:200,0
DA:210,0
DA:218,0
DA:220,0
DA:221,0
DA:224,0
DA:233,0
DA:242,0
DA:244,0
DA:257,0
DA:263,0
DA:268,0
DA:279,0
DA:281,0
DA:282,0
DA:290,0
DA:291,0
DA:293,0
DA:298,0
DA:300,0
DA:316,0
LF:53
LH:0
BRDA:104,0,0,0
BRDA:104,0,1,0
BRDA:104,1,0,0
BRDA:104,1,1,0
BRDA:105,2,0,0
BRDA:105,2,1,0
BRDA:117,3,0,0
BRDA:117,3,1,0
BRDA:117,4,0,0
BRDA:117,4,1,0
BRDA:160,5,0,0
BRDA:182,6,0,0
BRDA:187,7,0,0
BRDA:187,7,1,0
BRDA:195,8,0,0
BRDA:195,8,1,0
BRDA:199,9,0,0
BRDA:199,9,1,0
BRDA:220,10,0,0
BRDA:220,10,1,0
BRDA:281,11,0,0
BRDA:281,11,1,0
BRDA:298,12,0,0
BRDA:298,12,1,0
BRF:24
BRH:0
end_of_record
TN:
SF:src/components/button/Button.stories.svelte
FNF:0
FNH:0
DA:9,0
LF:1
LH:0
BRDA:9,0,0,0
BRF:1
BRH:0
end_of_record
TN:
SF:src/components/button/Button.svelte
FNF:0
FNH:0
DA:14,0
DA:15,0
DA:16,0
DA:17,0
DA:18,0
DA:80,0
DA:93,0
LF:7
LH:0
BRDA:93,0,0,0
BRDA:93,0,1,0
BRDA:84,1,0,0
BRDA:84,1,1,0
BRDA:85,2,0,0
BRDA:85,2,1,0
BRDA:14,3,0,0
BRDA:15,4,0,0
BRDA:16,5,0,0
BRDA:17,6,0,0
BRDA:18,7,0,0
BRF:11
BRH:0
end_of_record
TN:
SF:src/components/config-form/ConfigForm.stories.svelte
FNF:0
FNH:0
DA:9,0
LF:1
LH:0
BRF:0
BRH:0
end_of_record
TN:
SF:src/components/config-form/ConfigForm.svelte
FNF:0
FNH:0
DA:20,0
DA:26,0
DA:28,0
DA:33,0
DA:35,0
DA:37,0
DA:45,0
DA:53,0
DA:61,0
DA:68,0
DA:71,0
DA:73,0
DA:75,0
DA:81,0
DA:88,0
DA:92,0
DA:95,0
DA:99,0
DA:100,0
DA:104,0
DA:105,0
DA:109,0
DA:113,0
DA:117,0
DA:119,0
DA:124,0
DA:129,0
DA:130,0
DA:131,0
DA:134,0
DA:135,0
DA:137,0
DA:144,0
DA:145,0
DA:150,0
DA:152,0
DA:156,0
DA:158,0
DA:160,0
DA:162,0
DA:165,0
DA:170,0
DA:175,0
DA:178,0
DA:179,0
DA:180,0
DA:182,0
DA:189,0
DA:190,0
DA:193,0
DA:197,0
DA:201,0
DA:202,0
DA:205,0
DA:210,0
DA:214,0
DA:215,0
DA:218,0
DA:223,0
DA:224,0
DA:226,0
DA:227,0
DA:229,0
DA:230,0
DA:231,0
LF:65
LH:0
BRDA:190,0,0,0
BRDA:190,0,1,0
BRDA:201,1,0,0
BRDA:201,1,1,0
BRDA:201,2,0,0
BRDA:201,2,1,0
BRDA:202,3,0,0
BRDA:202,3,1,0
BRDA:214,4,0,0
BRDA:214,4,1,0
BRDA:214,4,2,0
BRDA:214,5,0,0
BRDA:214,5,1,0
BRDA:215,6,0,0
BRDA:215,6,1,0
BRDA:224,7,0,0
BRDA:224,7,1,0
BRDA:224,8,0,0
BRDA:224,8,1,0
BRDA:227,9,0,0
BRDA:227,9,1,0
BRDA:227,10,0,0
BRDA:227,10,1,0
BRDA:231,11,0,0
BRDA:231,11,1,0
BRDA:231,12,0,0
BRDA:231,12,1,0
BRDA:175,13,0,0
BRDA:175,13,1,0
BRDA:178,14,0,0
BRDA:178,14,1,0
BRDA:189,15,0,0
BRDA:189,15,1,0
BRDA:193,16,0,0
BRDA:193,16,1,0
BRDA:197,17,0,0
BRDA:197,17,1,0
BRDA:210,18,0,0
BRDA:210,18,1,0
BRDA:223,19,0,0
BRDA:223,19,1,0
BRDA:223,19,2,0
BRDA:226,20,0,0
BRDA:226,20,1,0
BRDA:226,20,2,0
BRDA:229,21,0,0
BRDA:229,21,1,0
BRDA:229,21,2,0
BRDA:170,22,0,0
BRDA:170,22,1,0
BRDA:175,23,0,0
BRDA:175,23,1,0
BRDA:178,24,0,0
BRDA:178,24,1,0
BRDA:179,25,0,0
BRDA:179,25,1,0
BRDA:223,26,0,0
BRDA:223,26,1,0
BRDA:226,27,0,0
BRDA:226,27,1,0
BRDA:229,28,0,0
BRDA:229,28,1,0
BRDA:68,29,0,0
BRDA:68,29,1,0
BRDA:135,30,0,0
BRDA:135,30,1,0
BRDA:143,31,0,0
BRDA:143,31,1,0
BRDA:143,31,2,0
BRDA:152,32,0,0
BRDA:152,32,1,0
BRF:71
BRH:0
end_of_record
TN:
SF:src/components/connect-wallet-button/ConnectWalletButton.svelte
FNF:0
FNH:0
DA:12,0
DA:14,0
LF:2
LH:0
BRDA:10,0,0,0
BRDA:10,0,1,0
BRDA:11,1,0,0
BRDA:11,1,1,0
BRF:4
BRH:0
end_of_record
TN:
SF:src/components/divider/Divider.stories.svelte
FNF:0
FNH:0
DA:9,0
DA:11,0
LF:2
LH:0
BRDA:11,0,0,0
BRF:1
BRH:0
end_of_record
TN:
SF:src/components/divider/Divider.svelte
FNF:0
FNH:0
DA:2,0
DA:5,0
DA:6,0
LF:3
LH:0
BRDA:6,0,0,0
BRDA:6,0,1,0
BRDA:6,1,0,0
BRDA:6,1,1,0
BRDA:2,2,0,0
BRF:5
BRH:0
end_of_record
TN:
SF:src/components/funds-warning/FundsWarning.svelte
FNF:0
FNH:0
DA:6,0
DA:7,0
DA:10,0
DA:12,0
DA:13,0
DA:14,0
DA:20,0
LF:7
LH:0
BRDA:12,0,0,0
BRDA:12,0,1,0
BRDA:6,1,0,0
BRDA:6,1,1,0
BRDA:6,1,2,0
BRDA:6,2,0,0
BRDA:6,2,1,0
BRF:7
BRH:0
end_of_record
TN:
SF:src/components/header/Header.svelte
FNF:0
FNH:0
DA:10,0
DA:13,0
DA:14,0
DA:18,0
DA:28,0
DA:33,0
DA:34,0
DA:35,0
DA:37,0
DA:38,0
DA:47,0
DA:50,0
DA:53,0
DA:54,0
DA:56,0
LF:15
LH:0
BRDA:35,0,0,0
BRDA:35,0,1,0
BRDA:35,1,0,0
BRDA:35,1,1,0
BRDA:35,1,2,0
BRDA:38,2,0,0
BRDA:38,2,1,0
BRDA:38,3,0,0
BRDA:38,3,1,0
BRDA:38,3,2,0
BRDA:33,4,0,0
BRDA:33,4,1,0
BRDA:33,4,2,0
BRDA:33,5,0,0
BRDA:33,5,1,0
BRF:15
BRH:0
end_of_record
TN:
SF:src/components/input/Input.stories.svelte
FNF:0
FNH:0
DA:9,0
LF:1
LH:0
BRF:0
BRH:0
end_of_record
TN:
SF:src/components/input/Input.svelte
FNF:0
FNH:0
DA:15,0
DA:16,0
DA:17,0
DA:18,0
DA:19,0
DA:20,0
DA:21,0
DA:23,0
DA:25,0
DA:28,0
DA:29,0
DA:30,0
DA:32,0
DA:33,0
DA:34,0
DA:43,0
DA:44,0
DA:46,0
DA:49,0
DA:52,0
DA:53,0
DA:57,0
DA:61,0
DA:62,0
DA:64,0
DA:65,0
LF:26
LH:0
BRDA:49,0,0,0
BRDA:49,0,1,0
BRDA:57,1,0,0
BRDA:57,1,1,0
BRDA:62,2,0,0
BRDA:62,2,1,0
BRDA:65,3,0,0
BRDA:65,3,1,0
BRDA:36,4,0,0
BRDA:36,4,1,0
BRDA:43,5,0,0
BRDA:43,5,1,0
BRDA:52,6,0,0
BRDA:52,6,1,0
BRDA:61,7,0,0
BRDA:61,7,1,0
BRDA:61,7,2,0
BRDA:64,8,0,0
BRDA:64,8,1,0
BRDA:30,9,0,0
BRDA:30,9,1,0
BRDA:32,10,0,0
BRDA:32,10,1,0
BRDA:36,11,0,0
BRDA:36,11,1,0
BRDA:36,11,2,0
BRDA:39,12,0,0
BRDA:39,12,1,0
BRDA:61,13,0,0
BRDA:61,13,1,0
BRDA:30,14,0,0
BRDA:30,14,1,0
BRDA:16,15,0,0
BRDA:18,16,0,0
BRDA:19,17,0,0
BRDA:20,18,0,0
BRDA:21,19,0,0
BRDA:25,20,0,0
BRDA:25,20,1,0
BRF:39
BRH:0
end_of_record
TN:
SF:src/components/layout/Layout.stories.svelte
FNF:0
FNH:0
DA:10,0
LF:1
LH:0
BRF:0
BRH:0
end_of_record
TN:
SF:src/components/layout/Layout.svelte
FNF:0
FNH:0
DA:9,0
LF:1
LH:0
BRF:0
BRH:0
end_of_record
TN:
SF:src/components/modal/Modal.stories.svelte
FNF:0
FNH:0
DA:5,0
DA:8,0
DA:15,0
DA:16,0
DA:18,0
DA:19,0
DA:20,0
LF:7
LH:0
BRDA:16,0,0,0
BRDA:16,0,1,0
BRDA:16,1,0,0
BRDA:16,1,1,0
BRDA:16,2,0,0
BRDA:16,2,1,0
BRDA:16,2,2,0
BRDA:18,3,0,0
BRDA:18,3,1,0
BRF:9
BRH:0
end_of_record
TN:
SF:src/components/modal/Modal.svelte
FNF:0
FNH:0
DA:6,0
DA:12,0
DA:15,0
DA:19,0
DA:20,0
DA:21,0
DA:25,0
DA:26,0
DA:27,0
DA:28,0
DA:34,0
DA:36,0
DA:42,0
DA:43,0
DA:44,0
DA:45,0
DA:48,0
DA:51,0
DA:52,0
DA:56,0
DA:64,0
LF:21
LH:0
BRDA:48,0,0,0
BRDA:48,0,1,0
BRDA:42,1,0,0
BRDA:42,1,1,0
BRDA:6,2,0,0
BRDA:15,3,0,0
BRDA:15,3,1,0
BRF:7
BRH:0
end_of_record
TN:
SF:src/components/past-trade/PastTrade.stories.svelte
FNF:0
FNH:0
DA:5,0
DA:8,0
DA:15,0
DA:16,0
DA:17,0
DA:20,0
LF:6
LH:0
BRDA:17,0,0,0
BRF:1
BRH:0
end_of_record
TN:
SF:src/components/past-trade/PastTrade.svelte
FNF:0
FNH:0
DA:2,0
DA:3,0
DA:4,0
DA:5,0
DA:6,0
DA:9,0
DA:10,0
DA:14,0
DA:16,0
DA:17,0
DA:19,0
DA:20,0
DA:21,0
DA:23,0
DA:24,0
DA:25,0
LF:16
LH:0
BRDA:17,0,0,0
BRDA:17,0,1,0
BRDA:17,1,0,0
BRDA:17,1,1,0
BRDA:21,2,0,0
BRDA:21,2,1,0
BRDA:21,3,0,0
BRDA:21,3,1,0
BRDA:25,4,0,0
BRDA:25,4,1,0
BRDA:10,5,0,0
BRDA:10,5,1,0
BRF:12
BRH:0
end_of_record
TN:
SF:src/components/revoke-allowance-button/RevokeAllowanceButton.stories.svelte
FNF:0
FNH:0
DA:9,0
LF:1
LH:0
BRF:0
BRH:0
end_of_record
TN:
SF:src/components/revoke-allowance-button/RevokeAllowanceButton.svelte
FNF:0
FNH:0
DA:6,0
DA:8,0
DA:15,0
DA:16,0
DA:18,0
DA:20,0
DA:21,0
DA:31,0
DA:37,0
DA:41,0
DA:42,0
LF:11
LH:0
BRDA:42,0,0,0
BRDA:42,0,1,0
BRDA:42,1,0,0
BRDA:42,1,1,0
BRDA:41,2,0,0
BRDA:41,2,1,0
BRDA:41,2,2,0
BRDA:41,3,0,0
BRDA:41,3,1,0
BRDA:6,4,0,0
BRF:10
BRH:0
end_of_record
TN:
SF:src/components/spinner/Spinner.svelte
FNF:0
FNH:0
DA:15,0
DA:16,0
DA:17,0
DA:18,0
DA:20,0
DA:21,0
DA:23,0
DA:26,0
DA:43,0
DA:46,0
DA:54,0
DA:56,0
DA:58,0
DA:60,0
LF:14
LH:0
BRDA:52,0,0,0
BRDA:52,0,1,0
BRDA:4,1,0,0
BRDA:16,2,0,0
BRDA:17,3,0,0
BRDA:18,4,0,0
BRDA:20,5,0,0
BRDA:21,6,0,0
BRDA:43,7,0,0
BRDA:43,7,1,0
BRDA:43,8,0,0
BRDA:43,8,1,0
BRF:12
BRH:0
end_of_record
TN:
SF:src/components/stat-item/StatItem.stories.svelte
FNF:0
FNH:0
DA:9,0
DA:10,0
LF:2
LH:0
BRDA:10,0,0,0
BRF:1
BRH:0
end_of_record
TN:
SF:src/components/stat-item/StatItem.svelte
FNF:0
FNH:0
DA:2,0
DA:3,0
DA:6,0
DA:7,0
DA:8,0
DA:10,0
DA:11,0
LF:7
LH:0
BRDA:8,0,0,0
BRDA:8,0,1,0
BRDA:11,1,0,0
BRDA:11,1,1,0
BRDA:2,2,0,0
BRDA:3,3,0,0
BRF:6
BRH:0
end_of_record
TN:
SF:src/components/stats/Stats.stories.svelte
FNF:0
FNH:0
DA:9,0
LF:1
LH:0
BRF:0
BRH:0
end_of_record
TN:
SF:src/components/stats/Stats.svelte
FNF:0
FNH:0
DA:39,0
DA:43,0
DA:45,0
DA:53,0
DA:59,0
DA:64,0
DA:65,0
DA:66,0
DA:68,0
DA:76,0
DA:77,0
LF:11
LH:0
BRDA:65,0,0,0
BRDA:65,0,1,0
BRDA:66,1,0,0
BRDA:66,1,1,0
BRDA:68,2,0,0
BRDA:68,2,1,0
BRDA:77,3,0,0
BRDA:77,3,1,0
BRDA:64,4,0,0
BRDA:64,4,1,0
BRDA:64,4,2,0
BRDA:76,5,0,0
BRDA:76,5,1,0
BRDA:64,6,0,0
BRDA:64,6,1,0
BRDA:43,7,0,0
BRDA:43,7,1,0
BRDA:53,8,0,0
BRDA:53,8,1,0
BRF:19
BRH:0
end_of_record
TN:
SF:src/components/trades-forecast/TradesForecast.svelte
FNF:0
FNH:0
DA:17,0
DA:26,0
DA:29,0
DA:38,0
DA:40,0
DA:57,0
DA:60,0
DA:66,0
DA:93,0
DA:96,0
DA:102,0
DA:144,0
DA:145,0
DA:146,0
DA:147,0
DA:148,0
DA:150,0
DA:151,0
DA:152,0
DA:153,0
DA:154,0
DA:157,0
DA:158,0
DA:159,0
DA:160,0
DA:161,0
DA:162,0
DA:164,0
DA:167,0
DA:168,0
DA:169,0
DA:171,0
DA:172,0
DA:174,0
DA:177,0
DA:178,0
DA:179,0
DA:180,0
DA:181,0
DA:185,0
DA:186,0
DA:189,0
DA:191,0
DA:192,0
DA:193,0
DA:199,0
DA:200,0
DA:201,0
DA:202,0
DA:203,0
DA:204,0
DA:205,0
DA:208,0
DA:209,0
DA:210,0
DA:211,0
DA:212,0
DA:214,0
DA:217,0
DA:218,0
DA:219,0
DA:220,0
DA:221,0
LF:63
LH:0
BRDA:162,0,0,0
BRDA:162,0,1,0
BRDA:172,1,0,0
BRDA:172,1,1,0
BRDA:181,2,0,0
BRDA:181,2,1,0
BRDA:193,3,0,0
BRDA:193,3,1,0
BRDA:199,4,0,0
BRDA:199,4,1,0
BRDA:160,5,0,0
BRDA:160,5,1,0
BRDA:160,6,0,0
BRDA:160,6,1,0
BRDA:160,6,2,0
BRDA:162,7,0,0
BRDA:162,7,1,0
BRDA:162,8,0,0
BRDA:162,8,1,0
BRDA:162,8,2,0
BRDA:169,9,0,0
BRDA:169,9,1,0
BRDA:169,10,0,0
BRDA:169,10,1,0
BRDA:169,10,2,0
BRDA:172,11,0,0
BRDA:172,11,1,0
BRDA:172,12,0,0
BRDA:172,12,1,0
BRDA:172,12,2,0
BRDA:179,13,0,0
BRDA:179,13,1,0
BRDA:179,14,0,0
BRDA:179,14,1,0
BRDA:179,14,2,0
BRDA:181,15,0,0
BRDA:181,15,1,0
BRDA:181,16,0,0
BRDA:181,16,1,0
BRDA:181,16,2,0
BRDA:191,17,0,0
BRDA:191,17,1,0
BRDA:191,18,0,0
BRDA:191,18,1,0
BRDA:191,18,2,0
BRDA:193,19,0,0
BRDA:193,19,1,0
BRDA:193,20,0,0
BRDA:193,20,1,0
BRDA:193,20,2,0
BRDA:205,21,0,0
BRDA:205,21,1,0
BRDA:212,22,0,0
BRDA:212,22,1,0
BRDA:221,23,0,0
BRDA:221,23,1,0
BRDA:203,24,0,0
BRDA:203,24,1,0
BRDA:203,25,0,0
BRDA:203,25,1,0
BRDA:203,25,2,0
BRDA:205,26,0,0
BRDA:205,26,1,0
BRDA:205,27,0,0
BRDA:205,27,1,0
BRDA:205,27,2,0
BRDA:210,28,0,0
BRDA:210,28,1,0
BRDA:210,29,0,0
BRDA:210,29,1,0
BRDA:210,29,2,0
BRDA:212,30,0,0
BRDA:212,30,1,0
BRDA:212,31,0,0
BRDA:212,31,1,0
BRDA:212,31,2,0
BRDA:219,32,0,0
BRDA:219,32,1,0
BRDA:219,33,0,0
BRDA:219,33,1,0
BRDA:219,33,2,0
BRDA:221,34,0,0
BRDA:221,34,1,0
BRDA:221,35,0,0
BRDA:221,35,1,0
BRDA:221,35,2,0
BRDA:200,36,0,0
BRDA:200,36,1,0
BRDA:144,37,0,0
BRDA:144,37,1,0
BRDA:146,38,0,0
BRDA:146,38,1,0
BRDA:146,39,0,0
BRDA:146,39,1,0
BRDA:40,40,0,0
BRDA:40,40,1,0
BRDA:42,41,0,0
BRDA:42,41,1,0
BRDA:44,42,0,0
BRDA:44,42,1,0
BRDA:53,43,0,0
BRDA:53,43,1,0
BRDA:53,43,2,0
BRDA:89,44,0,0
BRDA:89,44,1,0
BRDA:89,44,2,0
BRDA:96,45,0,0
BRDA:96,45,1,0
BRF:108
BRH:0
end_of_record
TN:
SF:src/components/trades-history/TradesHistory.svelte
FN:79,(anonymous_51)
FNF:1
FNH:0
FNDA:0,(anonymous_51)
DA:31,0
DA:35,0
DA:42,0
DA:44,0
DA:48,0
DA:50,0
DA:60,0
DA:62,0
DA:68,0
DA:80,0
DA:83,0
DA:85,0
DA:91,0
DA:92,0
DA:94,0
DA:95,0
DA:96,0
DA:97,0
DA:98,0
DA:99,0
DA:101,0
DA:103,0
DA:104,0
DA:105,0
DA:106,0
LF:25
LH:0
BRDA:95,0,0,0
BRDA:95,0,1,0
BRDA:103,1,0,0
BRDA:103,1,1,0
BRDA:104,2,0,0
BRDA:104,2,1,0
BRDA:105,3,0,0
BRDA:105,3,1,0
BRDA:106,4,0,0
BRDA:106,4,1,0
BRDA:94,5,0,0
BRDA:94,5,1,0
BRDA:94,6,0,0
BRDA:94,6,1,0
BRDA:96,7,0,0
BRDA:96,7,1,0
BRDA:98,8,0,0
BRDA:98,8,1,0
BRDA:98,9,0,0
BRDA:98,9,1,0
BRDA:48,10,0,0
BRDA:48,10,1,0
BRDA:60,11,0,0
BRDA:60,11,1,0
BRDA:74,12,0,0
BRDA:74,12,1,0
BRDA:74,12,2,0
BRF:27
BRH:0
end_of_record
TN:
SF:src/components/trades-history/TradessHistory.stories.svelte
FNF:0
FNH:0
DA:9,0
DA:10,0
LF:2
LH:0
BRDA:10,0,0,0
BRF:1
BRH:0
end_of_record
TN:
SF:src/components/wallet-modal/WalletModal.svelte
FNF:0
FNH:0
DA:22,0
DA:23,0
DA:27,0
DA:28,0
DA:31,0
DA:35,0
DA:41,0
DA:42,0
DA:45,0
DA:47,0
DA:51,0
DA:52,0
DA:55,0
DA:56,0
DA:59,0
DA:63,0
DA:64,0
DA:69,0
DA:70,0
DA:71,0
LF:20
LH:0
BRDA:63,0,0,0
BRDA:63,0,1,0
BRDA:56,1,0,0
BRDA:56,1,1,0
BRDA:55,2,0,0
BRDA:55,2,1,0
BRDA:56,3,0,0
BRDA:56,3,1,0
BRDA:71,4,0,0
BRDA:71,4,1,0
BRDA:69,5,0,0
BRDA:69,5,1,0
BRDA:41,6,0,0
BRDA:41,6,1,0
BRF:14
BRH:0
end_of_record
TN:
SF:src/config/get-env-vars.ts
FN:9,getEnvVars
FNF:1
FNH:0
FNDA:0,getEnvVars
DA:10,0
DA:14,0
DA:15,0
DA:18,0
LF:4
LH:0
BRDA:10,0,0,0
BRDA:10,0,1,0
BRDA:14,1,0,0
BRDA:14,1,1,0
BRF:4
BRH:0
end_of_record
TN:
SF:src/config/index.ts
FNF:0
FNH:0
DA:5,0
DA:7,0
DA:49,0
DA:145,0
DA:148,0
LF:5
LH:0
BRF:0
BRH:0
end_of_record
TN:
SF:src/stores/balance.ts
FN:27,createStore
FN:31,(anonymous_1)
FN:61,(anonymous_2)
FNF:3
FNH:0
FNDA:0,createStore
FNDA:0,(anonymous_1)
FNDA:0,(anonymous_2)
DA:20,0
DA:28,0
DA:31,0
DA:32,0
DA:33,0
DA:34,0
DA:38,0
DA:39,0
DA:41,0
DA:43,0
DA:50,0
DA:59,0
DA:62,0
DA:63,0
DA:65,0
DA:66,0
DA:69,0
DA:71,0
DA:73,0
DA:80,0
DA:86,0
LF:21
LH:0
BRDA:32,0,0,0
BRDA:32,0,1,0
BRDA:65,1,0,0
BRDA:65,1,1,0
BRDA:65,2,0,0
BRDA:65,2,1,0
BRF:6
BRH:0
end_of_record
TN:
SF:src/stores/trade-forecast.ts
FN:62,fetchTradeForecast
FN:73,(anonymous_1)
FN:88,createStore
FN:92,(anonymous_3)
FN:111,(anonymous_4)
FNF:5
FNH:0
FNDA:0,fetchTradeForecast
FNDA:0,(anonymous_1)
FNDA:0,createStore
FNDA:0,(anonymous_3)
FNDA:0,(anonymous_4)
DA:48,0
DA:65,0
DA:69,0
DA:71,0
DA:73,0
DA:89,0
DA:92,0
DA:93,0
DA:94,0
DA:95,0
DA:99,0
DA:100,0
DA:103,0
DA:108,0
DA:111,0
DA:116,0
DA:117,0
DA:119,0
DA:128,0
DA:137,0
DA:142,0
LF:21
LH:0
BRDA:93,0,0,0
BRDA:93,0,1,0
BRDA:103,1,0,0
BRDA:103,1,1,0
BRDA:104,2,0,0
BRDA:104,2,1,0
BRDA:104,2,2,0
BRDA:132,3,0,0
BRDA:132,3,1,0
BRF:9
BRH:0
end_of_record
TN:
SF:src/stores/trader.ts
FN:52,fetchReserveBalance
FN:63,createStore
FN:67,(anonymous_2)
FN:96,(anonymous_3)
FN:106,(anonymous_4)
FN:118,(anonymous_5)
FN:124,(anonymous_6)
FN:131,(anonymous_7)
FN:141,(anonymous_8)
FNF:9
FNH:0
FNDA:0,fetchReserveBalance
FNDA:0,createStore
FNDA:0,(anonymous_2)
FNDA:0,(anonymous_3)
FNDA:0,(anonymous_4)
FNDA:0,(anonymous_5)
FNDA:0,(anonymous_6)
FNDA:0,(anonymous_7)
FNDA:0,(anonymous_8)
DA:38,0
DA:56,0
DA:57,0
DA:64,0
DA:67,0
DA:68,0
DA:69,0
DA:70,0
DA:74,0
DA:75,0
DA:78,0
DA:83,0
DA:84,0
DA:85,0
DA:87,0
DA:96,0
DA:104,0
DA:107,0
DA:108,0
DA:110,0
DA:111,0
DA:114,0
DA:116,0
DA:118,0
DA:124,0
DA:132,0
DA:133,0
DA:135,0
DA:136,0
DA:139,0
DA:141,0
DA:151,0
LF:32
LH:0
BRDA:68,0,0,0
BRDA:68,0,1,0
BRDA:99,1,0,0
BRDA:99,1,1,0
BRDA:110,2,0,0
BRDA:110,2,1,0
BRDA:110,3,0,0
BRDA:110,3,1,0
BRDA:127,4,0,0
BRDA:127,4,1,0
BRDA:135,5,0,0
BRDA:135,5,1,0
BRDA:144,6,0,0
BRDA:144,6,1,0
BRF:14
BRH:0
end_of_record
TN:
SF:src/stores/vtho.ts
FN:32,createStore
FN:36,(anonymous_1)
FN:65,(anonymous_2)
FN:75,(anonymous_3)
FN:90,(anonymous_4)
FN:95,(anonymous_5)
FN:103,(anonymous_6)
FN:125,(anonymous_7)
FN:133,(anonymous_8)
FN:143,(anonymous_9)
FNF:10
FNH:0
FNDA:0,createStore
FNDA:0,(anonymous_1)
FNDA:0,(anonymous_2)
FNDA:0,(anonymous_3)
FNDA:0,(anonymous_4)
FNDA:0,(anonymous_5)
FNDA:0,(anonymous_6)
FNDA:0,(anonymous_7)
FNDA:0,(anonymous_8)
FNDA:0,(anonymous_9)
DA:21,0
DA:33,0
DA:36,0
DA:38,0
DA:39,0
DA:40,0
DA:44,0
DA:45,0
DA:47,0
DA:52,0
DA:57,0
DA:65,0
DA:73,0
DA:76,0
DA:77,0
DA:79,0
DA:80,0
DA:83,0
DA:85,0
DA:90,0
DA:95,0
DA:108,0
DA:109,0
DA:111,0
DA:112,0
DA:115,0
DA:117,0
DA:122,0
DA:123,0
DA:125,0
DA:134,0
DA:135,0
DA:137,0
DA:138,0
DA:141,0
DA:143,0
DA:153,0
LF:37
LH:0
BRDA:38,0,0,0
BRDA:38,0,1,0
BRDA:68,1,0,0
BRDA:68,1,1,0
BRDA:79,2,0,0
BRDA:79,2,1,0
BRDA:79,3,0,0
BRDA:79,3,1,0
BRDA:98,4,0,0
BRDA:98,4,1,0
BRDA:111,5,0,0
BRDA:111,5,1,0
BRDA:111,6,0,0
BRDA:111,6,1,0
BRDA:128,7,0,0
BRDA:128,7,1,0
BRDA:137,8,0,0
BRDA:137,8,1,0
BRDA:146,9,0,0
BRDA:146,9,1,0
BRF:20
BRH:0
end_of_record
TN:
SF:src/stores/wallet-modal.ts
FN:14,createStore
FN:19,(anonymous_1)
FN:22,(anonymous_2)
FNF:3
FNH:0
FNDA:0,createStore
FNDA:0,(anonymous_1)
FNDA:0,(anonymous_2)
DA:7,0
DA:15,0
DA:17,0
DA:20,0
DA:23,0
DA:28,0
LF:6
LH:0
BRF:0
BRH:0
end_of_record
TN:
SF:src/stores/wallet.ts
FN:42,createStore
FN:47,(anonymous_1)
FN:57,(anonymous_2)
FN:61,(anonymous_3)
FN:118,(anonymous_4)
FN:124,(anonymous_5)
FN:137,(anonymous_6)
FN:170,(anonymous_7)
FN:208,(anonymous_8)
FN:223,(anonymous_9)
FN:230,(anonymous_10)
FN:252,(anonymous_11)
FNF:12
FNH:0
FNDA:0,createStore
FNDA:0,(anonymous_1)
FNDA:0,(anonymous_2)
FNDA:0,(anonymous_3)
FNDA:0,(anonymous_4)
FNDA:0,(anonymous_5)
FNDA:0,(anonymous_6)
FNDA:0,(anonymous_7)
FNDA:0,(anonymous_8)
FNDA:0,(anonymous_9)
FNDA:0,(anonymous_10)
FNDA:0,(anonymous_11)
DA:31,0
DA:43,0
DA:45,0
DA:48,0
DA:51,0
DA:58,0
DA:59,0
DA:61,0
DA:68,0
DA:69,0
DA:72,0
DA:78,0
DA:80,0
DA:88,0
DA:91,0
DA:93,0
DA:96,0
DA:101,0
DA:112,0
DA:118,0
DA:125,0
DA:126,0
DA:128,0
DA:130,0
DA:132,0
DA:137,0
DA:143,0
DA:149,0
DA:153,0
DA:164,0
DA:170,0
DA:212,0
DA:213,0
DA:215,0
DA:216,0
DA:219,0
DA:221,0
DA:223,0
DA:233,0
DA:234,0
DA:236,0
DA:237,0
DA:240,0
DA:242,0
DA:248,0
DA:250,0
DA:252,0
DA:262,0
LF:48
LH:0
BRDA:68,0,0,0
BRDA:68,0,1,0
BRDA:68,1,0,0
BRDA:68,1,1,0
BRDA:115,2,0,0
BRDA:115,2,1,0
BRDA:130,3,0,0
BRDA:130,3,1,0
BRDA:167,4,0,0
BRDA:167,4,1,0
BRDA:215,5,0,0
BRDA:215,5,1,0
BRDA:226,6,0,0
BRDA:226,6,1,0
BRDA:236,7,0,0
BRDA:236,7,1,0
BRDA:255,8,0,0
BRDA:255,8,1,0
BRF:18
BRH:0
end_of_record
TN:
SF:src/utils/seconds-to-dhms.ts
FN:1,secondsToDHMS
FNF:1
FNH:0
FNDA:0,secondsToDHMS
DA:2,0
DA:4,0
DA:5,0
DA:7,0
DA:8,0
DA:10,0
DA:11,0
DA:13,0
LF:8
LH:0
BRF:0
BRH:0
end_of_record
TN:
SF:src/utils/seconds-to-trigger.ts
FN:13,secondsToTrigger
FNF:1
FNH:0
FNDA:0,secondsToTrigger
DA:18,0
DA:21,0
DA:24,0
DA:27,0
DA:30,0
LF:5
LH:0
BRDA:21,0,0,0
BRDA:21,0,1,0
BRDA:24,1,0,0
BRDA:24,1,1,0
BRF:4
BRH:0
end_of_record
TN:
SF:src/utils/shorten-address.ts
FN:1,shortenAddress
FNF:1
FNH:0
FNDA:0,shortenAddress
DA:2,0
DA:3,0
DA:4,0
DA:5,0
DA:6,0
LF:5
LH:0
BRDA:4,0,0,0
BRDA:4,0,1,0
BRF:2
BRH:0
end_of_record
TN:
SF:src/utils/time-since.ts
FN:1,timeSince
FNF:1
FNH:0
FNDA:0,timeSince
DA:2,0
DA:3,0
DA:5,0
DA:6,0
DA:8,0
DA:9,0
DA:10,0
DA:12,0
DA:13,0
DA:14,0
DA:16,0
DA:17,0
DA:18,0
DA:20,0
DA:21,0
DA:22,0
DA:24,0
LF:17
LH:0
BRDA:5,0,0,0
BRDA:5,0,1,0
BRDA:9,1,0,0
BRDA:9,1,1,0
BRDA:13,2,0,0
BRDA:13,2,1,0
BRDA:17,3,0,0
BRDA:17,3,1,0
BRDA:21,4,0,0
BRDA:21,4,1,0
BRF:10
BRH:0
end_of_record
TN:
SF:src/utils/choose-solution/choose-solution.ts
FN:13,chooseSolution
FNF:1
FNH:0
FNDA:0,chooseSolution
DA:19,0
DA:23,0
DA:24,0
DA:25,0
DA:29,0
LF:5
LH:0
BRDA:24,0,0,0
BRDA:24,0,1,0
BRF:2
BRH:0
end_of_record
TN:
SF:src/utils/expand-to-18-decimals/expand-to-18-decimals.ts
FN:7,expandTo18Decimals
FNF:1
FNH:1
FNDA:20,expandTo18Decimals
DA:8,20
LF:1
LH:1
BRF:0
BRH:0
end_of_record
TN:
SF:src/utils/format-units/format-units.ts
FN:10,formatUnits
FNF:1
FNH:1
FNDA:15,formatUnits
DA:11,15
DA:12,15
LF:2
LH:2
BRDA:12,0,0,12
BRDA:12,0,1,3
BRF:2
BRH:2
end_of_record
TN:
SF:src/utils/is-numeric/is-numeric.ts
FN:6,isNumeric
FNF:1
FNH:1
FNDA:88,isNumeric
DA:7,88
DA:8,87
LF:2
LH:2
BRDA:7,0,0,1
BRDA:7,0,1,87
BRF:2
BRH:2
end_of_record
TN:
SF:src/utils/is-zero-or-empty/is-zero-or-empty.ts
FN:8,isZeroOrEmpty
FNF:1
FNH:1
FNDA:5,isZeroOrEmpty
DA:9,5
LF:1
LH:1
BRDA:9,0,0,5
BRDA:9,0,1,3
BRF:2
BRH:2
end_of_record
TN:
SF:src/utils/truncate-decimal-string/truncate-decimal-string.ts
FN:7,truncateDecimalString
FNF:1
FNH:1
FNDA:22,truncateDecimalString
DA:8,22
DA:10,22
DA:11,2
DA:14,20
DA:16,20
DA:17,6
DA:20,14
LF:7
LH:7
BRDA:10,0,0,2
BRDA:10,0,1,20
BRDA:16,1,0,6
BRDA:16,1,1,14
BRF:4
BRH:4
end_of_record
