{"/home/federodes/Workspace/veFarm/client/src/main.ts": {"path":"/home/federodes/Workspace/veFarm/client/src/main.ts","statementMap":{"0":{"start":{"line":4,"column":12},"end":{"line":6,"column":null}}},"fnMap":{},"branchMap":{},"s":{"0":67},"f":{},"b":{}}
,"/home/federodes/Workspace/veFarm/client/src/blockchain/connex-utils.ts": {"path":"/home/federodes/Workspace/veFarm/client/src/blockchain/connex-utils.ts","statementMap":{"0":{"start":{"line":30,"column":31},"end":{"line":30,"column":47}},"1":{"start":{"line":42,"column":4},"end":{"line":49,"column":null}},"2":{"start":{"line":43,"column":18},"end":{"line":46,"column":null}},"3":{"start":{"line":48,"column":6},"end":{"line":48,"column":null}},"4":{"start":{"line":62,"column":4},"end":{"line":69,"column":null}},"5":{"start":{"line":63,"column":21},"end":{"line":66,"column":null}},"6":{"start":{"line":68,"column":6},"end":{"line":68,"column":null}},"7":{"start":{"line":82,"column":4},"end":{"line":87,"column":null}},"8":{"start":{"line":83,"column":6},"end":{"line":86,"column":null}},"9":{"start":{"line":98,"column":31},"end":{"line":101,"column":null}},"10":{"start":{"line":103,"column":4},"end":{"line":122,"column":null}},"11":{"start":{"line":104,"column":6},"end":{"line":121,"column":null}},"12":{"start":{"line":105,"column":8},"end":{"line":116,"column":null}},"13":{"start":{"line":106,"column":10},"end":{"line":109,"column":null}},"14":{"start":{"line":111,"column":10},"end":{"line":114,"column":null}},"15":{"start":{"line":115,"column":10},"end":{"line":115,"column":null}},"16":{"start":{"line":117,"column":6},"end":{"line":121,"column":null}},"17":{"start":{"line":118,"column":8},"end":{"line":120,"column":null}},"18":{"start":{"line":124,"column":4},"end":{"line":124,"column":null}},"19":{"start":{"line":133,"column":25},"end":{"line":136,"column":null}},"20":{"start":{"line":138,"column":30},"end":{"line":145,"column":null}},"21":{"start":{"line":147,"column":4},"end":{"line":147,"column":null}},"22":{"start":{"line":162,"column":4},"end":{"line":168,"column":null}},"23":{"start":{"line":184,"column":19},"end":{"line":184,"column":null}},"24":{"start":{"line":186,"column":4},"end":{"line":202,"column":null}},"25":{"start":{"line":186,"column":17},"end":{"line":186,"column":22}},"26":{"start":{"line":187,"column":6},"end":{"line":189,"column":null}},"27":{"start":{"line":188,"column":8},"end":{"line":188,"column":null}},"28":{"start":{"line":191,"column":6},"end":{"line":191,"column":null}},"29":{"start":{"line":193,"column":22},"end":{"line":193,"column":null}},"30":{"start":{"line":195,"column":6},"end":{"line":197,"column":null}},"31":{"start":{"line":196,"column":8},"end":{"line":196,"column":null}},"32":{"start":{"line":199,"column":6},"end":{"line":201,"column":null}},"33":{"start":{"line":200,"column":8},"end":{"line":200,"column":null}},"34":{"start":{"line":210,"column":4},"end":{"line":210,"column":null}},"35":{"start":{"line":218,"column":25},"end":{"line":218,"column":null}},"36":{"start":{"line":220,"column":4},"end":{"line":222,"column":null}},"37":{"start":{"line":221,"column":6},"end":{"line":221,"column":null}},"38":{"start":{"line":224,"column":4},"end":{"line":224,"column":null}},"39":{"start":{"line":233,"column":4},"end":{"line":233,"column":null}},"40":{"start":{"line":242,"column":32},"end":{"line":242,"column":null}},"41":{"start":{"line":244,"column":4},"end":{"line":247,"column":null}},"42":{"start":{"line":257,"column":21},"end":{"line":261,"column":null}},"43":{"start":{"line":263,"column":20},"end":{"line":266,"column":null}},"44":{"start":{"line":268,"column":4},"end":{"line":268,"column":null}},"45":{"start":{"line":279,"column":20},"end":{"line":279,"column":null}},"46":{"start":{"line":281,"column":4},"end":{"line":283,"column":null}},"47":{"start":{"line":282,"column":6},"end":{"line":282,"column":null}},"48":{"start":{"line":290,"column":20},"end":{"line":290,"column":null}},"49":{"start":{"line":291,"column":18},"end":{"line":291,"column":null}},"50":{"start":{"line":291,"column":50},"end":{"line":291,"column":72}},"51":{"start":{"line":293,"column":25},"end":{"line":295,"column":null}},"52":{"start":{"line":298,"column":19},"end":{"line":298,"column":null}},"53":{"start":{"line":300,"column":4},"end":{"line":300,"column":null}},"54":{"start":{"line":316,"column":4},"end":{"line":320,"column":null}}},"fnMap":{"0":{"name":"(anonymous_0)","decl":{"start":{"line":30,"column":2},"end":{"line":30,"column":31}},"loc":{"start":{"line":30,"column":47},"end":{"line":30,"column":null}}},"1":{"name":"(anonymous_1)","decl":{"start":{"line":38,"column":10},"end":{"line":38,"column":null}},"loc":{"start":{"line":41,"column":60},"end":{"line":50,"column":null}}},"2":{"name":"(anonymous_2)","decl":{"start":{"line":42,"column":11},"end":{"line":42,"column":18}},"loc":{"start":{"line":42,"column":34},"end":{"line":49,"column":null}}},"3":{"name":"(anonymous_3)","decl":{"start":{"line":58,"column":10},"end":{"line":58,"column":null}},"loc":{"start":{"line":61,"column":73},"end":{"line":70,"column":null}}},"4":{"name":"(anonymous_4)","decl":{"start":{"line":62,"column":11},"end":{"line":62,"column":18}},"loc":{"start":{"line":62,"column":51},"end":{"line":69,"column":null}}},"5":{"name":"(anonymous_5)","decl":{"start":{"line":78,"column":2},"end":{"line":78,"column":null}},"loc":{"start":{"line":81,"column":39},"end":{"line":88,"column":null}}},"6":{"name":"(anonymous_6)","decl":{"start":{"line":82,"column":11},"end":{"line":82,"column":12}},"loc":{"start":{"line":82,"column":28},"end":{"line":87,"column":null}}},"7":{"name":"(anonymous_7)","decl":{"start":{"line":97,"column":2},"end":{"line":97,"column":14}},"loc":{"start":{"line":97,"column":58},"end":{"line":125,"column":null}}},"8":{"name":"(anonymous_8)","decl":{"start":{"line":132,"column":2},"end":{"line":132,"column":8}},"loc":{"start":{"line":132,"column":75},"end":{"line":148,"column":null}}},"9":{"name":"(anonymous_9)","decl":{"start":{"line":157,"column":2},"end":{"line":157,"column":8}},"loc":{"start":{"line":161,"column":39},"end":{"line":170,"column":null}}},"10":{"name":"(anonymous_10)","decl":{"start":{"line":180,"column":2},"end":{"line":180,"column":8}},"loc":{"start":{"line":183,"column":46},"end":{"line":203,"column":null}}},"11":{"name":"(anonymous_11)","decl":{"start":{"line":209,"column":2},"end":{"line":209,"column":31}},"loc":{"start":{"line":209,"column":31},"end":{"line":211,"column":null}}},"12":{"name":"(anonymous_12)","decl":{"start":{"line":217,"column":2},"end":{"line":217,"column":8}},"loc":{"start":{"line":217,"column":54},"end":{"line":225,"column":null}}},"13":{"name":"(anonymous_13)","decl":{"start":{"line":232,"column":2},"end":{"line":232,"column":8}},"loc":{"start":{"line":232,"column":78},"end":{"line":234,"column":null}}},"14":{"name":"(anonymous_14)","decl":{"start":{"line":241,"column":2},"end":{"line":241,"column":8}},"loc":{"start":{"line":241,"column":57},"end":{"line":248,"column":null}}},"15":{"name":"(anonymous_15)","decl":{"start":{"line":255,"column":2},"end":{"line":255,"column":8}},"loc":{"start":{"line":255,"column":48},"end":{"line":269,"column":null}}},"16":{"name":"(anonymous_16)","decl":{"start":{"line":275,"column":2},"end":{"line":275,"column":8}},"loc":{"start":{"line":278,"column":21},"end":{"line":301,"column":null}}},"17":{"name":"(anonymous_17)","decl":{"start":{"line":291,"column":33},"end":{"line":291,"column":34}},"loc":{"start":{"line":291,"column":50},"end":{"line":291,"column":72}}},"18":{"name":"(anonymous_18)","decl":{"start":{"line":311,"column":2},"end":{"line":311,"column":null}},"loc":{"start":{"line":315,"column":15},"end":{"line":321,"column":null}}}},"branchMap":{"0":{"loc":{"start":{"line":104,"column":6},"end":{"line":121,"column":null}},"type":"if","locations":[{"start":{"line":104,"column":6},"end":{"line":121,"column":null}},{"start":{"line":117,"column":6},"end":{"line":121,"column":null}}]},"1":{"loc":{"start":{"line":104,"column":10},"end":{"line":104,"column":57}},"type":"binary-expr","locations":[{"start":{"line":104,"column":10},"end":{"line":104,"column":31}},{"start":{"line":104,"column":31},"end":{"line":104,"column":57}}]},"2":{"loc":{"start":{"line":105,"column":8},"end":{"line":116,"column":null}},"type":"if","locations":[{"start":{"line":105,"column":8},"end":{"line":116,"column":null}},{"start":{"line":110,"column":15},"end":{"line":116,"column":null}}]},"3":{"loc":{"start":{"line":117,"column":6},"end":{"line":121,"column":null}},"type":"if","locations":[{"start":{"line":117,"column":6},"end":{"line":121,"column":null}}]},"4":{"loc":{"start":{"line":117,"column":17},"end":{"line":117,"column":61}},"type":"binary-expr","locations":[{"start":{"line":117,"column":17},"end":{"line":117,"column":38}},{"start":{"line":117,"column":38},"end":{"line":117,"column":61}}]},"5":{"loc":{"start":{"line":160,"column":4},"end":{"line":160,"column":null}},"type":"default-arg","locations":[{"start":{"line":160,"column":14},"end":{"line":160,"column":null}}]},"6":{"loc":{"start":{"line":182,"column":4},"end":{"line":182,"column":null}},"type":"default-arg","locations":[{"start":{"line":182,"column":17},"end":{"line":182,"column":null}}]},"7":{"loc":{"start":{"line":187,"column":6},"end":{"line":189,"column":null}},"type":"if","locations":[{"start":{"line":187,"column":6},"end":{"line":189,"column":null}}]},"8":{"loc":{"start":{"line":195,"column":6},"end":{"line":197,"column":null}},"type":"if","locations":[{"start":{"line":195,"column":6},"end":{"line":197,"column":null}}]},"9":{"loc":{"start":{"line":199,"column":6},"end":{"line":201,"column":null}},"type":"if","locations":[{"start":{"line":199,"column":6},"end":{"line":201,"column":null}}]},"10":{"loc":{"start":{"line":220,"column":4},"end":{"line":222,"column":null}},"type":"if","locations":[{"start":{"line":220,"column":4},"end":{"line":222,"column":null}}]},"11":{"loc":{"start":{"line":281,"column":4},"end":{"line":283,"column":null}},"type":"if","locations":[{"start":{"line":281,"column":4},"end":{"line":283,"column":null}}]},"12":{"loc":{"start":{"line":298,"column":19},"end":{"line":298,"column":null}},"type":"cond-expr","locations":[{"start":{"line":298,"column":31},"end":{"line":298,"column":39}},{"start":{"line":298,"column":39},"end":{"line":298,"column":null}}]}},"s":{"0":122,"1":1430,"2":284,"3":247,"4":1375,"5":4,"6":4,"7":1375,"8":20,"9":275,"10":275,"11":4290,"12":2805,"13":1430,"14":1375,"15":1375,"16":1485,"17":495,"18":275,"19":5,"20":2,"21":2,"22":15,"23":10,"24":10,"25":10,"26":10,"27":0,"28":10,"29":10,"30":10,"31":5,"32":5,"33":5,"34":55,"35":0,"36":0,"37":0,"38":0,"39":0,"40":120,"41":118,"42":55,"43":55,"44":55,"45":0,"46":0,"47":0,"48":0,"49":0,"50":0,"51":0,"52":0,"53":0,"54":0},"f":{"0":122,"1":1430,"2":284,"3":1375,"4":4,"5":1375,"6":20,"7":275,"8":5,"9":15,"10":10,"11":55,"12":0,"13":0,"14":120,"15":55,"16":0,"17":0,"18":0},"b":{"0":[2805,1485],"1":[4290,4180],"2":[1430,1375],"3":[495],"4":[1485,1375],"5":[0],"6":[10],"7":[0],"8":[5],"9":[5],"10":[0],"11":[0],"12":[0,0]}}
,"/home/federodes/Workspace/veFarm/client/src/config/get-env-vars.ts": {"path":"/home/federodes/Workspace/veFarm/client/src/config/get-env-vars.ts","statementMap":{"0":{"start":{"line":10,"column":28},"end":{"line":12,"column":null}},"1":{"start":{"line":14,"column":2},"end":{"line":16,"column":null}},"2":{"start":{"line":15,"column":4},"end":{"line":15,"column":null}},"3":{"start":{"line":18,"column":2},"end":{"line":20,"column":null}}},"fnMap":{"0":{"name":"getEnvVars","decl":{"start":{"line":9,"column":9},"end":{"line":9,"column":22}},"loc":{"start":{"line":9,"column":22},"end":{"line":21,"column":null}}}},"branchMap":{"0":{"loc":{"start":{"line":10,"column":28},"end":{"line":12,"column":null}},"type":"cond-expr","locations":[{"start":{"line":11,"column":7},"end":{"line":11,"column":null}},{"start":{"line":12,"column":6},"end":{"line":12,"column":null}}]},"1":{"loc":{"start":{"line":14,"column":2},"end":{"line":16,"column":null}},"type":"if","locations":[{"start":{"line":14,"column":2},"end":{"line":16,"column":null}}]}},"s":{"0":67,"1":67,"2":0,"3":67},"f":{"0":67},"b":{"0":[67,0],"1":[0]}}
,"/home/federodes/Workspace/veFarm/client/src/config/index.ts": {"path":"/home/federodes/Workspace/veFarm/client/src/config/index.ts","statementMap":{"0":{"start":{"line":5,"column":23},"end":{"line":5,"column":null}},"1":{"start":{"line":7,"column":21},"end":{"line":7,"column":null}},"2":{"start":{"line":49,"column":50},"end":{"line":143,"column":null}},"3":{"start":{"line":145,"column":21},"end":{"line":145,"column":null}},"4":{"start":{"line":148,"column":27},"end":{"line":150,"column":null}}},"fnMap":{},"branchMap":{},"s":{"0":67,"1":67,"2":67,"3":67,"4":67},"f":{},"b":{}}
,"/home/federodes/Workspace/veFarm/client/src/stores/balance.ts": {"path":"/home/federodes/Workspace/veFarm/client/src/stores/balance.ts","statementMap":{"0":{"start":{"line":20,"column":28},"end":{"line":25,"column":null}},"1":{"start":{"line":28,"column":16},"end":{"line":28,"column":null}},"2":{"start":{"line":31,"column":2},"end":{"line":57,"column":null}},"3":{"start":{"line":32,"column":4},"end":{"line":35,"column":null}},"4":{"start":{"line":33,"column":6},"end":{"line":33,"column":null}},"5":{"start":{"line":34,"column":6},"end":{"line":34,"column":null}},"6":{"start":{"line":38,"column":4},"end":{"line":56,"column":null}},"7":{"start":{"line":39,"column":39},"end":{"line":39,"column":null}},"8":{"start":{"line":41,"column":22},"end":{"line":41,"column":null}},"9":{"start":{"line":43,"column":6},"end":{"line":48,"column":null}},"10":{"start":{"line":50,"column":6},"end":{"line":50,"column":null}},"11":{"start":{"line":59,"column":2},"end":{"line":83,"column":null}},"12":{"start":{"line":62,"column":6},"end":{"line":81,"column":null}},"13":{"start":{"line":63,"column":21},"end":{"line":63,"column":null}},"14":{"start":{"line":65,"column":8},"end":{"line":67,"column":null}},"15":{"start":{"line":66,"column":10},"end":{"line":66,"column":null}},"16":{"start":{"line":69,"column":41},"end":{"line":69,"column":null}},"17":{"start":{"line":71,"column":24},"end":{"line":71,"column":null}},"18":{"start":{"line":73,"column":8},"end":{"line":78,"column":null}},"19":{"start":{"line":80,"column":8},"end":{"line":80,"column":null}},"20":{"start":{"line":86,"column":23},"end":{"line":86,"column":null}}},"fnMap":{"0":{"name":"createStore","decl":{"start":{"line":27,"column":9},"end":{"line":27,"column":23}},"loc":{"start":{"line":27,"column":23},"end":{"line":84,"column":null}}},"1":{"name":"(anonymous_1)","decl":{"start":{"line":31,"column":19},"end":{"line":31,"column":26}},"loc":{"start":{"line":31,"column":35},"end":{"line":57,"column":3}}},"2":{"name":"(anonymous_2)","decl":{"start":{"line":61,"column":18},"end":{"line":61,"column":36}},"loc":{"start":{"line":61,"column":36},"end":{"line":82,"column":null}}}},"branchMap":{"0":{"loc":{"start":{"line":32,"column":4},"end":{"line":35,"column":null}},"type":"if","locations":[{"start":{"line":32,"column":4},"end":{"line":35,"column":null}}]},"1":{"loc":{"start":{"line":65,"column":8},"end":{"line":67,"column":null}},"type":"if","locations":[{"start":{"line":65,"column":8},"end":{"line":67,"column":null}}]},"2":{"loc":{"start":{"line":65,"column":12},"end":{"line":65,"column":64}},"type":"binary-expr","locations":[{"start":{"line":65,"column":12},"end":{"line":65,"column":41}},{"start":{"line":65,"column":41},"end":{"line":65,"column":64}}]}},"s":{"0":67,"1":67,"2":67,"3":329,"4":219,"5":219,"6":110,"7":110,"8":110,"9":108,"10":0,"11":67,"12":10,"13":10,"14":10,"15":0,"16":10,"17":10,"18":10,"19":0,"20":67},"f":{"0":67,"1":329,"2":10},"b":{"0":[219],"1":[0],"2":[10,10]}}
,"/home/federodes/Workspace/veFarm/client/src/stores/trade-forecast.ts": {"path":"/home/federodes/Workspace/veFarm/client/src/stores/trade-forecast.ts","statementMap":{"0":{"start":{"line":48,"column":28},"end":{"line":55,"column":null}},"1":{"start":{"line":65,"column":19},"end":{"line":67,"column":null}},"2":{"start":{"line":69,"column":16},"end":{"line":69,"column":null}},"3":{"start":{"line":71,"column":2},"end":{"line":82,"column":null}},"4":{"start":{"line":73,"column":42},"end":{"line":81,"column":6}},"5":{"start":{"line":89,"column":16},"end":{"line":89,"column":null}},"6":{"start":{"line":92,"column":2},"end":{"line":135,"column":null}},"7":{"start":{"line":93,"column":4},"end":{"line":96,"column":null}},"8":{"start":{"line":94,"column":6},"end":{"line":94,"column":null}},"9":{"start":{"line":95,"column":6},"end":{"line":95,"column":null}},"10":{"start":{"line":99,"column":4},"end":{"line":134,"column":null}},"11":{"start":{"line":100,"column":45},"end":{"line":100,"column":null}},"12":{"start":{"line":103,"column":6},"end":{"line":109,"column":null}},"13":{"start":{"line":108,"column":8},"end":{"line":108,"column":null}},"14":{"start":{"line":111,"column":6},"end":{"line":114,"column":null}},"15":{"start":{"line":111,"column":27},"end":{"line":114,"column":8}},"16":{"start":{"line":116,"column":35},"end":{"line":116,"column":null}},"17":{"start":{"line":117,"column":6},"end":{"line":117,"column":null}},"18":{"start":{"line":119,"column":6},"end":{"line":126,"column":null}},"19":{"start":{"line":128,"column":6},"end":{"line":133,"column":null}},"20":{"start":{"line":137,"column":2},"end":{"line":139,"column":null}},"21":{"start":{"line":142,"column":29},"end":{"line":142,"column":null}}},"fnMap":{"0":{"name":"fetchTradeForecast","decl":{"start":{"line":62,"column":15},"end":{"line":62,"column":null}},"loc":{"start":{"line":64,"column":51},"end":{"line":83,"column":null}}},"1":{"name":"(anonymous_1)","decl":{"start":{"line":73,"column":34},"end":{"line":73,"column":35}},"loc":{"start":{"line":73,"column":42},"end":{"line":81,"column":6}}},"2":{"name":"createStore","decl":{"start":{"line":88,"column":9},"end":{"line":88,"column":23}},"loc":{"start":{"line":88,"column":23},"end":{"line":140,"column":null}}},"3":{"name":"(anonymous_3)","decl":{"start":{"line":92,"column":20},"end":{"line":92,"column":27}},"loc":{"start":{"line":92,"column":36},"end":{"line":135,"column":3}}},"4":{"name":"(anonymous_4)","decl":{"start":{"line":111,"column":19},"end":{"line":111,"column":20}},"loc":{"start":{"line":111,"column":27},"end":{"line":114,"column":8}}}},"branchMap":{"0":{"loc":{"start":{"line":93,"column":4},"end":{"line":96,"column":null}},"type":"if","locations":[{"start":{"line":93,"column":4},"end":{"line":96,"column":null}}]},"1":{"loc":{"start":{"line":103,"column":6},"end":{"line":109,"column":null}},"type":"if","locations":[{"start":{"line":103,"column":6},"end":{"line":109,"column":null}}]},"2":{"loc":{"start":{"line":104,"column":8},"end":{"line":106,"column":null}},"type":"binary-expr","locations":[{"start":{"line":104,"column":8},"end":{"line":104,"column":null}},{"start":{"line":105,"column":8},"end":{"line":105,"column":null}},{"start":{"line":106,"column":8},"end":{"line":106,"column":null}}]},"3":{"loc":{"start":{"line":132,"column":10},"end":{"line":132,"column":null}},"type":"cond-expr","locations":[{"start":{"line":132,"column":35},"end":{"line":132,"column":51}},{"start":{"line":132,"column":51},"end":{"line":132,"column":null}}]}},"s":{"0":67,"1":54,"2":51,"3":45,"4":140,"5":67,"6":67,"7":337,"8":219,"9":219,"10":118,"11":118,"12":118,"13":64,"14":54,"15":54,"16":54,"17":45,"18":45,"19":2,"20":67,"21":67},"f":{"0":54,"1":140,"2":67,"3":337,"4":54},"b":{"0":[219],"1":[64],"2":[118,118,64],"3":[2,0]}}
,"/home/federodes/Workspace/veFarm/client/src/stores/trader.ts": {"path":"/home/federodes/Workspace/veFarm/client/src/stores/trader.ts","statementMap":{"0":{"start":{"line":38,"column":28},"end":{"line":45,"column":null}},"1":{"start":{"line":56,"column":18},"end":{"line":56,"column":null}},"2":{"start":{"line":57,"column":2},"end":{"line":57,"column":null}},"3":{"start":{"line":64,"column":16},"end":{"line":64,"column":null}},"4":{"start":{"line":67,"column":2},"end":{"line":102,"column":null}},"5":{"start":{"line":68,"column":4},"end":{"line":71,"column":null}},"6":{"start":{"line":69,"column":6},"end":{"line":69,"column":null}},"7":{"start":{"line":70,"column":6},"end":{"line":70,"column":null}},"8":{"start":{"line":74,"column":4},"end":{"line":101,"column":null}},"9":{"start":{"line":75,"column":39},"end":{"line":75,"column":null}},"10":{"start":{"line":78,"column":23},"end":{"line":81,"column":null}},"11":{"start":{"line":83,"column":6},"end":{"line":83,"column":null}},"12":{"start":{"line":84,"column":29},"end":{"line":84,"column":null}},"13":{"start":{"line":85,"column":6},"end":{"line":85,"column":null}},"14":{"start":{"line":87,"column":6},"end":{"line":94,"column":null}},"15":{"start":{"line":96,"column":6},"end":{"line":100,"column":null}},"16":{"start":{"line":96,"column":27},"end":{"line":100,"column":8}},"17":{"start":{"line":104,"column":2},"end":{"line":148,"column":null}},"18":{"start":{"line":107,"column":6},"end":{"line":129,"column":null}},"19":{"start":{"line":108,"column":21},"end":{"line":108,"column":null}},"20":{"start":{"line":110,"column":8},"end":{"line":112,"column":null}},"21":{"start":{"line":111,"column":10},"end":{"line":111,"column":null}},"22":{"start":{"line":114,"column":38},"end":{"line":114,"column":null}},"23":{"start":{"line":116,"column":31},"end":{"line":116,"column":null}},"24":{"start":{"line":118,"column":8},"end":{"line":122,"column":null}},"25":{"start":{"line":118,"column":29},"end":{"line":122,"column":10}},"26":{"start":{"line":124,"column":8},"end":{"line":128,"column":null}},"27":{"start":{"line":124,"column":29},"end":{"line":128,"column":10}},"28":{"start":{"line":132,"column":6},"end":{"line":146,"column":null}},"29":{"start":{"line":133,"column":21},"end":{"line":133,"column":null}},"30":{"start":{"line":135,"column":8},"end":{"line":137,"column":null}},"31":{"start":{"line":136,"column":10},"end":{"line":136,"column":null}},"32":{"start":{"line":139,"column":8},"end":{"line":139,"column":null}},"33":{"start":{"line":141,"column":8},"end":{"line":145,"column":null}},"34":{"start":{"line":141,"column":29},"end":{"line":145,"column":10}},"35":{"start":{"line":151,"column":22},"end":{"line":151,"column":null}}},"fnMap":{"0":{"name":"fetchReserveBalance","decl":{"start":{"line":52,"column":15},"end":{"line":52,"column":null}},"loc":{"start":{"line":55,"column":22},"end":{"line":58,"column":null}}},"1":{"name":"createStore","decl":{"start":{"line":63,"column":9},"end":{"line":63,"column":23}},"loc":{"start":{"line":63,"column":23},"end":{"line":149,"column":null}}},"2":{"name":"(anonymous_2)","decl":{"start":{"line":67,"column":19},"end":{"line":67,"column":26}},"loc":{"start":{"line":67,"column":35},"end":{"line":102,"column":3}}},"3":{"name":"(anonymous_3)","decl":{"start":{"line":96,"column":19},"end":{"line":96,"column":20}},"loc":{"start":{"line":96,"column":27},"end":{"line":100,"column":8}}},"4":{"name":"(anonymous_4)","decl":{"start":{"line":106,"column":17},"end":{"line":106,"column":50}},"loc":{"start":{"line":106,"column":50},"end":{"line":130,"column":null}}},"5":{"name":"(anonymous_5)","decl":{"start":{"line":118,"column":21},"end":{"line":118,"column":22}},"loc":{"start":{"line":118,"column":29},"end":{"line":122,"column":10}}},"6":{"name":"(anonymous_6)","decl":{"start":{"line":124,"column":21},"end":{"line":124,"column":22}},"loc":{"start":{"line":124,"column":29},"end":{"line":128,"column":10}}},"7":{"name":"(anonymous_7)","decl":{"start":{"line":131,"column":15},"end":{"line":131,"column":25}},"loc":{"start":{"line":131,"column":45},"end":{"line":147,"column":null}}},"8":{"name":"(anonymous_8)","decl":{"start":{"line":141,"column":21},"end":{"line":141,"column":22}},"loc":{"start":{"line":141,"column":29},"end":{"line":145,"column":10}}}},"branchMap":{"0":{"loc":{"start":{"line":68,"column":4},"end":{"line":71,"column":null}},"type":"if","locations":[{"start":{"line":68,"column":4},"end":{"line":71,"column":null}}]},"1":{"loc":{"start":{"line":99,"column":10},"end":{"line":99,"column":null}},"type":"cond-expr","locations":[{"start":{"line":99,"column":35},"end":{"line":99,"column":51}},{"start":{"line":99,"column":51},"end":{"line":99,"column":null}}]},"2":{"loc":{"start":{"line":110,"column":8},"end":{"line":112,"column":null}},"type":"if","locations":[{"start":{"line":110,"column":8},"end":{"line":112,"column":null}}]},"3":{"loc":{"start":{"line":110,"column":12},"end":{"line":110,"column":61}},"type":"binary-expr","locations":[{"start":{"line":110,"column":12},"end":{"line":110,"column":38}},{"start":{"line":110,"column":38},"end":{"line":110,"column":61}}]},"4":{"loc":{"start":{"line":127,"column":12},"end":{"line":127,"column":null}},"type":"cond-expr","locations":[{"start":{"line":127,"column":37},"end":{"line":127,"column":53}},{"start":{"line":127,"column":53},"end":{"line":127,"column":null}}]},"5":{"loc":{"start":{"line":135,"column":8},"end":{"line":137,"column":null}},"type":"if","locations":[{"start":{"line":135,"column":8},"end":{"line":137,"column":null}}]},"6":{"loc":{"start":{"line":144,"column":12},"end":{"line":144,"column":null}},"type":"cond-expr","locations":[{"start":{"line":144,"column":37},"end":{"line":144,"column":53}},{"start":{"line":144,"column":53},"end":{"line":144,"column":null}}]}},"s":{"0":67,"1":114,"2":98,"3":67,"4":67,"5":329,"6":219,"7":219,"8":110,"9":110,"10":110,"11":110,"12":110,"13":94,"14":94,"15":0,"16":0,"17":67,"18":4,"19":4,"20":4,"21":0,"22":4,"23":4,"24":4,"25":4,"26":0,"27":0,"28":9,"29":9,"30":9,"31":0,"32":9,"33":0,"34":0,"35":67},"f":{"0":114,"1":67,"2":329,"3":0,"4":4,"5":4,"6":0,"7":9,"8":0},"b":{"0":[219],"1":[0,0],"2":[0],"3":[4,4],"4":[0,0],"5":[0],"6":[0,0]}}
,"/home/federodes/Workspace/veFarm/client/src/stores/vtho.ts": {"path":"/home/federodes/Workspace/veFarm/client/src/stores/vtho.ts","statementMap":{"0":{"start":{"line":21,"column":28},"end":{"line":27,"column":null}},"1":{"start":{"line":33,"column":16},"end":{"line":33,"column":null}},"2":{"start":{"line":36,"column":2},"end":{"line":71,"column":null}},"3":{"start":{"line":38,"column":4},"end":{"line":41,"column":null}},"4":{"start":{"line":39,"column":6},"end":{"line":39,"column":null}},"5":{"start":{"line":40,"column":6},"end":{"line":40,"column":null}},"6":{"start":{"line":44,"column":4},"end":{"line":70,"column":null}},"7":{"start":{"line":45,"column":39},"end":{"line":45,"column":null}},"8":{"start":{"line":47,"column":23},"end":{"line":50,"column":null}},"9":{"start":{"line":52,"column":22},"end":{"line":55,"column":null}},"10":{"start":{"line":57,"column":6},"end":{"line":63,"column":null}},"11":{"start":{"line":65,"column":6},"end":{"line":69,"column":null}},"12":{"start":{"line":65,"column":27},"end":{"line":69,"column":8}},"13":{"start":{"line":73,"column":2},"end":{"line":150,"column":null}},"14":{"start":{"line":76,"column":6},"end":{"line":100,"column":null}},"15":{"start":{"line":77,"column":21},"end":{"line":77,"column":null}},"16":{"start":{"line":79,"column":8},"end":{"line":81,"column":null}},"17":{"start":{"line":80,"column":10},"end":{"line":80,"column":null}},"18":{"start":{"line":83,"column":38},"end":{"line":83,"column":null}},"19":{"start":{"line":85,"column":24},"end":{"line":88,"column":null}},"20":{"start":{"line":90,"column":8},"end":{"line":93,"column":null}},"21":{"start":{"line":90,"column":29},"end":{"line":93,"column":10}},"22":{"start":{"line":95,"column":8},"end":{"line":99,"column":null}},"23":{"start":{"line":95,"column":29},"end":{"line":99,"column":10}},"24":{"start":{"line":108,"column":6},"end":{"line":130,"column":null}},"25":{"start":{"line":109,"column":21},"end":{"line":109,"column":null}},"26":{"start":{"line":111,"column":8},"end":{"line":113,"column":null}},"27":{"start":{"line":112,"column":10},"end":{"line":112,"column":null}},"28":{"start":{"line":115,"column":42},"end":{"line":115,"column":null}},"29":{"start":{"line":117,"column":25},"end":{"line":120,"column":null}},"30":{"start":{"line":122,"column":8},"end":{"line":122,"column":null}},"31":{"start":{"line":123,"column":8},"end":{"line":123,"column":null}},"32":{"start":{"line":125,"column":8},"end":{"line":129,"column":null}},"33":{"start":{"line":125,"column":29},"end":{"line":129,"column":10}},"34":{"start":{"line":134,"column":6},"end":{"line":148,"column":null}},"35":{"start":{"line":135,"column":21},"end":{"line":135,"column":null}},"36":{"start":{"line":137,"column":8},"end":{"line":139,"column":null}},"37":{"start":{"line":138,"column":10},"end":{"line":138,"column":null}},"38":{"start":{"line":141,"column":8},"end":{"line":141,"column":null}},"39":{"start":{"line":143,"column":8},"end":{"line":147,"column":null}},"40":{"start":{"line":143,"column":29},"end":{"line":147,"column":10}},"41":{"start":{"line":153,"column":20},"end":{"line":153,"column":null}}},"fnMap":{"0":{"name":"createStore","decl":{"start":{"line":32,"column":9},"end":{"line":32,"column":23}},"loc":{"start":{"line":32,"column":23},"end":{"line":151,"column":null}}},"1":{"name":"(anonymous_1)","decl":{"start":{"line":36,"column":19},"end":{"line":36,"column":26}},"loc":{"start":{"line":36,"column":35},"end":{"line":71,"column":3}}},"2":{"name":"(anonymous_2)","decl":{"start":{"line":65,"column":19},"end":{"line":65,"column":20}},"loc":{"start":{"line":65,"column":27},"end":{"line":69,"column":8}}},"3":{"name":"(anonymous_3)","decl":{"start":{"line":75,"column":20},"end":{"line":75,"column":53}},"loc":{"start":{"line":75,"column":53},"end":{"line":101,"column":null}}},"4":{"name":"(anonymous_4)","decl":{"start":{"line":90,"column":21},"end":{"line":90,"column":22}},"loc":{"start":{"line":90,"column":29},"end":{"line":93,"column":10}}},"5":{"name":"(anonymous_5)","decl":{"start":{"line":95,"column":21},"end":{"line":95,"column":22}},"loc":{"start":{"line":95,"column":29},"end":{"line":99,"column":10}}},"6":{"name":"(anonymous_6)","decl":{"start":{"line":103,"column":18},"end":{"line":103,"column":null}},"loc":{"start":{"line":107,"column":21},"end":{"line":131,"column":null}}},"7":{"name":"(anonymous_7)","decl":{"start":{"line":125,"column":21},"end":{"line":125,"column":22}},"loc":{"start":{"line":125,"column":29},"end":{"line":129,"column":10}}},"8":{"name":"(anonymous_8)","decl":{"start":{"line":133,"column":15},"end":{"line":133,"column":25}},"loc":{"start":{"line":133,"column":45},"end":{"line":149,"column":null}}},"9":{"name":"(anonymous_9)","decl":{"start":{"line":143,"column":21},"end":{"line":143,"column":22}},"loc":{"start":{"line":143,"column":29},"end":{"line":147,"column":10}}}},"branchMap":{"0":{"loc":{"start":{"line":38,"column":4},"end":{"line":41,"column":null}},"type":"if","locations":[{"start":{"line":38,"column":4},"end":{"line":41,"column":null}}]},"1":{"loc":{"start":{"line":68,"column":10},"end":{"line":68,"column":null}},"type":"cond-expr","locations":[{"start":{"line":68,"column":35},"end":{"line":68,"column":51}},{"start":{"line":68,"column":51},"end":{"line":68,"column":null}}]},"2":{"loc":{"start":{"line":79,"column":8},"end":{"line":81,"column":null}},"type":"if","locations":[{"start":{"line":79,"column":8},"end":{"line":81,"column":null}}]},"3":{"loc":{"start":{"line":79,"column":12},"end":{"line":79,"column":61}},"type":"binary-expr","locations":[{"start":{"line":79,"column":12},"end":{"line":79,"column":38}},{"start":{"line":79,"column":38},"end":{"line":79,"column":61}}]},"4":{"loc":{"start":{"line":98,"column":12},"end":{"line":98,"column":null}},"type":"cond-expr","locations":[{"start":{"line":98,"column":37},"end":{"line":98,"column":53}},{"start":{"line":98,"column":53},"end":{"line":98,"column":null}}]},"5":{"loc":{"start":{"line":111,"column":8},"end":{"line":113,"column":null}},"type":"if","locations":[{"start":{"line":111,"column":8},"end":{"line":113,"column":null}}]},"6":{"loc":{"start":{"line":111,"column":12},"end":{"line":111,"column":65}},"type":"binary-expr","locations":[{"start":{"line":111,"column":12},"end":{"line":111,"column":41}},{"start":{"line":111,"column":41},"end":{"line":111,"column":65}}]},"7":{"loc":{"start":{"line":128,"column":12},"end":{"line":128,"column":null}},"type":"cond-expr","locations":[{"start":{"line":128,"column":37},"end":{"line":128,"column":53}},{"start":{"line":128,"column":53},"end":{"line":128,"column":null}}]},"8":{"loc":{"start":{"line":137,"column":8},"end":{"line":139,"column":null}},"type":"if","locations":[{"start":{"line":137,"column":8},"end":{"line":139,"column":null}}]},"9":{"loc":{"start":{"line":146,"column":12},"end":{"line":146,"column":null}},"type":"cond-expr","locations":[{"start":{"line":146,"column":37},"end":{"line":146,"column":53}},{"start":{"line":146,"column":53},"end":{"line":146,"column":null}}]}},"s":{"0":67,"1":67,"2":67,"3":329,"4":219,"5":219,"6":110,"7":110,"8":110,"9":110,"10":90,"11":0,"12":0,"13":67,"14":5,"15":5,"16":5,"17":0,"18":5,"19":5,"20":4,"21":4,"22":0,"23":0,"24":4,"25":4,"26":4,"27":0,"28":4,"29":4,"30":2,"31":1,"32":1,"33":1,"34":11,"35":11,"36":11,"37":0,"38":11,"39":0,"40":0,"41":67},"f":{"0":67,"1":329,"2":0,"3":5,"4":4,"5":0,"6":4,"7":1,"8":11,"9":0},"b":{"0":[219],"1":[0,0],"2":[0],"3":[5,5],"4":[0,0],"5":[0],"6":[4,4],"7":[1,0],"8":[0],"9":[0,0]}}
,"/home/federodes/Workspace/veFarm/client/src/stores/wallet-modal.ts": {"path":"/home/federodes/Workspace/veFarm/client/src/stores/wallet-modal.ts","statementMap":{"0":{"start":{"line":7,"column":28},"end":{"line":9,"column":null}},"1":{"start":{"line":15,"column":29},"end":{"line":15,"column":null}},"2":{"start":{"line":17,"column":2},"end":{"line":25,"column":null}},"3":{"start":{"line":20,"column":6},"end":{"line":20,"column":null}},"4":{"start":{"line":23,"column":6},"end":{"line":23,"column":null}},"5":{"start":{"line":28,"column":27},"end":{"line":28,"column":null}}},"fnMap":{"0":{"name":"createStore","decl":{"start":{"line":14,"column":9},"end":{"line":14,"column":23}},"loc":{"start":{"line":14,"column":23},"end":{"line":26,"column":null}}},"1":{"name":"(anonymous_1)","decl":{"start":{"line":19,"column":10},"end":{"line":19,"column":28}},"loc":{"start":{"line":19,"column":28},"end":{"line":21,"column":null}}},"2":{"name":"(anonymous_2)","decl":{"start":{"line":22,"column":11},"end":{"line":22,"column":29}},"loc":{"start":{"line":22,"column":29},"end":{"line":24,"column":null}}}},"branchMap":{},"s":{"0":67,"1":67,"2":67,"3":10,"4":62,"5":67},"f":{"0":67,"1":10,"2":62},"b":{}}
,"/home/federodes/Workspace/veFarm/client/src/stores/wallet.ts": {"path":"/home/federodes/Workspace/veFarm/client/src/stores/wallet.ts","statementMap":{"0":{"start":{"line":31,"column":28},"end":{"line":40,"column":null}},"1":{"start":{"line":43,"column":16},"end":{"line":43,"column":null}},"2":{"start":{"line":45,"column":2},"end":{"line":259,"column":null}},"3":{"start":{"line":48,"column":6},"end":{"line":48,"column":null}},"4":{"start":{"line":51,"column":6},"end":{"line":51,"column":null}},"5":{"start":{"line":58,"column":6},"end":{"line":119,"column":null}},"6":{"start":{"line":59,"column":8},"end":{"line":59,"column":null}},"7":{"start":{"line":61,"column":8},"end":{"line":65,"column":null}},"8":{"start":{"line":61,"column":29},"end":{"line":65,"column":10}},"9":{"start":{"line":68,"column":8},"end":{"line":70,"column":null}},"10":{"start":{"line":69,"column":10},"end":{"line":69,"column":null}},"11":{"start":{"line":72,"column":23},"end":{"line":76,"column":null}},"12":{"start":{"line":78,"column":28},"end":{"line":78,"column":null}},"13":{"start":{"line":80,"column":51},"end":{"line":86,"column":null}},"14":{"start":{"line":88,"column":21},"end":{"line":88,"column":null}},"15":{"start":{"line":91,"column":8},"end":{"line":91,"column":null}},"16":{"start":{"line":93,"column":24},"end":{"line":93,"column":null}},"17":{"start":{"line":96,"column":8},"end":{"line":96,"column":null}},"18":{"start":{"line":101,"column":8},"end":{"line":110,"column":null}},"19":{"start":{"line":112,"column":8},"end":{"line":116,"column":null}},"20":{"start":{"line":118,"column":8},"end":{"line":118,"column":null}},"21":{"start":{"line":118,"column":29},"end":{"line":118,"column":54}},"22":{"start":{"line":125,"column":6},"end":{"line":171,"column":null}},"23":{"start":{"line":126,"column":8},"end":{"line":126,"column":null}},"24":{"start":{"line":128,"column":21},"end":{"line":128,"column":null}},"25":{"start":{"line":130,"column":8},"end":{"line":130,"column":null}},"26":{"start":{"line":130,"column":26},"end":{"line":130,"column":null}},"27":{"start":{"line":132,"column":38},"end":{"line":132,"column":null}},"28":{"start":{"line":137,"column":8},"end":{"line":141,"column":null}},"29":{"start":{"line":137,"column":29},"end":{"line":141,"column":10}},"30":{"start":{"line":143,"column":23},"end":{"line":147,"column":null}},"31":{"start":{"line":149,"column":28},"end":{"line":149,"column":null}},"32":{"start":{"line":153,"column":8},"end":{"line":162,"column":null}},"33":{"start":{"line":164,"column":8},"end":{"line":168,"column":null}},"34":{"start":{"line":170,"column":8},"end":{"line":170,"column":null}},"35":{"start":{"line":170,"column":29},"end":{"line":170,"column":54}},"36":{"start":{"line":212,"column":6},"end":{"line":228,"column":null}},"37":{"start":{"line":213,"column":21},"end":{"line":213,"column":null}},"38":{"start":{"line":215,"column":8},"end":{"line":217,"column":null}},"39":{"start":{"line":216,"column":10},"end":{"line":216,"column":null}},"40":{"start":{"line":219,"column":41},"end":{"line":219,"column":null}},"41":{"start":{"line":221,"column":8},"end":{"line":221,"column":null}},"42":{"start":{"line":223,"column":8},"end":{"line":227,"column":null}},"43":{"start":{"line":223,"column":29},"end":{"line":227,"column":10}},"44":{"start":{"line":233,"column":6},"end":{"line":257,"column":null}},"45":{"start":{"line":234,"column":21},"end":{"line":234,"column":null}},"46":{"start":{"line":236,"column":8},"end":{"line":238,"column":null}},"47":{"start":{"line":237,"column":10},"end":{"line":237,"column":null}},"48":{"start":{"line":240,"column":29},"end":{"line":240,"column":null}},"49":{"start":{"line":242,"column":23},"end":{"line":246,"column":null}},"50":{"start":{"line":248,"column":28},"end":{"line":248,"column":null}},"51":{"start":{"line":250,"column":8},"end":{"line":250,"column":null}},"52":{"start":{"line":252,"column":8},"end":{"line":256,"column":null}},"53":{"start":{"line":252,"column":29},"end":{"line":256,"column":10}},"54":{"start":{"line":262,"column":22},"end":{"line":262,"column":null}}},"fnMap":{"0":{"name":"createStore","decl":{"start":{"line":42,"column":9},"end":{"line":42,"column":23}},"loc":{"start":{"line":42,"column":23},"end":{"line":260,"column":null}}},"1":{"name":"(anonymous_1)","decl":{"start":{"line":47,"column":16},"end":{"line":47,"column":34}},"loc":{"start":{"line":47,"column":34},"end":{"line":52,"column":null}}},"2":{"name":"(anonymous_2)","decl":{"start":{"line":57,"column":13},"end":{"line":57,"column":29}},"loc":{"start":{"line":57,"column":64},"end":{"line":120,"column":null}}},"3":{"name":"(anonymous_3)","decl":{"start":{"line":61,"column":21},"end":{"line":61,"column":22}},"loc":{"start":{"line":61,"column":29},"end":{"line":65,"column":10}}},"4":{"name":"(anonymous_4)","decl":{"start":{"line":118,"column":21},"end":{"line":118,"column":22}},"loc":{"start":{"line":118,"column":29},"end":{"line":118,"column":54}}},"5":{"name":"(anonymous_5)","decl":{"start":{"line":124,"column":23},"end":{"line":124,"column":56}},"loc":{"start":{"line":124,"column":56},"end":{"line":172,"column":null}}},"6":{"name":"(anonymous_6)","decl":{"start":{"line":137,"column":21},"end":{"line":137,"column":22}},"loc":{"start":{"line":137,"column":29},"end":{"line":141,"column":10}}},"7":{"name":"(anonymous_7)","decl":{"start":{"line":170,"column":21},"end":{"line":170,"column":22}},"loc":{"start":{"line":170,"column":29},"end":{"line":170,"column":54}}},"8":{"name":"(anonymous_8)","decl":{"start":{"line":208,"column":12},"end":{"line":208,"column":null}},"loc":{"start":{"line":211,"column":53},"end":{"line":229,"column":null}}},"9":{"name":"(anonymous_9)","decl":{"start":{"line":223,"column":21},"end":{"line":223,"column":22}},"loc":{"start":{"line":223,"column":29},"end":{"line":227,"column":10}}},"10":{"name":"(anonymous_10)","decl":{"start":{"line":230,"column":20},"end":{"line":230,"column":null}},"loc":{"start":{"line":232,"column":60},"end":{"line":258,"column":null}}},"11":{"name":"(anonymous_11)","decl":{"start":{"line":252,"column":21},"end":{"line":252,"column":22}},"loc":{"start":{"line":252,"column":29},"end":{"line":256,"column":10}}}},"branchMap":{"0":{"loc":{"start":{"line":68,"column":8},"end":{"line":70,"column":null}},"type":"if","locations":[{"start":{"line":68,"column":8},"end":{"line":70,"column":null}}]},"1":{"loc":{"start":{"line":68,"column":12},"end":{"line":68,"column":55}},"type":"binary-expr","locations":[{"start":{"line":68,"column":12},"end":{"line":68,"column":38}},{"start":{"line":68,"column":38},"end":{"line":68,"column":55}}]},"2":{"loc":{"start":{"line":115,"column":12},"end":{"line":115,"column":null}},"type":"cond-expr","locations":[{"start":{"line":115,"column":37},"end":{"line":115,"column":53}},{"start":{"line":115,"column":53},"end":{"line":115,"column":null}}]},"3":{"loc":{"start":{"line":130,"column":8},"end":{"line":130,"column":null}},"type":"if","locations":[{"start":{"line":130,"column":8},"end":{"line":130,"column":null}}]},"4":{"loc":{"start":{"line":167,"column":12},"end":{"line":167,"column":null}},"type":"cond-expr","locations":[{"start":{"line":167,"column":37},"end":{"line":167,"column":53}},{"start":{"line":167,"column":53},"end":{"line":167,"column":null}}]},"5":{"loc":{"start":{"line":215,"column":8},"end":{"line":217,"column":null}},"type":"if","locations":[{"start":{"line":215,"column":8},"end":{"line":217,"column":null}}]},"6":{"loc":{"start":{"line":226,"column":12},"end":{"line":226,"column":null}},"type":"cond-expr","locations":[{"start":{"line":226,"column":37},"end":{"line":226,"column":53}},{"start":{"line":226,"column":53},"end":{"line":226,"column":null}}]},"7":{"loc":{"start":{"line":236,"column":8},"end":{"line":238,"column":null}},"type":"if","locations":[{"start":{"line":236,"column":8},"end":{"line":238,"column":null}}]},"8":{"loc":{"start":{"line":255,"column":12},"end":{"line":255,"column":null}},"type":"cond-expr","locations":[{"start":{"line":255,"column":37},"end":{"line":255,"column":53}},{"start":{"line":255,"column":53},"end":{"line":255,"column":null}}]}},"s":{"0":67,"1":67,"2":67,"3":2,"4":2,"5":6,"6":6,"7":6,"8":6,"9":6,"10":1,"11":5,"12":5,"13":5,"14":5,"15":2,"16":1,"17":1,"18":1,"19":2,"20":3,"21":3,"22":67,"23":67,"24":67,"25":67,"26":13,"27":54,"28":54,"29":54,"30":54,"31":54,"32":54,"33":0,"34":67,"35":67,"36":15,"37":15,"38":15,"39":0,"40":15,"41":15,"42":0,"43":0,"44":8,"45":8,"46":8,"47":0,"48":8,"49":8,"50":8,"51":8,"52":0,"53":0,"54":67},"f":{"0":67,"1":2,"2":6,"3":6,"4":3,"5":67,"6":54,"7":67,"8":15,"9":0,"10":8,"11":0},"b":{"0":[1],"1":[6,1],"2":[2,0],"3":[13],"4":[0,0],"5":[0],"6":[0,0],"7":[0],"8":[0,0]}}
,"/home/federodes/Workspace/veFarm/client/src/typings/types.ts": {"path":"/home/federodes/Workspace/veFarm/client/src/typings/types.ts","statementMap":{},"fnMap":{},"branchMap":{},"s":{},"f":{},"b":{}}
,"/home/federodes/Workspace/veFarm/client/src/utils/seconds-to-dhms.ts": {"path":"/home/federodes/Workspace/veFarm/client/src/utils/seconds-to-dhms.ts","statementMap":{"0":{"start":{"line":2,"column":16},"end":{"line":2,"column":null}},"1":{"start":{"line":4,"column":15},"end":{"line":4,"column":null}},"2":{"start":{"line":5,"column":2},"end":{"line":5,"column":null}},"3":{"start":{"line":7,"column":16},"end":{"line":7,"column":null}},"4":{"start":{"line":8,"column":2},"end":{"line":8,"column":null}},"5":{"start":{"line":10,"column":18},"end":{"line":10,"column":null}},"6":{"start":{"line":11,"column":2},"end":{"line":11,"column":null}},"7":{"start":{"line":13,"column":2},"end":{"line":13,"column":null}}},"fnMap":{"0":{"name":"secondsToDHMS","decl":{"start":{"line":1,"column":16},"end":{"line":1,"column":30}},"loc":{"start":{"line":1,"column":48},"end":{"line":14,"column":null}}}},"branchMap":{},"s":{"0":140,"1":140,"2":140,"3":140,"4":140,"5":140,"6":140,"7":140},"f":{"0":140},"b":{}}
,"/home/federodes/Workspace/veFarm/client/src/utils/seconds-to-trigger.ts": {"path":"/home/federodes/Workspace/veFarm/client/src/utils/seconds-to-trigger.ts","statementMap":{"0":{"start":{"line":18,"column":15},"end":{"line":18,"column":null}},"1":{"start":{"line":21,"column":2},"end":{"line":21,"column":null}},"2":{"start":{"line":21,"column":19},"end":{"line":21,"column":null}},"3":{"start":{"line":24,"column":2},"end":{"line":24,"column":null}},"4":{"start":{"line":24,"column":25},"end":{"line":24,"column":null}},"5":{"start":{"line":27,"column":15},"end":{"line":27,"column":null}},"6":{"start":{"line":30,"column":2},"end":{"line":30,"column":null}}},"fnMap":{"0":{"name":"secondsToTrigger","decl":{"start":{"line":13,"column":16},"end":{"line":13,"column":null}},"loc":{"start":{"line":17,"column":22},"end":{"line":31,"column":null}}}},"branchMap":{"0":{"loc":{"start":{"line":21,"column":2},"end":{"line":21,"column":null}},"type":"if","locations":[{"start":{"line":21,"column":2},"end":{"line":21,"column":null}}]},"1":{"loc":{"start":{"line":24,"column":2},"end":{"line":24,"column":null}},"type":"if","locations":[{"start":{"line":24,"column":2},"end":{"line":24,"column":null}}]}},"s":{"0":140,"1":140,"2":70,"3":70,"4":0,"5":70,"6":70},"f":{"0":140},"b":{"0":[70],"1":[0]}}
,"/home/federodes/Workspace/veFarm/client/src/utils/shorten-address.ts": {"path":"/home/federodes/Workspace/veFarm/client/src/utils/shorten-address.ts","statementMap":{"0":{"start":{"line":2,"column":16},"end":{"line":2,"column":null}},"1":{"start":{"line":3,"column":17},"end":{"line":3,"column":null}},"2":{"start":{"line":4,"column":2},"end":{"line":4,"column":null}},"3":{"start":{"line":4,"column":22},"end":{"line":4,"column":null}},"4":{"start":{"line":5,"column":25},"end":{"line":5,"column":null}},"5":{"start":{"line":6,"column":2},"end":{"line":6,"column":null}}},"fnMap":{"0":{"name":"shortenAddress","decl":{"start":{"line":1,"column":16},"end":{"line":1,"column":31}},"loc":{"start":{"line":1,"column":49},"end":{"line":7,"column":null}}}},"branchMap":{"0":{"loc":{"start":{"line":4,"column":2},"end":{"line":4,"column":null}},"type":"if","locations":[{"start":{"line":4,"column":2},"end":{"line":4,"column":null}}]}},"s":{"0":54,"1":54,"2":54,"3":0,"4":54,"5":54},"f":{"0":54},"b":{"0":[0]}}
,"/home/federodes/Workspace/veFarm/client/src/utils/time-since.ts": {"path":"/home/federodes/Workspace/veFarm/client/src/utils/time-since.ts","statementMap":{},"fnMap":{},"branchMap":{},"s":{},"f":{},"b":{}}
,"/home/federodes/Workspace/veFarm/client/src/utils/choose-solution/choose-solution.ts": {"path":"/home/federodes/Workspace/veFarm/client/src/utils/choose-solution/choose-solution.ts","statementMap":{"0":{"start":{"line":19,"column":12},"end":{"line":19,"column":null}},"1":{"start":{"line":23,"column":2},"end":{"line":27,"column":null}},"2":{"start":{"line":24,"column":4},"end":{"line":26,"column":null}},"3":{"start":{"line":25,"column":6},"end":{"line":25,"column":null}},"4":{"start":{"line":29,"column":2},"end":{"line":29,"column":null}}},"fnMap":{"0":{"name":"chooseSolution","decl":{"start":{"line":13,"column":16},"end":{"line":13,"column":null}},"loc":{"start":{"line":17,"column":7},"end":{"line":30,"column":null}}}},"branchMap":{"0":{"loc":{"start":{"line":24,"column":4},"end":{"line":26,"column":null}},"type":"if","locations":[{"start":{"line":24,"column":4},"end":{"line":26,"column":null}}]}},"s":{"0":140,"1":140,"2":560,"3":149,"4":140},"f":{"0":140},"b":{"0":[149]}}
,"/home/federodes/Workspace/veFarm/client/src/utils/expand-to-18-decimals/expand-to-18-decimals.test.ts": {"path":"/home/federodes/Workspace/veFarm/client/src/utils/expand-to-18-decimals/expand-to-18-decimals.test.ts","statementMap":{},"fnMap":{},"branchMap":{},"s":{},"f":{},"b":{}}
,"/home/federodes/Workspace/veFarm/client/src/utils/expand-to-18-decimals/expand-to-18-decimals.ts": {"path":"/home/federodes/Workspace/veFarm/client/src/utils/expand-to-18-decimals/expand-to-18-decimals.ts","statementMap":{"0":{"start":{"line":8,"column":2},"end":{"line":8,"column":null}}},"fnMap":{"0":{"name":"expandTo18Decimals","decl":{"start":{"line":7,"column":16},"end":{"line":7,"column":35}},"loc":{"start":{"line":7,"column":70},"end":{"line":9,"column":null}}}},"branchMap":{},"s":{"0":54},"f":{"0":54},"b":{}}
,"/home/federodes/Workspace/veFarm/client/src/utils/format-units/format-units.test.ts": {"path":"/home/federodes/Workspace/veFarm/client/src/utils/format-units/format-units.test.ts","statementMap":{},"fnMap":{},"branchMap":{},"s":{},"f":{},"b":{}}
,"/home/federodes/Workspace/veFarm/client/src/utils/format-units/format-units.ts": {"path":"/home/federodes/Workspace/veFarm/client/src/utils/format-units/format-units.ts","statementMap":{"0":{"start":{"line":11,"column":16},"end":{"line":11,"column":null}},"1":{"start":{"line":12,"column":2},"end":{"line":12,"column":null}}},"fnMap":{"0":{"name":"formatUnits","decl":{"start":{"line":10,"column":16},"end":{"line":10,"column":28}},"loc":{"start":{"line":10,"column":73},"end":{"line":13,"column":null}}}},"branchMap":{"0":{"loc":{"start":{"line":12,"column":9},"end":{"line":12,"column":null}},"type":"cond-expr","locations":[{"start":{"line":12,"column":28},"end":{"line":12,"column":69}},{"start":{"line":12,"column":69},"end":{"line":12,"column":null}}]}},"s":{"0":960,"1":960},"f":{"0":960},"b":{"0":[554,406]}}
,"/home/federodes/Workspace/veFarm/client/src/utils/is-numeric/index.ts": {"path":"/home/federodes/Workspace/veFarm/client/src/utils/is-numeric/index.ts","statementMap":{},"fnMap":{},"branchMap":{},"s":{},"f":{},"b":{}}
,"/home/federodes/Workspace/veFarm/client/src/utils/is-numeric/is-numeric.test.ts": {"path":"/home/federodes/Workspace/veFarm/client/src/utils/is-numeric/is-numeric.test.ts","statementMap":{},"fnMap":{},"branchMap":{},"s":{},"f":{},"b":{}}
,"/home/federodes/Workspace/veFarm/client/src/utils/is-numeric/is-numeric.ts": {"path":"/home/federodes/Workspace/veFarm/client/src/utils/is-numeric/is-numeric.ts","statementMap":{"0":{"start":{"line":7,"column":2},"end":{"line":7,"column":null}},"1":{"start":{"line":7,"column":24},"end":{"line":7,"column":null}},"2":{"start":{"line":8,"column":2},"end":{"line":8,"column":null}}},"fnMap":{"0":{"name":"isNumeric","decl":{"start":{"line":6,"column":16},"end":{"line":6,"column":26}},"loc":{"start":{"line":6,"column":48},"end":{"line":9,"column":null}}}},"branchMap":{"0":{"loc":{"start":{"line":7,"column":2},"end":{"line":7,"column":null}},"type":"if","locations":[{"start":{"line":7,"column":2},"end":{"line":7,"column":null}}]}},"s":{"0":15,"1":0,"2":15},"f":{"0":15},"b":{"0":[0]}}
,"/home/federodes/Workspace/veFarm/client/src/utils/is-zero-or-empty/is-zero-or-empty.test.ts": {"path":"/home/federodes/Workspace/veFarm/client/src/utils/is-zero-or-empty/is-zero-or-empty.test.ts","statementMap":{},"fnMap":{},"branchMap":{},"s":{},"f":{},"b":{}}
,"/home/federodes/Workspace/veFarm/client/src/utils/is-zero-or-empty/is-zero-or-empty.ts": {"path":"/home/federodes/Workspace/veFarm/client/src/utils/is-zero-or-empty/is-zero-or-empty.ts","statementMap":{"0":{"start":{"line":9,"column":2},"end":{"line":9,"column":null}}},"fnMap":{"0":{"name":"isZeroOrEmpty","decl":{"start":{"line":8,"column":16},"end":{"line":8,"column":30}},"loc":{"start":{"line":8,"column":52},"end":{"line":10,"column":null}}}},"branchMap":{"0":{"loc":{"start":{"line":9,"column":9},"end":{"line":9,"column":null}},"type":"binary-expr","locations":[{"start":{"line":9,"column":9},"end":{"line":9,"column":30}},{"start":{"line":9,"column":30},"end":{"line":9,"column":null}}]}},"s":{"0":185},"f":{"0":185},"b":{"0":[185,56]}}
,"/home/federodes/Workspace/veFarm/client/src/utils/truncate-decimal-string/truncate-decimal-string.test.ts": {"path":"/home/federodes/Workspace/veFarm/client/src/utils/truncate-decimal-string/truncate-decimal-string.test.ts","statementMap":{},"fnMap":{},"branchMap":{},"s":{},"f":{},"b":{}}
,"/home/federodes/Workspace/veFarm/client/src/utils/truncate-decimal-string/truncate-decimal-string.ts": {"path":"/home/federodes/Workspace/veFarm/client/src/utils/truncate-decimal-string/truncate-decimal-string.ts","statementMap":{"0":{"start":{"line":8,"column":17},"end":{"line":8,"column":null}},"1":{"start":{"line":10,"column":2},"end":{"line":12,"column":null}},"2":{"start":{"line":11,"column":4},"end":{"line":11,"column":null}},"3":{"start":{"line":14,"column":16},"end":{"line":14,"column":null}},"4":{"start":{"line":16,"column":2},"end":{"line":18,"column":null}},"5":{"start":{"line":17,"column":4},"end":{"line":17,"column":null}},"6":{"start":{"line":20,"column":2},"end":{"line":20,"column":null}}},"fnMap":{"0":{"name":"truncateDecimalString","decl":{"start":{"line":7,"column":16},"end":{"line":7,"column":38}},"loc":{"start":{"line":7,"column":77},"end":{"line":21,"column":null}}}},"branchMap":{"0":{"loc":{"start":{"line":10,"column":2},"end":{"line":12,"column":null}},"type":"if","locations":[{"start":{"line":10,"column":2},"end":{"line":12,"column":null}}]},"1":{"loc":{"start":{"line":16,"column":2},"end":{"line":18,"column":null}},"type":"if","locations":[{"start":{"line":16,"column":2},"end":{"line":18,"column":null}}]}},"s":{"0":554,"1":554,"2":0,"3":554,"4":554,"5":168,"6":386},"f":{"0":554},"b":{"0":[0],"1":[168]}}
}
