{"total": {"lines":{"total":264,"covered":228,"skipped":0,"pct":86.36},"statements":{"total":287,"covered":239,"skipped":0,"pct":83.27},"functions":{"total":71,"covered":58,"skipped":0,"pct":81.69},"branches":{"total":84,"covered":43,"skipped":0,"pct":51.19},"branchesTrue":{"total":0,"covered":0,"skipped":0,"pct":100}}
,"/home/federodes/Workspace/veFarm/client/src/main.ts": {"lines":{"total":1,"covered":1,"skipped":0,"pct":100},"functions":{"total":0,"covered":0,"skipped":0,"pct":100},"statements":{"total":1,"covered":1,"skipped":0,"pct":100},"branches":{"total":0,"covered":0,"skipped":0,"pct":100}}
,"/home/federodes/Workspace/veFarm/client/src/blockchain/connex-utils.ts": {"lines":{"total":53,"covered":38,"skipped":0,"pct":71.69},"functions":{"total":19,"covered":14,"skipped":0,"pct":73.68},"statements":{"total":55,"covered":39,"skipped":0,"pct":70.9},"branches":{"total":18,"covered":12,"skipped":0,"pct":66.66}}
,"/home/federodes/Workspace/veFarm/client/src/config/get-env-vars.ts": {"lines":{"total":4,"covered":3,"skipped":0,"pct":75},"functions":{"total":1,"covered":1,"skipped":0,"pct":100},"statements":{"total":4,"covered":3,"skipped":0,"pct":75},"branches":{"total":3,"covered":1,"skipped":0,"pct":33.33}}
,"/home/federodes/Workspace/veFarm/client/src/config/index.ts": {"lines":{"total":5,"covered":5,"skipped":0,"pct":100},"functions":{"total":0,"covered":0,"skipped":0,"pct":100},"statements":{"total":5,"covered":5,"skipped":0,"pct":100},"branches":{"total":0,"covered":0,"skipped":0,"pct":100}}
,"/home/federodes/Workspace/veFarm/client/src/stores/balance.ts": {"lines":{"total":21,"covered":18,"skipped":0,"pct":85.71},"functions":{"total":3,"covered":3,"skipped":0,"pct":100},"statements":{"total":21,"covered":18,"skipped":0,"pct":85.71},"branches":{"total":4,"covered":3,"skipped":0,"pct":75}}
,"/home/federodes/Workspace/veFarm/client/src/stores/trade-forecast.ts": {"lines":{"total":21,"covered":21,"skipped":0,"pct":100},"functions":{"total":5,"covered":5,"skipped":0,"pct":100},"statements":{"total":22,"covered":22,"skipped":0,"pct":100},"branches":{"total":7,"covered":6,"skipped":0,"pct":85.71}}
,"/home/federodes/Workspace/veFarm/client/src/stores/trader.ts": {"lines":{"total":32,"covered":27,"skipped":0,"pct":84.37},"functions":{"total":9,"covered":6,"skipped":0,"pct":66.66},"statements":{"total":36,"covered":28,"skipped":0,"pct":77.77},"branches":{"total":11,"covered":3,"skipped":0,"pct":27.27}}
,"/home/federodes/Workspace/veFarm/client/src/stores/vtho.ts": {"lines":{"total":37,"covered":31,"skipped":0,"pct":83.78},"functions":{"total":10,"covered":7,"skipped":0,"pct":70},"statements":{"total":42,"covered":33,"skipped":0,"pct":78.57},"branches":{"total":16,"covered":6,"skipped":0,"pct":37.5}}
,"/home/federodes/Workspace/veFarm/client/src/stores/wallet-modal.ts": {"lines":{"total":6,"covered":6,"skipped":0,"pct":100},"functions":{"total":3,"covered":3,"skipped":0,"pct":100},"statements":{"total":6,"covered":6,"skipped":0,"pct":100},"branches":{"total":0,"covered":0,"skipped":0,"pct":100}}
,"/home/federodes/Workspace/veFarm/client/src/stores/wallet.ts": {"lines":{"total":48,"covered":43,"skipped":0,"pct":89.58},"functions":{"total":12,"covered":10,"skipped":0,"pct":83.33},"statements":{"total":55,"covered":48,"skipped":0,"pct":87.27},"branches":{"total":14,"covered":5,"skipped":0,"pct":35.71}}
,"/home/federodes/Workspace/veFarm/client/src/typings/types.ts": {"lines":{"total":0,"covered":0,"skipped":0,"pct":0},"functions":{"total":0,"covered":0,"skipped":0,"pct":0},"statements":{"total":0,"covered":0,"skipped":0,"pct":0},"branches":{"total":0,"covered":0,"skipped":0,"pct":0}}
,"/home/federodes/Workspace/veFarm/client/src/utils/seconds-to-dhms.ts": {"lines":{"total":8,"covered":8,"skipped":0,"pct":100},"functions":{"total":1,"covered":1,"skipped":0,"pct":100},"statements":{"total":8,"covered":8,"skipped":0,"pct":100},"branches":{"total":0,"covered":0,"skipped":0,"pct":100}}
,"/home/federodes/Workspace/veFarm/client/src/utils/seconds-to-trigger.ts": {"lines":{"total":5,"covered":5,"skipped":0,"pct":100},"functions":{"total":1,"covered":1,"skipped":0,"pct":100},"statements":{"total":7,"covered":6,"skipped":0,"pct":85.71},"branches":{"total":2,"covered":1,"skipped":0,"pct":50}}
,"/home/federodes/Workspace/veFarm/client/src/utils/shorten-address.ts": {"lines":{"total":5,"covered":5,"skipped":0,"pct":100},"functions":{"total":1,"covered":1,"skipped":0,"pct":100},"statements":{"total":6,"covered":5,"skipped":0,"pct":83.33},"branches":{"total":1,"covered":0,"skipped":0,"pct":0}}
,"/home/federodes/Workspace/veFarm/client/src/utils/time-since.ts": {"lines":{"total":0,"covered":0,"skipped":0,"pct":0},"functions":{"total":0,"covered":0,"skipped":0,"pct":0},"statements":{"total":0,"covered":0,"skipped":0,"pct":0},"branches":{"total":0,"covered":0,"skipped":0,"pct":0}}
,"/home/federodes/Workspace/veFarm/client/src/utils/choose-solution/choose-solution.ts": {"lines":{"total":5,"covered":5,"skipped":0,"pct":100},"functions":{"total":1,"covered":1,"skipped":0,"pct":100},"statements":{"total":5,"covered":5,"skipped":0,"pct":100},"branches":{"total":1,"covered":1,"skipped":0,"pct":100}}
,"/home/federodes/Workspace/veFarm/client/src/utils/expand-to-18-decimals/expand-to-18-decimals.test.ts": {"lines":{"total":0,"covered":0,"skipped":0,"pct":0},"functions":{"total":0,"covered":0,"skipped":0,"pct":0},"statements":{"total":0,"covered":0,"skipped":0,"pct":0},"branches":{"total":0,"covered":0,"skipped":0,"pct":0}}
,"/home/federodes/Workspace/veFarm/client/src/utils/expand-to-18-decimals/expand-to-18-decimals.ts": {"lines":{"total":1,"covered":1,"skipped":0,"pct":100},"functions":{"total":1,"covered":1,"skipped":0,"pct":100},"statements":{"total":1,"covered":1,"skipped":0,"pct":100},"branches":{"total":0,"covered":0,"skipped":0,"pct":100}}
,"/home/federodes/Workspace/veFarm/client/src/utils/format-units/format-units.test.ts": {"lines":{"total":0,"covered":0,"skipped":0,"pct":0},"functions":{"total":0,"covered":0,"skipped":0,"pct":0},"statements":{"total":0,"covered":0,"skipped":0,"pct":0},"branches":{"total":0,"covered":0,"skipped":0,"pct":0}}
,"/home/federodes/Workspace/veFarm/client/src/utils/format-units/format-units.ts": {"lines":{"total":2,"covered":2,"skipped":0,"pct":100},"functions":{"total":1,"covered":1,"skipped":0,"pct":100},"statements":{"total":2,"covered":2,"skipped":0,"pct":100},"branches":{"total":2,"covered":2,"skipped":0,"pct":100}}
,"/home/federodes/Workspace/veFarm/client/src/utils/is-numeric/index.ts": {"lines":{"total":0,"covered":0,"skipped":0,"pct":0},"functions":{"total":0,"covered":0,"skipped":0,"pct":0},"statements":{"total":0,"covered":0,"skipped":0,"pct":0},"branches":{"total":0,"covered":0,"skipped":0,"pct":0}}
,"/home/federodes/Workspace/veFarm/client/src/utils/is-numeric/is-numeric.test.ts": {"lines":{"total":0,"covered":0,"skipped":0,"pct":0},"functions":{"total":0,"covered":0,"skipped":0,"pct":0},"statements":{"total":0,"covered":0,"skipped":0,"pct":0},"branches":{"total":0,"covered":0,"skipped":0,"pct":0}}
,"/home/federodes/Workspace/veFarm/client/src/utils/is-numeric/is-numeric.ts": {"lines":{"total":2,"covered":2,"skipped":0,"pct":100},"functions":{"total":1,"covered":1,"skipped":0,"pct":100},"statements":{"total":3,"covered":2,"skipped":0,"pct":66.66},"branches":{"total":1,"covered":0,"skipped":0,"pct":0}}
,"/home/federodes/Workspace/veFarm/client/src/utils/is-zero-or-empty/is-zero-or-empty.test.ts": {"lines":{"total":0,"covered":0,"skipped":0,"pct":0},"functions":{"total":0,"covered":0,"skipped":0,"pct":0},"statements":{"total":0,"covered":0,"skipped":0,"pct":0},"branches":{"total":0,"covered":0,"skipped":0,"pct":0}}
,"/home/federodes/Workspace/veFarm/client/src/utils/is-zero-or-empty/is-zero-or-empty.ts": {"lines":{"total":1,"covered":1,"skipped":0,"pct":100},"functions":{"total":1,"covered":1,"skipped":0,"pct":100},"statements":{"total":1,"covered":1,"skipped":0,"pct":100},"branches":{"total":2,"covered":2,"skipped":0,"pct":100}}
,"/home/federodes/Workspace/veFarm/client/src/utils/truncate-decimal-string/truncate-decimal-string.test.ts": {"lines":{"total":0,"covered":0,"skipped":0,"pct":0},"functions":{"total":0,"covered":0,"skipped":0,"pct":0},"statements":{"total":0,"covered":0,"skipped":0,"pct":0},"branches":{"total":0,"covered":0,"skipped":0,"pct":0}}
,"/home/federodes/Workspace/veFarm/client/src/utils/truncate-decimal-string/truncate-decimal-string.ts": {"lines":{"total":7,"covered":6,"skipped":0,"pct":85.71},"functions":{"total":1,"covered":1,"skipped":0,"pct":100},"statements":{"total":7,"covered":6,"skipped":0,"pct":85.71},"branches":{"total":2,"covered":1,"skipped":0,"pct":50}}
}
