TN:
SF:src/main.ts
FNF:0
FNH:0
DA:4,67
LF:1
LH:1
BRF:0
BRH:0
end_of_record
TN:
SF:src/blockchain/connex-utils.ts
FN:30,(anonymous_0)
FN:38,(anonymous_1)
FN:42,(anonymous_2)
FN:58,(anonymous_3)
FN:62,(anonymous_4)
FN:78,(anonymous_5)
FN:82,(anonymous_6)
FN:97,(anonymous_7)
FN:132,(anonymous_8)
FN:157,(anonymous_9)
FN:180,(anonymous_10)
FN:209,(anonymous_11)
FN:217,(anonymous_12)
FN:232,(anonymous_13)
FN:241,(anonymous_14)
FN:255,(anonymous_15)
FN:275,(anonymous_16)
FN:291,(anonymous_17)
FN:311,(anonymous_18)
FNF:19
FNH:14
FNDA:122,(anonymous_0)
FNDA:1430,(anonymous_1)
FNDA:284,(anonymous_2)
FNDA:1375,(anonymous_3)
FNDA:4,(anonymous_4)
FNDA:1375,(anonymous_5)
FNDA:20,(anonymous_6)
FNDA:275,(anonymous_7)
FNDA:5,(anonymous_8)
FNDA:15,(anonymous_9)
FNDA:10,(anonymous_10)
FNDA:55,(anonymous_11)
FNDA:0,(anonymous_12)
FNDA:0,(anonymous_13)
FNDA:120,(anonymous_14)
FNDA:55,(anonymous_15)
FNDA:0,(anonymous_16)
FNDA:0,(anonymous_17)
FNDA:0,(anonymous_18)
DA:30,122
DA:42,1430
DA:43,284
DA:48,247
DA:62,1375
DA:63,4
DA:68,4
DA:82,1375
DA:83,20
DA:98,275
DA:103,275
DA:104,4290
DA:105,2805
DA:106,1430
DA:111,1375
DA:115,1375
DA:117,1485
DA:118,495
DA:124,275
DA:133,5
DA:138,2
DA:147,2
DA:162,15
DA:184,10
DA:186,10
DA:187,10
DA:188,0
DA:191,10
DA:193,10
DA:195,10
DA:196,5
DA:199,5
DA:200,5
DA:210,55
DA:218,0
DA:220,0
DA:221,0
DA:224,0
DA:233,0
DA:242,120
DA:244,118
DA:257,55
DA:263,55
DA:268,55
DA:279,0
DA:281,0
DA:282,0
DA:290,0
DA:291,0
DA:293,0
DA:298,0
DA:300,0
DA:316,0
LF:53
LH:38
BRDA:104,0,0,2805
BRDA:104,0,1,1485
BRDA:104,1,0,4290
BRDA:104,1,1,4180
BRDA:105,2,0,1430
BRDA:105,2,1,1375
BRDA:117,3,0,495
BRDA:117,4,0,1485
BRDA:117,4,1,1375
BRDA:160,5,0,0
BRDA:182,6,0,10
BRDA:187,7,0,0
BRDA:195,8,0,5
BRDA:199,9,0,5
BRDA:220,10,0,0
BRDA:281,11,0,0
BRDA:298,12,0,0
BRDA:298,12,1,0
BRF:18
BRH:12
end_of_record
TN:
SF:src/config/get-env-vars.ts
FN:9,getEnvVars
FNF:1
FNH:1
FNDA:67,getEnvVars
DA:10,67
DA:14,67
DA:15,0
DA:18,67
LF:4
LH:3
BRDA:10,0,0,67
BRDA:10,0,1,0
BRDA:14,1,0,0
BRF:3
BRH:1
end_of_record
TN:
SF:src/config/index.ts
FNF:0
FNH:0
DA:5,67
DA:7,67
DA:49,67
DA:145,67
DA:148,67
LF:5
LH:5
BRF:0
BRH:0
end_of_record
TN:
SF:src/stores/balance.ts
FN:27,createStore
FN:31,(anonymous_1)
FN:61,(anonymous_2)
FNF:3
FNH:3
FNDA:67,createStore
FNDA:329,(anonymous_1)
FNDA:10,(anonymous_2)
DA:20,67
DA:28,67
DA:31,67
DA:32,329
DA:33,219
DA:34,219
DA:38,110
DA:39,110
DA:41,110
DA:43,108
DA:50,0
DA:59,67
DA:62,10
DA:63,10
DA:65,10
DA:66,0
DA:69,10
DA:71,10
DA:73,10
DA:80,0
DA:86,67
LF:21
LH:18
BRDA:32,0,0,219
BRDA:65,1,0,0
BRDA:65,2,0,10
BRDA:65,2,1,10
BRF:4
BRH:3
end_of_record
TN:
SF:src/stores/trade-forecast.ts
FN:62,fetchTradeForecast
FN:73,(anonymous_1)
FN:88,createStore
FN:92,(anonymous_3)
FN:111,(anonymous_4)
FNF:5
FNH:5
FNDA:54,fetchTradeForecast
FNDA:140,(anonymous_1)
FNDA:67,createStore
FNDA:337,(anonymous_3)
FNDA:54,(anonymous_4)
DA:48,67
DA:65,54
DA:69,51
DA:71,45
DA:73,140
DA:89,67
DA:92,67
DA:93,337
DA:94,219
DA:95,219
DA:99,118
DA:100,118
DA:103,118
DA:108,64
DA:111,54
DA:116,54
DA:117,45
DA:119,45
DA:128,2
DA:137,67
DA:142,67
LF:21
LH:21
BRDA:93,0,0,219
BRDA:103,1,0,64
BRDA:104,2,0,118
BRDA:104,2,1,118
BRDA:104,2,2,64
BRDA:132,3,0,2
BRDA:132,3,1,0
BRF:7
BRH:6
end_of_record
TN:
SF:src/stores/trader.ts
FN:52,fetchReserveBalance
FN:63,createStore
FN:67,(anonymous_2)
FN:96,(anonymous_3)
FN:106,(anonymous_4)
FN:118,(anonymous_5)
FN:124,(anonymous_6)
FN:131,(anonymous_7)
FN:141,(anonymous_8)
FNF:9
FNH:6
FNDA:114,fetchReserveBalance
FNDA:67,createStore
FNDA:329,(anonymous_2)
FNDA:0,(anonymous_3)
FNDA:4,(anonymous_4)
FNDA:4,(anonymous_5)
FNDA:0,(anonymous_6)
FNDA:9,(anonymous_7)
FNDA:0,(anonymous_8)
DA:38,67
DA:56,114
DA:57,98
DA:64,67
DA:67,67
DA:68,329
DA:69,219
DA:70,219
DA:74,110
DA:75,110
DA:78,110
DA:83,110
DA:84,110
DA:85,94
DA:87,94
DA:96,0
DA:104,67
DA:107,4
DA:108,4
DA:110,4
DA:111,0
DA:114,4
DA:116,4
DA:118,4
DA:124,0
DA:132,9
DA:133,9
DA:135,9
DA:136,0
DA:139,9
DA:141,0
DA:151,67
LF:32
LH:27
BRDA:68,0,0,219
BRDA:99,1,0,0
BRDA:99,1,1,0
BRDA:110,2,0,0
BRDA:110,3,0,4
BRDA:110,3,1,4
BRDA:127,4,0,0
BRDA:127,4,1,0
BRDA:135,5,0,0
BRDA:144,6,0,0
BRDA:144,6,1,0
BRF:11
BRH:3
end_of_record
TN:
SF:src/stores/vtho.ts
FN:32,createStore
FN:36,(anonymous_1)
FN:65,(anonymous_2)
FN:75,(anonymous_3)
FN:90,(anonymous_4)
FN:95,(anonymous_5)
FN:103,(anonymous_6)
FN:125,(anonymous_7)
FN:133,(anonymous_8)
FN:143,(anonymous_9)
FNF:10
FNH:7
FNDA:67,createStore
FNDA:329,(anonymous_1)
FNDA:0,(anonymous_2)
FNDA:5,(anonymous_3)
FNDA:4,(anonymous_4)
FNDA:0,(anonymous_5)
FNDA:4,(anonymous_6)
FNDA:1,(anonymous_7)
FNDA:11,(anonymous_8)
FNDA:0,(anonymous_9)
DA:21,67
DA:33,67
DA:36,67
DA:38,329
DA:39,219
DA:40,219
DA:44,110
DA:45,110
DA:47,110
DA:52,110
DA:57,90
DA:65,0
DA:73,67
DA:76,5
DA:77,5
DA:79,5
DA:80,0
DA:83,5
DA:85,5
DA:90,4
DA:95,0
DA:108,4
DA:109,4
DA:111,4
DA:112,0
DA:115,4
DA:117,4
DA:122,2
DA:123,1
DA:125,1
DA:134,11
DA:135,11
DA:137,11
DA:138,0
DA:141,11
DA:143,0
DA:153,67
LF:37
LH:31
BRDA:38,0,0,219
BRDA:68,1,0,0
BRDA:68,1,1,0
BRDA:79,2,0,0
BRDA:79,3,0,5
BRDA:79,3,1,5
BRDA:98,4,0,0
BRDA:98,4,1,0
BRDA:111,5,0,0
BRDA:111,6,0,4
BRDA:111,6,1,4
BRDA:128,7,0,1
BRDA:128,7,1,0
BRDA:137,8,0,0
BRDA:146,9,0,0
BRDA:146,9,1,0
BRF:16
BRH:6
end_of_record
TN:
SF:src/stores/wallet-modal.ts
FN:14,createStore
FN:19,(anonymous_1)
FN:22,(anonymous_2)
FNF:3
FNH:3
FNDA:67,createStore
FNDA:10,(anonymous_1)
FNDA:62,(anonymous_2)
DA:7,67
DA:15,67
DA:17,67
DA:20,10
DA:23,62
DA:28,67
LF:6
LH:6
BRF:0
BRH:0
end_of_record
TN:
SF:src/stores/wallet.ts
FN:42,createStore
FN:47,(anonymous_1)
FN:57,(anonymous_2)
FN:61,(anonymous_3)
FN:118,(anonymous_4)
FN:124,(anonymous_5)
FN:137,(anonymous_6)
FN:170,(anonymous_7)
FN:208,(anonymous_8)
FN:223,(anonymous_9)
FN:230,(anonymous_10)
FN:252,(anonymous_11)
FNF:12
FNH:10
FNDA:67,createStore
FNDA:2,(anonymous_1)
FNDA:6,(anonymous_2)
FNDA:6,(anonymous_3)
FNDA:3,(anonymous_4)
FNDA:67,(anonymous_5)
FNDA:54,(anonymous_6)
FNDA:67,(anonymous_7)
FNDA:15,(anonymous_8)
FNDA:0,(anonymous_9)
FNDA:8,(anonymous_10)
FNDA:0,(anonymous_11)
DA:31,67
DA:43,67
DA:45,67
DA:48,2
DA:51,2
DA:58,6
DA:59,6
DA:61,6
DA:68,6
DA:69,1
DA:72,5
DA:78,5
DA:80,5
DA:88,5
DA:91,2
DA:93,1
DA:96,1
DA:101,1
DA:112,2
DA:118,3
DA:125,67
DA:126,67
DA:128,67
DA:130,67
DA:132,54
DA:137,54
DA:143,54
DA:149,54
DA:153,54
DA:164,0
DA:170,67
DA:212,15
DA:213,15
DA:215,15
DA:216,0
DA:219,15
DA:221,15
DA:223,0
DA:233,8
DA:234,8
DA:236,8
DA:237,0
DA:240,8
DA:242,8
DA:248,8
DA:250,8
DA:252,0
DA:262,67
LF:48
LH:43
BRDA:68,0,0,1
BRDA:68,1,0,6
BRDA:68,1,1,1
BRDA:115,2,0,2
BRDA:115,2,1,0
BRDA:130,3,0,13
BRDA:167,4,0,0
BRDA:167,4,1,0
BRDA:215,5,0,0
BRDA:226,6,0,0
BRDA:226,6,1,0
BRDA:236,7,0,0
BRDA:255,8,0,0
BRDA:255,8,1,0
BRF:14
BRH:5
end_of_record
TN:
SF:src/typings/types.ts
FNF:0
FNH:0
LF:0
LH:0
BRF:0
BRH:0
end_of_record
TN:
SF:src/utils/seconds-to-dhms.ts
FN:1,secondsToDHMS
FNF:1
FNH:1
FNDA:140,secondsToDHMS
DA:2,140
DA:4,140
DA:5,140
DA:7,140
DA:8,140
DA:10,140
DA:11,140
DA:13,140
LF:8
LH:8
BRF:0
BRH:0
end_of_record
TN:
SF:src/utils/seconds-to-trigger.ts
FN:13,secondsToTrigger
FNF:1
FNH:1
FNDA:140,secondsToTrigger
DA:18,140
DA:21,140
DA:24,70
DA:27,70
DA:30,70
LF:5
LH:5
BRDA:21,0,0,70
BRDA:24,1,0,0
BRF:2
BRH:1
end_of_record
TN:
SF:src/utils/shorten-address.ts
FN:1,shortenAddress
FNF:1
FNH:1
FNDA:54,shortenAddress
DA:2,54
DA:3,54
DA:4,54
DA:5,54
DA:6,54
LF:5
LH:5
BRDA:4,0,0,0
BRF:1
BRH:0
end_of_record
TN:
SF:src/utils/time-since.ts
FNF:0
FNH:0
LF:0
LH:0
BRF:0
BRH:0
end_of_record
TN:
SF:src/utils/choose-solution/choose-solution.ts
FN:13,chooseSolution
FNF:1
FNH:1
FNDA:140,chooseSolution
DA:19,140
DA:23,140
DA:24,560
DA:25,149
DA:29,140
LF:5
LH:5
BRDA:24,0,0,149
BRF:1
BRH:1
end_of_record
TN:
SF:src/utils/expand-to-18-decimals/expand-to-18-decimals.test.ts
FNF:0
FNH:0
LF:0
LH:0
BRF:0
BRH:0
end_of_record
TN:
SF:src/utils/expand-to-18-decimals/expand-to-18-decimals.ts
FN:7,expandTo18Decimals
FNF:1
FNH:1
FNDA:54,expandTo18Decimals
DA:8,54
LF:1
LH:1
BRF:0
BRH:0
end_of_record
TN:
SF:src/utils/format-units/format-units.test.ts
FNF:0
FNH:0
LF:0
LH:0
BRF:0
BRH:0
end_of_record
TN:
SF:src/utils/format-units/format-units.ts
FN:10,formatUnits
FNF:1
FNH:1
FNDA:960,formatUnits
DA:11,960
DA:12,960
LF:2
LH:2
BRDA:12,0,0,554
BRDA:12,0,1,406
BRF:2
BRH:2
end_of_record
TN:
SF:src/utils/is-numeric/index.ts
FNF:0
FNH:0
LF:0
LH:0
BRF:0
BRH:0
end_of_record
TN:
SF:src/utils/is-numeric/is-numeric.test.ts
FNF:0
FNH:0
LF:0
LH:0
BRF:0
BRH:0
end_of_record
TN:
SF:src/utils/is-numeric/is-numeric.ts
FN:6,isNumeric
FNF:1
FNH:1
FNDA:15,isNumeric
DA:7,15
DA:8,15
LF:2
LH:2
BRDA:7,0,0,0
BRF:1
BRH:0
end_of_record
TN:
SF:src/utils/is-zero-or-empty/is-zero-or-empty.test.ts
FNF:0
FNH:0
LF:0
LH:0
BRF:0
BRH:0
end_of_record
TN:
SF:src/utils/is-zero-or-empty/is-zero-or-empty.ts
FN:8,isZeroOrEmpty
FNF:1
FNH:1
FNDA:185,isZeroOrEmpty
DA:9,185
LF:1
LH:1
BRDA:9,0,0,185
BRDA:9,0,1,56
BRF:2
BRH:2
end_of_record
TN:
SF:src/utils/truncate-decimal-string/truncate-decimal-string.test.ts
FNF:0
FNH:0
LF:0
LH:0
BRF:0
BRH:0
end_of_record
TN:
SF:src/utils/truncate-decimal-string/truncate-decimal-string.ts
FN:7,truncateDecimalString
FNF:1
FNH:1
FNDA:554,truncateDecimalString
DA:8,554
DA:10,554
DA:11,0
DA:14,554
DA:16,554
DA:17,168
DA:20,386
LF:7
LH:6
BRDA:10,0,0,0
BRDA:16,1,0,168
BRF:2
BRH:1
end_of_record
